2025-06-02 16:29:42,161 - chat_routes - INFO - 채팅 히스토리 조회 시작
2025-06-02 16:29:42,229 - chat_routes - INFO - 채팅 히스토리 조회 완료: 10개 항목
2025-06-02 16:30:35,089 - chat_routes - INFO - 채팅 히스토리 조회 시작
2025-06-02 16:30:35,122 - chat_routes - INFO - 채팅 히스토리 조회 완료: 10개 항목
2025-06-02 16:31:55,057 - chat_routes - INFO - 채팅 히스토리 조회 시작
2025-06-02 16:31:55,079 - chat_routes - INFO - 채팅 히스토리 조회 완료: 10개 항목
2025-06-02 16:31:59,652 - chat_routes - INFO - 채팅 히스토리 조회 시작
2025-06-02 16:31:59,733 - chat_routes - INFO - 채팅 히스토리 조회 완료: 10개 항목
2025-06-02 16:33:20,776 - chat_routes - INFO - 채팅 히스토리 조회 시작
2025-06-02 16:33:20,779 - chat_routes - INFO - 채팅 히스토리 조회 시작
2025-06-02 16:33:20,806 - chat_routes - INFO - 채팅 히스토리 조회 완료: 10개 항목
2025-06-02 16:33:20,812 - chat_routes - INFO - 채팅 히스토리 조회 완료: 10개 항목
2025-06-02 16:33:20,821 - chat_routes - INFO - 채팅 히스토리 조회 시작
2025-06-02 16:33:20,871 - chat_routes - INFO - 채팅 히스토리 조회 완료: 10개 항목
2025-06-02 16:33:27,755 - chat_routes - INFO - 채팅 히스토리 조회 시작
2025-06-02 16:33:27,789 - chat_routes - INFO - 채팅 히스토리 조회 완료: 10개 항목
2025-06-02 16:33:40,348 - chat_routes - INFO - 벡터 검색 결과: {'pattern_id': 22, 'pattern_text': '문의', 'response': '문의하기 페이지로 이동하시겠습니까?', 'pattern_type': 'static', 'response_type': 'text', 'route_code': 'ABOUT', 'intent_tag': 'about', 'similarity_score': 1.150757673222483}
2025-06-02 16:33:47,429 - chat_routes - INFO - 벡터 검색 결과: {'pattern_id': 38, 'pattern_text': '영우랩스 조직도 알려줘', 'response': '조직도를 확인하시겠습니까?', 'pattern_type': 'static', 'response_type': 'text', 'route_code': 'ABOUT', 'intent_tag': 'about', 'similarity_score': 1.059468022239257}
2025-06-02 16:34:14,798 - chat_routes - INFO - 벡터 검색 결과: {'pattern_id': 35, 'pattern_text': '영우랩스 조직정보', 'response': '조직도를 확인하시겠습니까?', 'pattern_type': 'static', 'response_type': 'dynamic', 'route_code': None, 'intent_tag': 'employee_info', 'similarity_score': 0.957244888817817}
2025-06-02 16:59:05,985 - chat_routes - INFO - 벡터 검색 결과: {'pattern_id': 35, 'pattern_text': '영우랩스 조직정보', 'response': '조직도를 확인하시겠습니까?', 'pattern_type': 'static', 'response_type': 'dynamic', 'route_code': None, 'intent_tag': 'employee_info', 'similarity_score': 0.9673802217515913}
2025-06-02 16:59:19,340 - chat_routes - INFO - 벡터 검색 결과: {'pattern_id': 35, 'pattern_text': '영우랩스 조직정보', 'response': '조직도를 확인하시겠습니까?', 'pattern_type': 'static', 'response_type': 'dynamic', 'route_code': None, 'intent_tag': 'employee_info', 'similarity_score': 0.9054389661892306}
2025-06-02 17:13:58,134 - chat_routes - INFO - 벡터 검색 결과: {'pattern_id': 33, 'pattern_text': '영우랩스 조직도', 'response': '조직도를 확인하시겠습니까?', 'pattern_type': 'static', 'response_type': 'dynamic', 'route_code': None, 'intent_tag': 'employee_info', 'similarity_score': 1.2000000000000002}
2025-06-02 17:14:03,445 - chat_routes - INFO - 벡터 검색 결과: {'pattern_id': 35, 'pattern_text': '영우랩스 조직정보', 'response': '조직도를 확인하시겠습니까?', 'pattern_type': 'static', 'response_type': 'dynamic', 'route_code': None, 'intent_tag': 'employee_info', 'similarity_score': 1.2000000000000002}
2025-06-02 17:14:24,203 - chat_routes - INFO - 벡터 검색 결과: {'pattern_id': 33, 'pattern_text': '영우랩스 조직도', 'response': '조직도를 확인하시겠습니까?', 'pattern_type': 'static', 'response_type': 'dynamic', 'route_code': None, 'intent_tag': 'employee_info', 'similarity_score': 1.2000000000000002}
2025-06-02 17:14:34,145 - chat_routes - INFO - 벡터 검색 결과: {'pattern_id': 38, 'pattern_text': '영우랩스 조직도 알려줘', 'response': '조직도를 확인하시겠습니까?', 'pattern_type': 'static', 'response_type': 'text', 'route_code': 'ABOUT', 'intent_tag': 'about', 'similarity_score': 1.2000000000000002}
2025-06-02 17:14:38,329 - chat_routes - INFO - 채팅 히스토리 조회 시작
2025-06-02 17:14:38,341 - chat_routes - INFO - 채팅 히스토리 조회 완료: 10개 항목
2025-06-02 17:14:47,726 - chat_routes - INFO - 벡터 검색 결과: {'pattern_id': 4, 'pattern_text': '조직도', 'response': '조직도를 확인하시겠습니까?', 'pattern_type': 'static', 'response_type': 'text', 'route_code': 'ORG_CHART', 'intent_tag': 'organization', 'similarity_score': 1.0}
2025-06-02 17:15:26,685 - chat_routes - INFO - 벡터 검색 결과: {'pattern_id': 37, 'pattern_text': '영우랩스 조직도 확인', 'response': '조직도를 확인하시겠습니까?', 'pattern_type': 'static', 'response_type': 'text', 'route_code': 'ABOUT', 'intent_tag': 'about', 'similarity_score': 1.2}
2025-06-02 17:18:26,468 - chat_routes - INFO - 채팅 히스토리 조회 시작
2025-06-02 17:18:26,471 - chat_routes - INFO - 채팅 히스토리 조회 시작
2025-06-02 17:18:26,491 - chat_routes - INFO - 채팅 히스토리 조회 완료: 10개 항목
2025-06-02 17:18:26,492 - chat_routes - INFO - 채팅 히스토리 조회 완료: 10개 항목
2025-06-02 17:18:41,503 - chat_routes - INFO - 벡터 검색 결과: {'pattern_id': 33, 'pattern_text': '영우랩스 조직도', 'response': '조직도를 확인하시겠습니까?', 'pattern_type': 'static', 'response_type': 'dynamic', 'route_code': None, 'intent_tag': 'employee_info', 'similarity_score': 1.2000000000000002}
2025-06-02 17:25:07,120 - chat_routes - INFO - 벡터 검색 결과: {'pattern_id': 38, 'pattern_text': '영우랩스 조직도 알려줘', 'response': '조직도를 확인하시겠습니까?', 'pattern_type': 'static', 'response_type': 'text', 'route_code': 'ABOUT', 'intent_tag': 'about', 'similarity_score': 1.1383300292298244}
2025-06-02 17:27:34,834 - chat_routes - INFO - 벡터 검색 결과: {'pattern_id': 35, 'pattern_text': '영우랩스 조직정보', 'response': '조직도를 확인하시겠습니까?', 'pattern_type': 'static', 'response_type': 'dynamic', 'route_code': None, 'intent_tag': 'employee_info', 'similarity_score': 0.7852494716479531}
2025-06-02 17:30:24,743 - chat_routes - INFO - 벡터 검색 결과: {'pattern_id': 30, 'pattern_text': 'ESG 준법', 'response': '준법경영 안내 페이지로 이동하시겠습니까?', 'pattern_type': 'dynamic', 'response_type': 'dynamic', 'route_code': None, 'intent_tag': 'employee_info', 'similarity_score': 1.0085230026282912}
2025-06-02 17:51:09,700 - chat_routes - INFO - 벡터 검색 결과: {'pattern_id': 35, 'pattern_text': '영우랩스 조직정보', 'response': '조직도를 확인하시겠습니까?', 'pattern_type': 'static', 'response_type': 'dynamic', 'route_code': None, 'intent_tag': 'employee_info', 'similarity_score': 0.868279178330455}
2025-06-02 17:51:30,812 - chat_routes - INFO - 벡터 검색 결과: {'pattern_id': 22, 'pattern_text': '문의', 'response': '문의하기 페이지로 이동하시겠습니까?', 'pattern_type': 'static', 'response_type': 'text', 'route_code': 'ABOUT', 'intent_tag': 'about', 'similarity_score': 1.1043048480985427}
2025-06-02 17:51:39,569 - chat_routes - INFO - 벡터 검색 결과: {'pattern_id': 14, 'pattern_text': '준법', 'response': '준법경영 정보를 확인하시겠습니까?', 'pattern_type': 'static', 'response_type': 'text', 'route_code': 'VAC_CAL', 'intent_tag': 'vacation', 'similarity_score': 0.503416139172508}
2025-06-02 17:57:26,448 - chat_routes - INFO - 채팅 히스토리 조회 시작
2025-06-02 17:57:26,495 - chat_routes - INFO - 채팅 히스토리 조회 완료: 10개 항목
2025-06-02 17:57:40,841 - chat_routes - INFO - 벡터 검색 결과: {'pattern_id': 35, 'pattern_text': '영우랩스 조직정보', 'response': '조직도를 확인하시겠습니까?', 'pattern_type': 'static', 'response_type': 'dynamic', 'route_code': None, 'intent_tag': 'employee_info', 'similarity_score': 0.6714508334952057}
2025-06-02 17:59:51,064 - chat_routes - INFO - 채팅 히스토리 조회 시작
2025-06-02 17:59:51,107 - chat_routes - INFO - 채팅 히스토리 조회 완료: 10개 항목
2025-06-02 18:00:01,388 - chat_routes - INFO - 벡터 검색 결과: {'pattern_id': 35, 'pattern_text': '영우랩스 조직정보', 'response': '조직도를 확인하시겠습니까?', 'pattern_type': 'static', 'response_type': 'dynamic', 'route_code': None, 'intent_tag': 'employee_info', 'similarity_score': 0.32931687399078763}
2025-06-02 18:00:38,959 - chat_routes - INFO - 벡터 검색 결과: {'pattern_id': 35, 'pattern_text': '영우랩스 조직정보', 'response': '조직도를 확인하시겠습니까?', 'pattern_type': 'static', 'response_type': 'dynamic', 'route_code': None, 'intent_tag': 'employee_info', 'similarity_score': 1.0192776077311108}
2025-06-02 18:00:43,021 - chat_routes - INFO - 벡터 검색 결과: {'pattern_id': 35, 'pattern_text': '영우랩스 조직정보', 'response': '조직도를 확인하시겠습니까?', 'pattern_type': 'static', 'response_type': 'dynamic', 'route_code': None, 'intent_tag': 'employee_info', 'similarity_score': 0.957244888817817}
2025-06-02 18:00:49,245 - chat_routes - INFO - 벡터 검색 결과: {'pattern_id': 33, 'pattern_text': '영우랩스 조직도', 'response': '조직도를 확인하시겠습니까?', 'pattern_type': 'static', 'response_type': 'dynamic', 'route_code': None, 'intent_tag': 'employee_info', 'similarity_score': 1.2000000000000002}
2025-06-02 18:01:26,627 - chat_routes - INFO - 벡터 검색 결과: {'pattern_id': 38, 'pattern_text': '영우랩스 조직도 알려줘', 'response': '조직도를 확인하시겠습니까?', 'pattern_type': 'static', 'response_type': 'text', 'route_code': 'ABOUT', 'intent_tag': 'about', 'similarity_score': 1.1383300292298244}
2025-06-02 18:07:07,057 - chat_routes - INFO - 채팅 히스토리 조회 시작
2025-06-02 18:07:07,089 - chat_routes - INFO - 채팅 히스토리 조회 완료: 10개 항목
2025-06-02 18:07:47,246 - chat_routes - INFO - 벡터 검색 결과: {'pattern_id': 38, 'pattern_text': '영우랩스 조직도 알려줘', 'response': '조직도를 확인하시겠습니까?', 'pattern_type': 'static', 'response_type': 'text', 'route_code': 'ABOUT', 'intent_tag': 'about', 'similarity_score': 0.5611247498039227}
2025-06-02 18:10:58,094 - chat_routes - INFO - 벡터 검색 결과: {'pattern_id': 22, 'pattern_text': '문의', 'response': '문의하기 페이지로 이동하시겠습니까?', 'pattern_type': 'static', 'response_type': 'text', 'route_code': 'ABOUT', 'intent_tag': 'about', 'similarity_score': 0.9586815718933657}
2025-06-02 18:13:23,974 - chat_routes - INFO - 벡터 검색 결과: {'pattern_id': 30, 'pattern_text': 'ESG 준법', 'response': '준법경영 안내 페이지로 이동하시겠습니까?', 'pattern_type': 'dynamic', 'response_type': 'dynamic', 'route_code': None, 'intent_tag': 'employee_info', 'similarity_score': 1.0085230026282912}
2025-06-02 18:13:35,115 - chat_routes - INFO - 벡터 검색 결과: {'pattern_id': 22, 'pattern_text': '문의', 'response': '문의하기 페이지로 이동하시겠습니까?', 'pattern_type': 'static', 'response_type': 'text', 'route_code': 'ABOUT', 'intent_tag': 'about', 'similarity_score': 1.0586603224250237}
2025-06-02 18:15:43,687 - chat_routes - INFO - 벡터 검색 결과: {'pattern_id': 8, 'pattern_text': '연차', 'response': '휴가 정보를 확인하시겠습니까?', 'pattern_type': 'static', 'response_type': 'text', 'route_code': 'ORG_CHART', 'intent_tag': 'organization', 'similarity_score': 1.0999999999999999}
2025-06-02 18:18:04,180 - chat_routes - INFO - 채팅 히스토리 조회 시작
2025-06-02 18:18:04,203 - chat_routes - INFO - 채팅 히스토리 조회 완료: 10개 항목
2025-06-02 18:18:07,204 - chat_routes - INFO - 벡터 검색 결과: {'pattern_id': 35, 'pattern_text': '영우랩스 조직정보', 'response': '조직도를 확인하시겠습니까?', 'pattern_type': 'static', 'response_type': 'dynamic', 'route_code': None, 'intent_tag': 'employee_info', 'similarity_score': 0.7614393716419524}
2025-06-02 18:22:52,232 - chat_routes - INFO - 채팅 히스토리 조회 시작
2025-06-02 18:22:52,260 - chat_routes - INFO - 채팅 히스토리 조회 완료: 10개 항목
2025-06-02 18:23:02,439 - chat_routes - INFO - 벡터 검색 결과: {'pattern_id': 35, 'pattern_text': '영우랩스 조직정보', 'response': '조직도를 확인하시겠습니까?', 'pattern_type': 'static', 'response_type': 'dynamic', 'route_code': None, 'intent_tag': 'employee_info', 'similarity_score': 0.7614393716419524}
2025-06-02 18:28:12,896 - chat_routes - INFO - 벡터 검색 결과: {'pattern_id': 36, 'pattern_text': '영우랩스 조직도 보여줘', 'response': '조직도를 확인하시겠습니까?', 'pattern_type': 'static', 'response_type': 'dynamic', 'route_code': None, 'intent_tag': 'employee_info', 'similarity_score': 1.1214751395346334}
2025-06-02 18:28:29,189 - chat_routes - INFO - 벡터 검색 결과: {'pattern_id': 5, 'pattern_text': '조직 구조', 'response': '조직도를 확인하시겠습니까?', 'pattern_type': 'static', 'response_type': 'text', 'route_code': 'ORG_CHART', 'intent_tag': 'organization', 'similarity_score': 0.9999999999999999}
2025-06-02 18:28:37,750 - chat_routes - INFO - 벡터 검색 결과: {'pattern_id': 36, 'pattern_text': '영우랩스 조직도 보여줘', 'response': '조직도를 확인하시겠습니까?', 'pattern_type': 'static', 'response_type': 'dynamic', 'route_code': None, 'intent_tag': 'employee_info', 'similarity_score': 1.0874167173208338}
2025-06-02 18:31:27,304 - chat_routes - INFO - 벡터 검색 결과: {'pattern_id': 52, 'pattern_text': '영우랩스 주소가 어디야?', 'response': '영우랩스의 주소는 서울특별시 강남구 ... 입니다.', 'pattern_type': 'static', 'response_type': 'text', 'route_code': None, 'intent_tag': 'company_location', 'similarity_score': 1.0}
2025-06-02 18:32:21,477 - chat_routes - INFO - 벡터 검색 결과: {'pattern_id': 48, 'pattern_text': '대표이사 소개해줘', 'response': '영우랩스의 대표이사는 조정현입니다. 풍부한 경험과 리더십으로 회사를 이끌고 있습니다.', 'pattern_type': 'static', 'response_type': 'text', 'route_code': None, 'intent_tag': 'ceo_intro', 'similarity_score': 1.0491127108730283}
2025-06-02 18:32:28,546 - chat_routes - INFO - 벡터 검색 결과: {'pattern_id': 39, 'pattern_text': '영우랩스 {name} 정보', 'response': '{employee.name}님의 정보입니다:\n직책: {employee.position}\n부서: {employee.dept_nm}\n이메일: {employee.email}\n연락처: {employee.phone}', 'pattern_type': 'static', 'response_type': 'text', 'route_code': 'ABOUT', 'intent_tag': 'about', 'similarity_score': 0.8010978138877184}
2025-06-02 18:32:46,333 - chat_routes - INFO - 벡터 검색 결과: {'pattern_id': 48, 'pattern_text': '대표이사 소개해줘', 'response': '영우랩스의 대표이사는 조정현입니다. 풍부한 경험과 리더십으로 회사를 이끌고 있습니다.', 'pattern_type': 'static', 'response_type': 'text', 'route_code': None, 'intent_tag': 'ceo_intro', 'similarity_score': 1.0749797527498117}
