2025-05-30 17:53:26,593 - chat_routes - ERROR - Error in chat endpoint: name 're' is not defined
2025-05-30 17:53:36,323 - chat_routes - ERROR - Error in chat endpoint: name 're' is not defined
2025-05-30 17:55:58,368 - chat_routes - ERROR - Error in chat history endpoint: (1054, "Unknown column 'response_type' in 'field list'")
2025-05-30 17:59:42,981 - chat_routes - INFO - 채팅 히스토리 조회 시작
2025-05-30 17:59:43,002 - chat_routes - INFO - 채팅 히스토리 조회 완료: 1개 항목
2025-05-30 18:01:48,421 - chat_routes - INFO - 채팅 히스토리 조회 시작
2025-05-30 18:01:48,461 - chat_routes - INFO - 채팅 히스토리 조회 완료: 2개 항목
2025-05-30 18:01:48,768 - chat_routes - ERROR - Error in chat endpoint: 'intent_tag'
2025-05-30 18:03:20,611 - chat_routes - INFO - 채팅 히스토리 조회 시작
2025-05-30 18:03:20,634 - chat_routes - INFO - 채팅 히스토리 조회 완료: 2개 항목
2025-05-30 18:03:20,731 - chat_routes - INFO - 벡터 검색 결과: {'pattern_id': 16, 'pattern_text': '회사 소개', 'response': '회사 소개 페이지로 이동하시겠습니까?', 'pattern_type': 'static', 'response_type': 'text', 'route_code': 'ABOUT', 'similarity_score': 0.9761395169971948}
2025-05-30 18:03:20,760 - chat_routes - ERROR - Error in chat endpoint: 'intent_tag'
Traceback (most recent call last):
  File "D:\Develop\workspace-ywlabs\backend\routes\chat_routes.py", line 138, in chat
    similar_question['intent_tag'] if similar_question else None,
    ~~~~~~~~~~~~~~~~^^^^^^^^^^^^^^
KeyError: 'intent_tag'
2025-05-30 18:04:31,210 - chat_routes - INFO - 벡터 검색 결과: {'pattern_id': 16, 'pattern_text': '회사 소개', 'response': '회사 소개 페이지로 이동하시겠습니까?', 'pattern_type': 'static', 'response_type': 'text', 'route_code': 'ABOUT', 'similarity_score': 0.9761395169971948}
2025-05-30 18:04:48,627 - chat_routes - INFO - 채팅 히스토리 조회 시작
2025-05-30 18:04:48,658 - chat_routes - INFO - 채팅 히스토리 조회 완료: 3개 항목
2025-05-30 18:05:00,295 - chat_routes - INFO - 벡터 검색 결과: {'pattern_id': 16, 'pattern_text': '회사 소개', 'response': '회사 소개 페이지로 이동하시겠습니까?', 'pattern_type': 'static', 'response_type': 'text', 'route_code': 'ABOUT', 'similarity_score': 0.9761395169971948}
2025-05-30 18:06:39,334 - chat_routes - INFO - 채팅 히스토리 조회 시작
2025-05-30 18:06:39,357 - chat_routes - INFO - 채팅 히스토리 조회 완료: 4개 항목
2025-05-30 18:07:07,739 - chat_routes - INFO - 채팅 히스토리 조회 시작
2025-05-30 18:07:07,764 - chat_routes - INFO - 채팅 히스토리 조회 완료: 4개 항목
2025-05-30 18:08:30,887 - chat_routes - INFO - 채팅 히스토리 조회 시작
2025-05-30 18:08:30,907 - chat_routes - INFO - 채팅 히스토리 조회 완료: 4개 항목
2025-05-30 18:09:33,839 - chat_routes - INFO - 채팅 히스토리 조회 시작
2025-05-30 18:09:33,860 - chat_routes - INFO - 채팅 히스토리 조회 완료: 4개 항목
2025-05-30 18:10:07,602 - chat_routes - INFO - 채팅 히스토리 조회 시작
2025-05-30 18:10:07,651 - chat_routes - INFO - 채팅 히스토리 조회 완료: 4개 항목
2025-05-30 18:11:08,202 - chat_routes - INFO - 채팅 히스토리 조회 시작
2025-05-30 18:11:08,424 - chat_routes - INFO - 채팅 히스토리 조회 완료: 4개 항목
2025-05-30 18:11:58,238 - chat_routes - INFO - 채팅 히스토리 조회 시작
2025-05-30 18:11:58,306 - chat_routes - INFO - 채팅 히스토리 조회 완료: 4개 항목
2025-05-30 18:12:55,866 - chat_routes - INFO - 채팅 히스토리 조회 시작
2025-05-30 18:12:55,884 - chat_routes - INFO - 채팅 히스토리 조회 완료: 4개 항목
2025-05-30 18:13:40,270 - chat_routes - INFO - 채팅 히스토리 조회 시작
2025-05-30 18:13:40,297 - chat_routes - INFO - 채팅 히스토리 조회 완료: 4개 항목
2025-05-30 18:13:50,098 - chat_routes - INFO - 채팅 히스토리 조회 시작
2025-05-30 18:13:50,132 - chat_routes - INFO - 채팅 히스토리 조회 완료: 4개 항목
2025-05-30 18:15:48,180 - chat_routes - INFO - 채팅 히스토리 조회 시작
2025-05-30 18:15:48,204 - chat_routes - INFO - 채팅 히스토리 조회 완료: 4개 항목
2025-05-30 18:18:42,541 - chat_routes - INFO - 채팅 히스토리 조회 시작
2025-05-30 18:18:42,651 - chat_routes - INFO - 채팅 히스토리 조회 완료: 4개 항목
2025-05-30 18:19:10,014 - chat_routes - INFO - 채팅 히스토리 조회 시작
2025-05-30 18:19:10,052 - chat_routes - INFO - 채팅 히스토리 조회 완료: 4개 항목
2025-05-30 18:20:02,165 - chat_routes - INFO - 채팅 히스토리 조회 시작
2025-05-30 18:20:02,184 - chat_routes - INFO - 채팅 히스토리 조회 완료: 4개 항목
2025-05-30 18:20:20,497 - chat_routes - INFO - 채팅 히스토리 조회 시작
2025-05-30 18:20:20,518 - chat_routes - INFO - 채팅 히스토리 조회 완료: 4개 항목
2025-05-30 18:21:00,563 - chat_routes - INFO - 채팅 히스토리 조회 시작
2025-05-30 18:21:00,577 - chat_routes - INFO - 채팅 히스토리 조회 완료: 4개 항목
2025-05-30 18:21:08,487 - chat_routes - INFO - 채팅 히스토리 조회 시작
2025-05-30 18:21:08,514 - chat_routes - INFO - 채팅 히스토리 조회 완료: 4개 항목
2025-05-30 18:22:23,802 - chat_routes - INFO - 채팅 히스토리 조회 시작
2025-05-30 18:22:23,885 - chat_routes - INFO - 채팅 히스토리 조회 완료: 4개 항목
2025-05-30 18:22:59,064 - chat_routes - INFO - 채팅 히스토리 조회 시작
2025-05-30 18:22:59,107 - chat_routes - INFO - 채팅 히스토리 조회 완료: 4개 항목
2025-05-30 18:23:28,439 - chat_routes - INFO - 벡터 검색 결과: {'pattern_id': 10, 'pattern_text': 'ESG', 'response': 'ESG 경영 정보를 확인하시겠습니까?', 'pattern_type': 'static', 'response_type': 'text', 'route_code': 'ESG_INFO', 'similarity_score': 0.896858590218502}
2025-05-30 18:23:46,460 - chat_routes - INFO - 채팅 히스토리 조회 시작
2025-05-30 18:23:46,478 - chat_routes - INFO - 채팅 히스토리 조회 완료: 5개 항목
2025-05-30 18:23:53,913 - chat_routes - INFO - 벡터 검색 결과: {'pattern_id': 10, 'pattern_text': 'ESG', 'response': 'ESG 경영 정보를 확인하시겠습니까?', 'pattern_type': 'static', 'response_type': 'text', 'route_code': 'ESG_INFO', 'similarity_score': 0.896858590218502}
2025-05-30 18:24:23,738 - chat_routes - INFO - 채팅 히스토리 조회 시작
2025-05-30 18:24:23,763 - chat_routes - INFO - 채팅 히스토리 조회 완료: 6개 항목
2025-05-30 18:24:32,271 - chat_routes - INFO - 벡터 검색 결과: {'pattern_id': 10, 'pattern_text': 'ESG', 'response': 'ESG 경영 정보를 확인하시겠습니까?', 'pattern_type': 'static', 'response_type': 'text', 'route_code': 'ESG_INFO', 'similarity_score': 0.896858590218502}
2025-05-30 18:25:09,401 - chat_routes - INFO - 채팅 히스토리 조회 시작
2025-05-30 18:25:09,462 - chat_routes - INFO - 채팅 히스토리 조회 완료: 7개 항목
2025-05-30 18:25:21,449 - chat_routes - INFO - 벡터 검색 결과: {'pattern_id': 10, 'pattern_text': 'ESG', 'response': 'ESG 경영 정보를 확인하시겠습니까?', 'pattern_type': 'static', 'response_type': 'text', 'route_code': 'ESG_INFO', 'similarity_score': 0.896858590218502}
2025-05-30 18:25:30,155 - chat_routes - INFO - 벡터 검색 결과: {'pattern_id': 22, 'pattern_text': '문의', 'response': '문의하기 페이지로 이동하시겠습니까?', 'pattern_type': 'static', 'response_type': 'text', 'route_code': 'CONTACT', 'similarity_score': 0.8480733631998362}
2025-05-30 18:26:44,471 - chat_routes - INFO - 채팅 히스토리 조회 시작
2025-05-30 18:26:44,557 - chat_routes - INFO - 채팅 히스토리 조회 완료: 9개 항목
2025-05-30 18:26:50,715 - chat_routes - INFO - 채팅 히스토리 조회 시작
2025-05-30 18:26:51,231 - chat_routes - INFO - 채팅 히스토리 조회 완료: 9개 항목
2025-05-30 18:27:07,443 - chat_routes - INFO - 벡터 검색 결과: {'pattern_id': 10, 'pattern_text': 'ESG', 'response': 'ESG 경영 정보를 확인하시겠습니까?', 'pattern_type': 'static', 'response_type': 'text', 'route_code': 'ESG_INFO', 'similarity_score': 0.896858590218502}
2025-05-30 18:28:43,967 - chat_routes - INFO - 채팅 히스토리 조회 시작
2025-05-30 18:28:43,986 - chat_routes - INFO - 채팅 히스토리 조회 완료: 10개 항목
2025-05-30 18:28:55,440 - chat_routes - INFO - 벡터 검색 결과: {'pattern_id': 10, 'pattern_text': 'ESG', 'response': 'ESG 경영 정보를 확인하시겠습니까?', 'pattern_type': 'static', 'response_type': 'text', 'route_code': 'ESG_INFO', 'similarity_score': 0.896858590218502}
2025-05-30 18:29:29,811 - chat_routes - INFO - 채팅 히스토리 조회 시작
2025-05-30 18:29:29,851 - chat_routes - INFO - 채팅 히스토리 조회 완료: 10개 항목
2025-05-30 18:29:41,204 - chat_routes - INFO - 벡터 검색 결과: {'pattern_id': 24, 'pattern_text': '영우랩스 {name} 정보', 'response': '{employee.name}님의 정보입니다:\n직책: {employee.position}\n부서: {employee.dept_nm}\n이메일: {employee.email}\n연락처: {employee.phone}', 'pattern_type': 'dynamic', 'response_type': 'dynamic', 'route_code': None, 'similarity_score': 0.7581822556798035}
2025-05-30 18:31:26,994 - chat_routes - INFO - 채팅 히스토리 조회 시작
2025-05-30 18:31:27,025 - chat_routes - INFO - 채팅 히스토리 조회 완료: 10개 항목
2025-05-30 18:32:46,042 - chat_routes - INFO - 채팅 히스토리 조회 시작
2025-05-30 18:32:46,102 - chat_routes - INFO - 채팅 히스토리 조회 완료: 10개 항목
2025-05-30 18:33:13,755 - chat_routes - INFO - 채팅 히스토리 조회 시작
2025-05-30 18:33:13,773 - chat_routes - INFO - 채팅 히스토리 조회 완료: 10개 항목
2025-05-30 18:33:26,778 - chat_routes - INFO - 채팅 히스토리 조회 시작
2025-05-30 18:33:26,817 - chat_routes - INFO - 채팅 히스토리 조회 완료: 10개 항목
2025-05-30 18:33:35,638 - chat_routes - INFO - 벡터 검색 결과: {'pattern_id': 16, 'pattern_text': '회사 소개', 'response': '회사 소개 페이지로 이동하시겠습니까?', 'pattern_type': 'static', 'response_type': 'text', 'route_code': 'ABOUT', 'similarity_score': 0.9761395169971948}
2025-05-30 18:34:06,696 - chat_routes - INFO - 벡터 검색 결과: {'pattern_id': 14, 'pattern_text': '준법', 'response': '준법경영 정보를 확인하시겠습니까?', 'pattern_type': 'static', 'response_type': 'text', 'route_code': 'CMP_INFO', 'similarity_score': 0.5031804245126293}
2025-05-30 18:36:23,787 - chat_routes - INFO - 채팅 히스토리 조회 시작
2025-05-30 18:36:23,829 - chat_routes - INFO - 채팅 히스토리 조회 완료: 10개 항목
2025-05-30 18:38:22,833 - chat_routes - INFO - 채팅 히스토리 조회 시작
2025-05-30 18:38:22,858 - chat_routes - INFO - 채팅 히스토리 조회 완료: 10개 항목
2025-05-30 18:38:29,013 - chat_routes - INFO - 벡터 검색 결과: {'pattern_id': 16, 'pattern_text': '회사 소개', 'response': '회사 소개 페이지로 이동하시겠습니까?', 'pattern_type': 'static', 'response_type': 'text', 'route_code': 'ABOUT', 'similarity_score': 0.9761395169971948}
2025-05-30 18:38:38,052 - chat_routes - INFO - 벡터 검색 결과: {'pattern_id': 22, 'pattern_text': '문의', 'response': '문의하기 페이지로 이동하시겠습니까?', 'pattern_type': 'static', 'response_type': 'text', 'route_code': 'CONTACT', 'similarity_score': 0.6953017936924958}
2025-05-30 18:47:14,414 - chat_routes - INFO - 채팅 히스토리 조회 시작
2025-05-30 18:47:14,477 - chat_routes - INFO - 채팅 히스토리 조회 완료: 10개 항목
2025-05-30 18:50:01,110 - chat_routes - INFO - 채팅 히스토리 조회 시작
2025-05-30 18:50:01,137 - chat_routes - INFO - 채팅 히스토리 조회 완료: 10개 항목
2025-05-30 18:50:09,121 - chat_routes - INFO - 채팅 히스토리 조회 시작
2025-05-30 18:50:09,137 - chat_routes - INFO - 채팅 히스토리 조회 완료: 10개 항목
2025-05-30 18:54:34,413 - chat_routes - INFO - 채팅 히스토리 조회 시작
2025-05-30 18:54:34,433 - chat_routes - INFO - 채팅 히스토리 조회 완료: 10개 항목
2025-05-30 18:56:11,091 - chat_routes - INFO - 채팅 히스토리 조회 시작
2025-05-30 18:56:11,106 - chat_routes - INFO - 채팅 히스토리 조회 완료: 10개 항목
2025-05-30 18:56:16,522 - chat_routes - INFO - 벡터 검색 결과: {'pattern_id': 22, 'pattern_text': '문의', 'response': '문의하기 페이지로 이동하시겠습니까?', 'pattern_type': 'static', 'response_type': 'text', 'route_code': 'CONTACT', 'similarity_score': 0.6953017936924958}
2025-05-30 18:56:19,943 - chat_routes - INFO - 채팅 히스토리 조회 시작
2025-05-30 18:56:19,962 - chat_routes - INFO - 채팅 히스토리 조회 완료: 10개 항목
2025-05-30 18:56:27,628 - chat_routes - INFO - 벡터 검색 결과: {'pattern_id': 4, 'pattern_text': '조직도', 'response': '조직도를 확인하시겠습니까?', 'pattern_type': 'static', 'response_type': 'text', 'route_code': 'ORG_CHART', 'similarity_score': 0.7833073844217042}
2025-05-30 18:57:57,296 - chat_routes - INFO - 채팅 히스토리 조회 시작
2025-05-30 18:57:57,323 - chat_routes - INFO - 채팅 히스토리 조회 완료: 10개 항목
2025-05-30 18:58:01,380 - chat_routes - INFO - 채팅 히스토리 조회 시작
2025-05-30 18:58:01,396 - chat_routes - INFO - 채팅 히스토리 조회 완료: 10개 항목
2025-05-30 18:58:05,811 - chat_routes - INFO - 채팅 히스토리 조회 시작
2025-05-30 18:58:05,828 - chat_routes - INFO - 채팅 히스토리 조회 완료: 10개 항목
2025-05-30 18:58:19,294 - chat_routes - INFO - 채팅 히스토리 조회 시작
2025-05-30 18:58:19,331 - chat_routes - INFO - 채팅 히스토리 조회 완료: 10개 항목
2025-05-30 18:58:31,047 - chat_routes - INFO - 채팅 히스토리 조회 시작
2025-05-30 18:58:31,088 - chat_routes - INFO - 채팅 히스토리 조회 완료: 10개 항목
2025-05-30 18:58:37,179 - chat_routes - INFO - 벡터 검색 결과: {'pattern_id': 22, 'pattern_text': '문의', 'response': '문의하기 페이지로 이동하시겠습니까?', 'pattern_type': 'static', 'response_type': 'text', 'route_code': 'CONTACT', 'similarity_score': 0.6953017936924958}
2025-05-30 18:58:38,834 - chat_routes - INFO - 채팅 히스토리 조회 시작
2025-05-30 18:58:38,877 - chat_routes - INFO - 채팅 히스토리 조회 완료: 10개 항목
2025-05-30 18:58:47,426 - chat_routes - INFO - 벡터 검색 결과: {'pattern_id': 4, 'pattern_text': '조직도', 'response': '조직도를 확인하시겠습니까?', 'pattern_type': 'static', 'response_type': 'text', 'route_code': 'ORG_CHART', 'similarity_score': 0.7833073844217042}
2025-05-30 19:00:48,382 - chat_routes - INFO - 채팅 히스토리 조회 시작
2025-05-30 19:00:48,492 - chat_routes - INFO - 채팅 히스토리 조회 완료: 10개 항목
2025-05-30 19:02:06,142 - chat_routes - INFO - 채팅 히스토리 조회 시작
2025-05-30 19:02:06,281 - chat_routes - INFO - 채팅 히스토리 조회 완료: 10개 항목
2025-05-30 19:03:34,219 - chat_routes - INFO - 채팅 히스토리 조회 시작
2025-05-30 19:03:34,242 - chat_routes - INFO - 채팅 히스토리 조회 완료: 10개 항목
2025-05-30 19:03:48,427 - chat_routes - INFO - 채팅 히스토리 조회 시작
2025-05-30 19:03:48,474 - chat_routes - INFO - 채팅 히스토리 조회 완료: 10개 항목
2025-05-30 19:04:02,264 - chat_routes - INFO - 채팅 히스토리 조회 시작
2025-05-30 19:04:02,289 - chat_routes - INFO - 채팅 히스토리 조회 완료: 10개 항목
2025-05-30 19:04:07,253 - chat_routes - INFO - 채팅 히스토리 조회 시작
2025-05-30 19:04:07,274 - chat_routes - INFO - 채팅 히스토리 조회 완료: 10개 항목
2025-05-30 19:10:08,033 - chat_routes - INFO - 채팅 히스토리 조회 시작
2025-05-30 19:10:08,088 - chat_routes - INFO - 채팅 히스토리 조회 완료: 10개 항목
2025-05-30 19:11:27,973 - chat_routes - INFO - 채팅 히스토리 조회 시작
2025-05-30 19:11:28,038 - chat_routes - INFO - 채팅 히스토리 조회 완료: 10개 항목
2025-05-30 19:14:10,375 - chat_routes - INFO - 채팅 히스토리 조회 시작
2025-05-30 19:14:10,399 - chat_routes - INFO - 채팅 히스토리 조회 완료: 10개 항목
2025-05-30 19:14:41,669 - chat_routes - INFO - 채팅 히스토리 조회 시작
2025-05-30 19:14:41,683 - chat_routes - INFO - 채팅 히스토리 조회 완료: 10개 항목
2025-05-30 19:17:13,033 - chat_routes - INFO - 채팅 히스토리 조회 시작
2025-05-30 19:17:13,057 - chat_routes - INFO - 채팅 히스토리 조회 완료: 10개 항목
2025-05-30 19:17:50,536 - chat_routes - INFO - 채팅 히스토리 조회 시작
2025-05-30 19:17:50,555 - chat_routes - INFO - 채팅 히스토리 조회 완료: 10개 항목
2025-05-30 19:18:01,222 - chat_routes - INFO - 채팅 히스토리 조회 시작
2025-05-30 19:18:01,263 - chat_routes - INFO - 채팅 히스토리 조회 완료: 10개 항목
2025-05-30 19:19:35,671 - chat_routes - INFO - 벡터 검색 결과: {'pattern_id': 18, 'pattern_text': '비전', 'response': '비전과 미션 페이지로 이동하시겠습니까?', 'pattern_type': 'static', 'response_type': 'text', 'route_code': 'VISION', 'similarity_score': 0.766241532556541}
2025-05-30 19:19:42,586 - chat_routes - INFO - 채팅 히스토리 조회 시작
2025-05-30 19:19:42,631 - chat_routes - INFO - 채팅 히스토리 조회 완료: 10개 항목
2025-05-30 19:21:57,547 - chat_routes - INFO - 채팅 히스토리 조회 시작
2025-05-30 19:21:57,586 - chat_routes - INFO - 채팅 히스토리 조회 완료: 10개 항목
2025-05-30 19:22:34,566 - chat_routes - INFO - 채팅 히스토리 조회 시작
2025-05-30 19:22:34,619 - chat_routes - INFO - 채팅 히스토리 조회 완료: 10개 항목
2025-05-30 19:22:39,171 - chat_routes - INFO - 채팅 히스토리 조회 시작
2025-05-30 19:22:39,185 - chat_routes - INFO - 채팅 히스토리 조회 완료: 10개 항목
2025-05-30 19:22:42,695 - chat_routes - INFO - 채팅 히스토리 조회 시작
2025-05-30 19:22:42,805 - chat_routes - INFO - 채팅 히스토리 조회 완료: 10개 항목
2025-05-30 19:22:55,201 - chat_routes - INFO - 채팅 히스토리 조회 시작
2025-05-30 19:22:55,243 - chat_routes - INFO - 채팅 히스토리 조회 완료: 10개 항목
2025-05-30 19:23:30,192 - chat_routes - INFO - 채팅 히스토리 조회 시작
2025-05-30 19:23:30,216 - chat_routes - INFO - 채팅 히스토리 조회 완료: 10개 항목
2025-05-30 19:23:34,076 - chat_routes - INFO - 채팅 히스토리 조회 시작
2025-05-30 19:23:34,119 - chat_routes - INFO - 채팅 히스토리 조회 완료: 10개 항목
2025-05-30 19:23:45,468 - chat_routes - INFO - 채팅 히스토리 조회 시작
2025-05-30 19:23:45,616 - chat_routes - INFO - 채팅 히스토리 조회 완료: 10개 항목
2025-05-30 19:23:48,003 - chat_routes - INFO - 채팅 히스토리 조회 시작
2025-05-30 19:23:48,024 - chat_routes - INFO - 채팅 히스토리 조회 완료: 10개 항목
2025-05-30 19:23:50,376 - chat_routes - INFO - 채팅 히스토리 조회 시작
2025-05-30 19:23:50,393 - chat_routes - INFO - 채팅 히스토리 조회 완료: 10개 항목
2025-05-30 19:23:52,474 - chat_routes - INFO - 채팅 히스토리 조회 시작
2025-05-30 19:23:52,494 - chat_routes - INFO - 채팅 히스토리 조회 완료: 10개 항목
2025-05-30 19:23:56,562 - chat_routes - INFO - 채팅 히스토리 조회 시작
2025-05-30 19:23:56,577 - chat_routes - INFO - 채팅 히스토리 조회 완료: 10개 항목
2025-05-30 19:24:12,950 - chat_routes - INFO - 벡터 검색 결과: {'pattern_id': 16, 'pattern_text': '회사 소개', 'response': '회사 소개 페이지로 이동하시겠습니까?', 'pattern_type': 'static', 'response_type': 'text', 'route_code': 'ABOUT', 'similarity_score': 0.9303445240137987}
2025-05-30 19:24:15,639 - chat_routes - INFO - 채팅 히스토리 조회 시작
2025-05-30 19:24:15,664 - chat_routes - INFO - 채팅 히스토리 조회 완료: 10개 항목
2025-05-30 19:24:41,539 - chat_routes - INFO - 채팅 히스토리 조회 시작
2025-05-30 19:24:41,574 - chat_routes - INFO - 채팅 히스토리 조회 완료: 10개 항목
2025-05-30 19:24:50,860 - chat_routes - INFO - 채팅 히스토리 조회 시작
2025-05-30 19:24:50,886 - chat_routes - INFO - 채팅 히스토리 조회 완료: 10개 항목
2025-05-30 19:25:24,706 - chat_routes - INFO - 채팅 히스토리 조회 시작
2025-05-30 19:25:24,729 - chat_routes - INFO - 채팅 히스토리 조회 완료: 10개 항목
2025-05-30 19:27:47,519 - chat_routes - INFO - 채팅 히스토리 조회 시작
2025-05-30 19:27:47,559 - chat_routes - INFO - 채팅 히스토리 조회 완료: 10개 항목
2025-05-30 19:27:53,580 - chat_routes - INFO - 채팅 히스토리 조회 시작
2025-05-30 19:27:53,600 - chat_routes - INFO - 채팅 히스토리 조회 완료: 10개 항목
2025-05-30 19:28:06,952 - chat_routes - INFO - 벡터 검색 결과: {'pattern_id': 16, 'pattern_text': '회사 소개', 'response': '회사 소개 페이지로 이동하시겠습니까?', 'pattern_type': 'static', 'response_type': 'text', 'route_code': 'ABOUT', 'similarity_score': 0.966217893498794}
2025-05-30 19:30:06,334 - chat_routes - INFO - 채팅 히스토리 조회 시작
2025-05-30 19:30:06,364 - chat_routes - INFO - 채팅 히스토리 조회 완료: 10개 항목
2025-05-30 19:37:02,531 - chat_routes - INFO - 채팅 히스토리 조회 시작
2025-05-30 19:37:02,566 - chat_routes - INFO - 채팅 히스토리 조회 완료: 10개 항목
2025-05-30 19:37:17,093 - chat_routes - INFO - 벡터 검색 결과: {'pattern_id': 27, 'pattern_text': '준법경영', 'response': '준법경영 안내 페이지로 이동하시겠습니까?', 'pattern_type': 'static', 'response_type': 'text', 'route_code': 'ESG_COMPLIANCE', 'similarity_score': 0.9445409868670006}
2025-05-30 19:37:20,420 - chat_routes - INFO - 채팅 히스토리 조회 시작
2025-05-30 19:37:20,449 - chat_routes - INFO - 채팅 히스토리 조회 완료: 10개 항목
2025-05-30 19:38:01,005 - chat_routes - INFO - 벡터 검색 결과: {'pattern_id': 31, 'pattern_text': 'ESG 환경', 'response': '환경경영 안내 페이지로 이동하시겠습니까?', 'pattern_type': 'static', 'response_type': 'text', 'route_code': 'ESG_ENVIRONMENT', 'similarity_score': 0.9503886455652283}
2025-05-30 19:38:04,658 - chat_routes - INFO - 채팅 히스토리 조회 시작
2025-05-30 19:38:04,679 - chat_routes - INFO - 채팅 히스토리 조회 완료: 10개 항목
2025-05-30 19:38:13,315 - chat_routes - INFO - 벡터 검색 결과: {'pattern_id': 22, 'pattern_text': '문의', 'response': '문의하기 페이지로 이동하시겠습니까?', 'pattern_type': 'static', 'response_type': 'text', 'route_code': 'CONTACT', 'similarity_score': 0.6953017936924958}
2025-05-30 19:38:19,461 - chat_routes - INFO - 벡터 검색 결과: {'pattern_id': 4, 'pattern_text': '조직도', 'response': '조직도를 확인하시겠습니까?', 'pattern_type': 'static', 'response_type': 'text', 'route_code': 'ORG_CHART', 'similarity_score': 0.7833073844217042}
2025-05-30 19:40:28,563 - chat_routes - INFO - 채팅 히스토리 조회 시작
2025-05-30 19:40:28,607 - chat_routes - INFO - 채팅 히스토리 조회 완료: 10개 항목
2025-05-30 19:40:42,561 - chat_routes - INFO - 벡터 검색 결과: {'pattern_id': 4, 'pattern_text': '조직도', 'response': '조직도를 확인하시겠습니까?', 'pattern_type': 'static', 'response_type': 'text', 'route_code': 'ORG_CHART', 'similarity_score': 0.7833073844217042}
2025-05-30 19:40:50,940 - chat_routes - INFO - 채팅 히스토리 조회 시작
2025-05-30 19:40:50,979 - chat_routes - INFO - 채팅 히스토리 조회 완료: 10개 항목
2025-05-30 19:41:40,433 - chat_routes - INFO - 채팅 히스토리 조회 시작
2025-05-30 19:41:40,472 - chat_routes - INFO - 채팅 히스토리 조회 완료: 10개 항목
2025-05-30 19:42:01,196 - chat_routes - INFO - 채팅 히스토리 조회 시작
2025-05-30 19:42:01,226 - chat_routes - INFO - 채팅 히스토리 조회 완료: 10개 항목
2025-05-30 19:42:34,922 - chat_routes - INFO - 채팅 히스토리 조회 시작
2025-05-30 19:42:34,943 - chat_routes - INFO - 채팅 히스토리 조회 완료: 10개 항목
2025-05-30 19:42:53,175 - chat_routes - INFO - 채팅 히스토리 조회 시작
2025-05-30 19:42:53,217 - chat_routes - INFO - 채팅 히스토리 조회 완료: 10개 항목
2025-05-30 19:43:30,773 - chat_routes - INFO - 벡터 검색 결과: {'pattern_id': 16, 'pattern_text': '회사 소개', 'response': '회사 소개 페이지로 이동하시겠습니까?', 'pattern_type': 'static', 'response_type': 'text', 'route_code': 'ABOUT', 'similarity_score': 0.9761395169971948}
2025-05-30 19:43:57,185 - chat_routes - INFO - 벡터 검색 결과: {'pattern_id': 4, 'pattern_text': '조직도', 'response': '조직도를 확인하시겠습니까?', 'pattern_type': 'static', 'response_type': 'text', 'route_code': 'ORG_CHART', 'similarity_score': 0.7833073844217042}
2025-05-30 19:45:59,378 - chat_routes - INFO - 채팅 히스토리 조회 시작
2025-05-30 19:45:59,402 - chat_routes - INFO - 채팅 히스토리 조회 완료: 10개 항목
2025-05-30 19:46:03,686 - chat_routes - ERROR - 벡터 검색 중 오류 발생: Expected 2D array, got 1D array instead:
array=[ 1.10273222e-02  3.96038368e-02 -3.69638056e-02 -1.79666393e-02
 -1.69741973e-01 -1.72095180e-01  2.09727556e-01  1.50956646e-01
  1.32204406e-02 -3.50119695e-02  1.29046708e-01 -1.14423431e-01
  3.73146124e-02  2.08878264e-01 -9.48642939e-02 -8.72757435e-02
 -1.70116752e-01 -5.81418574e-02 -1.26786545e-01  4.28508818e-02
  2.34583821e-02 -6.64446801e-02  5.22974245e-02 -1.46382913e-01
 -1.84135944e-01 -8.46897587e-02 -3.91386598e-02  1.90086327e-02
 -2.37001628e-02 -2.27989063e-01  3.77921499e-02 -7.83271790e-02
  3.69156804e-03  1.10829115e-01 -5.32924710e-03  9.08294767e-02
 -9.36056972e-02  9.30292457e-02  2.61696968e-02  3.99482884e-02
  2.17266455e-02 -6.40338212e-02  5.62768243e-02  2.37716243e-01
  1.16585672e-01  1.67992711e-01  1.10777020e-01  3.54181975e-06
  2.75297910e-02 -7.56726833e-04  8.27112719e-02 -1.89604864e-01
 -8.71588737e-02  8.01113099e-02  1.83885619e-02  1.32039770e-01
 -8.34747683e-03 -9.13543701e-02 -9.86802876e-02  1.62240446e-01
  3.46282646e-02  8.02536011e-02 -3.97905231e-01  2.42353469e-01
 -1.29839092e-01 -2.60357559e-01  6.44884259e-02 -1.17794629e-02
  9.80513170e-03  3.54482740e-01  5.48882410e-04 -6.83642253e-02
  4.07367833e-02  2.16114298e-01  2.21127912e-01  4.72721159e-02
  6.49929494e-02  1.42454933e-02  1.14177741e-01  7.40973428e-02
  1.37463033e-01  1.14872664e-01  9.33868960e-02  2.77567301e-02
 -1.05395220e-01  2.87254721e-01 -1.72890425e-02  5.42636514e-02
 -1.33830309e-01 -1.22785851e-01  3.99117842e-02 -2.00730905e-01
  1.31541014e-01 -4.47524972e-02  1.37518287e-01  1.19143754e-01
  7.18853995e-02 -1.27735175e-03  9.51993242e-02  7.39423394e-01
  5.21397963e-02 -8.52025300e-03  1.19522391e-02  1.31101653e-01
 -2.51996666e-02 -1.12870723e-01  3.71203385e-02 -6.35761544e-02
  7.17573613e-02  5.91099896e-02 -1.35777056e-01  9.75235626e-02
 -7.18969926e-02  4.58016545e-02 -7.08370134e-02 -3.47811729e-02
 -1.07682481e-01  1.15684554e-01 -2.65263282e-02  4.78559956e-02
 -1.28832132e-01 -1.13353714e-01  9.90324747e-03 -8.04429203e-02
  1.54188007e-01 -1.90661892e-01  4.51539755e-02  2.26183698e-01
  1.82560533e-01  3.07646636e-02  8.33732113e-02  7.36963376e-02
 -9.55819786e-02  6.76340684e-02 -7.72919655e-02 -8.39301199e-02
  8.73612165e-02  1.79483026e-01 -9.82594714e-02 -2.17025310e-01
 -1.07260980e-01  5.59283830e-02 -3.98426205e-02  8.34722519e-02
 -1.09314620e-01  1.01236507e-01 -1.81872874e-01 -1.09335788e-01
 -4.58258279e-02  3.13038141e-01 -9.81963240e-03 -1.10315494e-01
  9.76465046e-02  1.91213936e-01 -9.13787931e-02 -7.47663826e-02
 -3.78163271e-02  1.08922264e-02 -1.39385220e-02 -3.02393660e-02
 -2.21603483e-01  2.83239242e-02 -5.56523651e-02  1.09504580e-01
  4.97052744e-02 -1.13464758e-01 -1.85571332e-02  5.31675573e-03
  9.32960659e-02 -2.41338555e-02 -2.35467833e-02  8.25998653e-03
  1.45880684e-01  1.03311047e-01 -4.57519479e-02 -9.68010351e-02
 -1.34579331e-01 -1.13529094e-01 -1.08571621e-02  5.12455031e-02
  2.04114825e-01 -2.57544238e-02 -2.34588943e-02  1.59863368e-01
 -3.95538062e-02 -1.41256809e-01  3.15086693e-02  1.53623492e-01
  1.99494079e-01 -9.23515856e-02 -2.62687914e-02  7.13796616e-02
  5.10637723e-02 -9.49345827e-02 -1.28525108e-01 -2.55820394e-01
 -1.31049501e-02 -3.97351123e-02 -4.99846488e-02 -1.16227925e-01
 -7.45191127e-02 -1.24200009e-01 -1.18948415e-01 -8.30285251e-02
  1.43822610e-01  1.62451738e-03 -2.04429440e-02 -6.23560697e-02
 -1.24887437e-01  4.87437956e-02 -7.39568099e-02 -2.20750421e-02
  2.20377203e-02  9.43126380e-02  4.88225743e-02 -2.89937295e-02
 -7.78828710e-02 -8.16574786e-04 -9.06489491e-02 -1.47162855e-01
 -4.57666814e-02 -9.41043496e-02 -7.01190680e-02 -4.40953195e-01
  5.78024276e-02 -1.52679026e-01  3.99161726e-02 -3.29879224e-02
 -2.76227631e-02  5.30201979e-02 -2.07525101e-02  2.89779514e-01
 -5.25088469e-03  3.03483866e-02  6.30388334e-02 -6.43538684e-03
 -9.81594026e-02 -7.58353621e-02  1.12148471e-01  4.56995815e-02
 -1.66792702e-02 -6.82218792e-03 -9.50788707e-02  6.30157068e-02
 -6.27251342e-04  5.07051460e-02  1.31106645e-01  2.64334679e-01
 -2.21419185e-02  4.76773083e-01 -6.65187091e-02 -1.25408590e-01
  1.08737014e-02  1.59036115e-01  6.55543152e-03  1.35813290e-02
 -1.16263151e-01  1.50628090e-01  5.67376800e-03 -7.42666274e-02
  3.92266922e-02 -1.55445617e-02 -1.00117490e-01 -2.98925012e-01
  4.56245765e-02 -3.24208550e-02  1.24146596e-01  4.28371072e-01
  1.13567188e-01  9.47053507e-02 -8.94979909e-02  1.54040098e-01
  1.48740811e-02 -1.25495419e-01 -6.62594363e-02 -1.09249614e-01
 -2.35730340e-03 -1.13524064e-01  9.95353535e-02  7.90458024e-02
 -1.28524065e-01 -3.86719525e-01  2.97997259e-02  5.16215153e-03
  9.58563909e-02  3.11837345e-02 -1.59567729e-01  1.08432686e-02
  8.13179091e-02  1.34485245e-01 -3.34547926e-03  1.29922688e-01
  5.20241959e-03  2.19020601e-02  2.29333952e-01  1.17884919e-01
 -9.25520435e-02  1.19968817e-01 -2.20534066e-03  1.32801712e-01
 -1.07202567e-01 -2.49391928e-01 -1.03744812e-01 -6.08162694e-02
 -3.66549455e-02 -1.20572425e-01  4.13043797e-02  5.91098145e-02
  1.83471903e-01 -4.57840115e-02 -4.48446460e-02  5.13775609e-02
 -1.34010196e-01 -1.45384133e-01  4.42572720e-02  1.32974401e-01
 -1.27270356e-01  1.65983677e-01  1.32569239e-01 -6.03469610e-01
  6.77724630e-02 -1.16528764e-01 -2.36898705e-01 -1.23053655e-01
  3.62850800e-02 -9.10463706e-02  1.92010757e-02 -6.78312406e-02
  8.66299346e-02  5.98850027e-02 -2.24052265e-01  1.64748251e-01
  4.64410186e-02 -8.90722871e-02  1.44875810e-01  9.01751518e-02
 -2.00485796e-01  8.50470439e-02 -1.44534692e-01 -1.60994247e-01
 -1.10936739e-01  1.30195273e-02  1.03175551e-01 -3.54887918e-04
  8.48290883e-03 -6.27559498e-02 -1.27060056e-01 -1.70175746e-01
  6.18935935e-02  5.09564802e-02  1.50449634e-01 -4.11166549e-02
 -5.78752309e-02  5.74599355e-02 -1.90325290e-01  7.27737248e-02
  1.20088216e-02 -1.13686919e-01  1.07690267e-01 -1.07505083e-01
  6.04778007e-02 -1.97883144e-01  8.86110663e-02  2.65915573e-01
 -5.67054562e-02  8.06216225e-02  4.03042734e-02  3.93746570e-02
 -9.15580764e-02  1.61494929e-02  1.42139159e-02  6.83359578e-02
 -4.43903077e-03 -1.32085070e-01 -2.06247240e-01  3.17698270e-02
 -4.77471463e-02  3.21138129e-02 -4.90221381e-02  7.17835128e-02
  1.25698954e-01 -1.33404553e-01  3.33054155e-01  2.36967821e-02].
Reshape your data either using array.reshape(-1, 1) if your data has a single feature or array.reshape(1, -1) if it contains a single sample.
2025-05-30 19:46:11,231 - chat_routes - ERROR - 벡터 검색 중 오류 발생: Expected 2D array, got 1D array instead:
array=[-9.04574990e-02 -2.41867676e-02 -2.77214646e-01 -1.00352496e-01
 -5.64926937e-02  2.42459998e-02  1.30220562e-01  4.87135723e-02
  3.00861672e-02  6.05722740e-02  1.14045776e-01 -7.34531432e-02
  1.20454781e-01 -1.05005771e-01  3.85343730e-02  6.09960184e-02
 -6.77002147e-02 -2.46495698e-02 -3.00175641e-02 -7.31103048e-02
  4.89157140e-02 -2.90419221e-01  1.03386074e-01  4.61698510e-05
 -3.87592018e-02 -5.30059114e-02 -1.41498476e-01 -1.43669490e-02
 -1.22405246e-01 -2.42236316e-01  1.52898625e-01 -7.23217577e-02
  3.18289876e-01  1.87376007e-01 -8.76128972e-02  1.66919440e-01
  2.30340604e-02  9.28642303e-02 -4.45152596e-02  3.65860350e-02
  3.04908156e-02  4.49931473e-02  5.47044314e-02  1.84651315e-01
 -7.35641718e-02  3.83150391e-02 -1.09666452e-01 -2.96842400e-03
 -2.47487232e-01 -1.33791789e-01  1.12039790e-01 -8.30022618e-02
  8.12320262e-02 -1.31968156e-01  5.81217073e-02  9.87976491e-02
  8.34985748e-02  1.12936415e-01 -4.10429053e-02 -3.51902619e-02
  2.18076512e-01  5.88865913e-02 -5.25903702e-01  1.48786992e-01
 -1.10954292e-01 -3.23765539e-03  7.35666230e-02  1.26650959e-01
 -5.47372885e-02 -1.64219603e-01 -3.74463201e-03 -1.34207457e-01
 -6.58849999e-02  1.06862083e-01  1.16952404e-01  2.12166712e-01
  4.93855365e-02 -8.47711787e-03  6.93861619e-02 -7.05380216e-02
  1.67356759e-01  9.22128111e-02  1.25481725e-01  5.25215231e-02
 -9.88233835e-03  1.03111193e-01  7.57184159e-03 -2.96346750e-02
  1.36390701e-01 -7.07950443e-02  3.01678628e-02 -1.74868982e-02
  1.99543536e-01 -1.74298704e-01  1.49844348e-01  1.28138930e-01
 -2.55371556e-02 -7.26385564e-02  2.25815237e-01  9.53599632e-01
 -4.04978879e-02  1.36913568e-01  7.41601437e-02 -9.22414064e-02
 -1.16464354e-01 -1.59694016e-01  2.13288635e-01  2.34675035e-02
  3.28603163e-02  1.03472099e-02 -6.10074140e-02 -9.21638869e-03
 -2.25410998e-01 -1.11674547e-01  2.07461432e-01 -1.02767825e-01
 -1.81981444e-01  2.19819456e-01  3.96601409e-02  1.44857317e-01
  1.03366926e-01 -4.02501784e-03  1.87539443e-01  1.66758671e-02
  2.94265337e-02 -1.10259563e-01 -1.79219022e-01  1.94526553e-01
  5.71922511e-02 -4.07617576e-02 -2.35651322e-02  8.02063346e-02
  4.41307202e-03  8.33446234e-02 -8.36885124e-02 -3.69874239e-02
  1.71973482e-01  1.85291156e-01 -3.86621580e-02  1.16556250e-02
  4.64395713e-03  4.37233225e-02  1.02268532e-01  9.22084749e-02
 -6.30904585e-02  1.35741666e-01 -7.81586953e-03 -1.96094230e-01
  2.94428552e-03  1.80275455e-01  1.66564845e-02 -6.82663843e-02
  1.69135302e-01  1.02776408e-01 -3.64134684e-02  7.03065917e-02
  1.71123907e-01  1.17255189e-01  4.61791195e-02  8.49547051e-03
  6.86090291e-02 -2.88583711e-02  1.96893901e-01  8.84273350e-02
  1.66967399e-02 -3.21774185e-01 -7.60428682e-02 -1.17807992e-01
  1.04616113e-01 -1.34482263e-02 -7.65257031e-02 -9.41936299e-02
  1.45534822e-03  7.17777610e-02  2.64611617e-02 -9.99891683e-02
  2.92527284e-02  1.26954153e-01 -1.29016072e-01 -1.01494052e-01
  1.99532993e-02  5.40458262e-02  3.65307070e-02  5.76436818e-02
 -6.20791763e-02 -5.96967619e-03  9.78804380e-02  4.80574332e-02
  4.69481014e-03  3.89795043e-02 -1.73176736e-01  3.08971312e-02
  2.44346783e-02 -1.08358599e-01  6.79598600e-02 -2.43814558e-01
  1.34178877e-01 -1.42622247e-01 -9.35409069e-02 -5.07684238e-02
 -3.51505101e-01 -2.32971553e-03 -3.77404362e-01 -1.62659645e-01
 -9.61799175e-02 -7.21905939e-03  1.78301055e-02  1.01899179e-02
 -4.74399142e-02  4.88805212e-02  2.24675015e-02  1.27189271e-02
 -1.46159396e-01  4.58256267e-02  2.71736592e-01 -6.75078630e-02
 -2.48503223e-01  5.69626316e-02 -2.68087566e-01  1.98241062e-02
 -4.16728333e-02 -6.34910315e-02 -6.86552599e-02 -4.44203943e-01
 -2.03213573e-01 -8.46920386e-02 -1.26703307e-02 -1.71844259e-01
  8.98360014e-02  8.66059661e-02 -1.32376626e-01  2.93455943e-02
  9.39935893e-02  4.90951575e-02 -1.24469832e-01 -7.78316613e-03
  8.94856602e-02 -5.57784401e-02  1.57274492e-02 -1.29434004e-01
 -1.49991866e-02 -5.65630458e-02 -6.04118407e-02  8.86899084e-02
  2.33920105e-03 -9.79531650e-03 -8.33762884e-02  2.20787048e-01
 -7.28155822e-02  3.34600478e-01  4.22745049e-02 -2.67444074e-01
  3.41956504e-02 -1.04778543e-01  1.25209212e-01 -5.77206053e-02
 -1.00574836e-01  2.85981804e-01  4.18974087e-04 -3.58029194e-02
  1.39338255e-01 -7.04385489e-02 -7.95291439e-02 -5.33330068e-02
  2.16112792e-01 -4.43219058e-02 -1.38191000e-01  2.98985988e-01
 -5.90872094e-02  2.00469792e-02 -1.75592989e-01  1.00638844e-01
 -3.90483774e-02 -1.10058032e-01  5.66309802e-02 -1.36176631e-01
  1.36266664e-01 -2.09747404e-01  3.67050618e-03  2.49184370e-01
  8.45311396e-03 -1.38022602e-01  6.28894418e-02  4.34426852e-02
 -1.12577453e-02 -1.90595333e-02 -2.31326997e-01  7.31190220e-02
 -1.31893709e-01  1.98928583e-02  5.44028841e-02  1.80050246e-02
 -1.58576056e-01  2.49002445e-02  1.15383431e-01 -2.91926526e-02
 -8.61313045e-02 -5.92321977e-02 -2.54680067e-01  1.05201721e-01
 -1.51722953e-01 -2.23325655e-01 -1.81992687e-02 -1.23897702e-01
  5.48812598e-02 -1.21308900e-01  7.47717619e-02  1.05892964e-01
  2.66430438e-01  9.79818963e-03  1.27965078e-01 -9.22662765e-03
  6.70991465e-02 -1.15529001e-02 -4.67932224e-02 -1.47538409e-01
 -4.90525402e-02  1.30854011e-01  6.88912719e-02 -5.18461764e-01
 -1.49332639e-02 -8.60978588e-02 -1.79000497e-02  2.17314392e-01
  2.05934718e-01  2.06699938e-01 -1.10036321e-01 -2.60761194e-02
  1.04581818e-01  1.76034510e-01 -7.52384290e-02 -9.78676155e-02
 -2.04196990e-01 -2.09933311e-01  2.64147699e-01 -1.71840303e-02
 -1.16726324e-01  1.25532866e-01 -7.47930631e-02 -1.37646556e-01
  1.57557443e-01  1.77144751e-01 -6.78915009e-02 -3.88031341e-02
 -7.30399266e-02 -8.53599794e-03 -7.83014148e-02  2.72453986e-02
  7.88247660e-02  1.79579645e-01  3.51096801e-02  7.12964237e-02
  4.25525159e-02 -1.24446660e-01 -1.59114257e-01  1.91789016e-01
 -7.23775327e-02  6.82950541e-02  7.49435648e-02 -1.60983235e-01
  9.46994573e-02  9.76964831e-02  6.36546239e-02  2.77518451e-01
 -7.49367382e-03  8.92306864e-02 -1.23064578e-01 -5.96480854e-02
  5.42867854e-02 -1.43491626e-01 -9.41254944e-02 -5.96226417e-02
  1.04782745e-01  1.01232938e-01 -1.71061158e-02  3.48786935e-02
  2.95612402e-02 -5.80689274e-02  2.77626924e-02 -1.10274963e-02
  7.21012354e-02 -1.83327153e-01  3.07467319e-02  4.13828716e-03].
Reshape your data either using array.reshape(-1, 1) if your data has a single feature or array.reshape(1, -1) if it contains a single sample.
2025-05-30 19:47:06,101 - chat_routes - INFO - 채팅 히스토리 조회 시작
2025-05-30 19:47:06,146 - chat_routes - INFO - 채팅 히스토리 조회 완료: 10개 항목
2025-05-30 19:47:18,132 - chat_routes - INFO - 채팅 히스토리 조회 시작
2025-05-30 19:47:18,218 - chat_routes - INFO - 채팅 히스토리 조회 완료: 10개 항목
2025-05-30 19:47:23,476 - chat_routes - ERROR - Error in chat endpoint: 'intent_tag'
2025-05-30 19:48:43,218 - chat_routes - INFO - 채팅 히스토리 조회 시작
2025-05-30 19:48:43,232 - chat_routes - INFO - 채팅 히스토리 조회 완료: 10개 항목
2025-05-30 19:48:47,644 - chat_routes - INFO - 벡터 검색 결과: {'pattern_id': 22, 'pattern_text': '문의', 'response': '문의하기 페이지로 이동하시겠습니까?', 'pattern_type': 'static', 'response_type': 'text', 'route_code': 'CONTACT', 'intent_tag': 'contact', 'similarity_score': 0.6953017936924958}
2025-05-30 19:48:52,746 - chat_routes - INFO - 벡터 검색 결과: {'pattern_id': 4, 'pattern_text': '조직도', 'response': '조직도를 확인하시겠습니까?', 'pattern_type': 'static', 'response_type': 'text', 'route_code': 'ORG_CHART', 'intent_tag': 'organization', 'similarity_score': 0.7833073844217042}
2025-05-30 19:50:51,884 - chat_routes - INFO - 채팅 히스토리 조회 시작
2025-05-30 19:50:51,932 - chat_routes - INFO - 채팅 히스토리 조회 완료: 10개 항목
2025-05-30 19:50:55,734 - chat_routes - INFO - 벡터 검색 결과: {'pattern_id': 33, 'pattern_text': '영우랩스 조직도', 'response': '조직도를 확인하시겠습니까?', 'pattern_type': 'static', 'response_type': 'text', 'route_code': 'ORG_CHART', 'intent_tag': 'organization', 'similarity_score': 1.1000000000000003}
2025-05-30 19:50:59,308 - chat_routes - INFO - 벡터 검색 결과: {'pattern_id': 35, 'pattern_text': '영우랩스 조직정보', 'response': '조직도를 확인하시겠습니까?', 'pattern_type': 'static', 'response_type': 'text', 'route_code': 'ORG_CHART', 'intent_tag': 'organization', 'similarity_score': 1.1000000000000003}
2025-05-30 19:52:27,402 - chat_routes - INFO - 벡터 검색 결과: {'pattern_id': 26, 'pattern_text': '{name}씨 정보', 'response': '{employee.name}님의 정보입니다:\n직책: {employee.position}\n부서: {employee.dept_nm}\n이메일: {employee.email}\n연락처: {employee.phone}', 'pattern_type': 'dynamic', 'response_type': 'dynamic', 'route_code': None, 'intent_tag': 'employee_info', 'similarity_score': 0.6594387682252214}
2025-05-30 19:55:23,585 - chat_routes - INFO - 벡터 검색 결과: {'pattern_id': 38, 'pattern_text': '영우랩스 조직도 알려줘', 'response': '조직도를 확인하시겠습니까?', 'pattern_type': 'static', 'response_type': 'text', 'route_code': 'ORG_CHART', 'intent_tag': 'organization', 'similarity_score': 1.0543324800596956}
2025-05-30 19:55:34,665 - chat_routes - INFO - 벡터 검색 결과: {'pattern_id': 38, 'pattern_text': '영우랩스 조직도 알려줘', 'response': '조직도를 확인하시겠습니까?', 'pattern_type': 'static', 'response_type': 'text', 'route_code': 'ORG_CHART', 'intent_tag': 'organization', 'similarity_score': 1.0074507661821468}
2025-05-30 19:56:24,910 - chat_routes - INFO - 벡터 검색 결과: {'pattern_id': 42, 'pattern_text': '영우랩스 조정현', 'response': '{employee.name}님의 정보입니다:\n직책: {employee.position}\n부서: {employee.dept_nm}\n이메일: {employee.email}\n연락처: {employee.phone}', 'pattern_type': 'static', 'response_type': 'dynamic', 'route_code': None, 'intent_tag': 'employee_info', 'similarity_score': 1.2000000000000002}
2025-05-30 20:01:08,753 - chat_routes - INFO - 채팅 히스토리 조회 시작
2025-05-30 20:01:08,859 - chat_routes - INFO - 채팅 히스토리 조회 완료: 10개 항목
2025-05-30 20:01:13,929 - chat_routes - INFO - 벡터 검색 결과: {'pattern_id': 44, 'pattern_text': '조정현 이사', 'response': '{employee.name}님의 정보입니다:\n직책: {employee.position}\n부서: {employee.dept_nm}\n이메일: {employee.email}\n연락처: {employee.phone}', 'pattern_type': 'static', 'response_type': 'dynamic', 'route_code': None, 'intent_tag': 'employee_info', 'similarity_score': 1.0490190557403734}
2025-05-30 20:02:21,945 - chat_routes - INFO - 채팅 히스토리 조회 시작
2025-05-30 20:02:21,975 - chat_routes - INFO - 채팅 히스토리 조회 완료: 10개 항목
2025-05-30 20:03:08,027 - chat_routes - INFO - 벡터 검색 결과: {'pattern_id': 42, 'pattern_text': '영우랩스 조정현', 'response': '{employee.name}님의 정보입니다:\n직책: {employee.position}\n부서: {employee.dept_nm}\n이메일: {employee.email}\n연락처: {employee.phone}', 'pattern_type': 'static', 'response_type': 'dynamic', 'route_code': None, 'intent_tag': 'employee_info', 'similarity_score': 1.1424718210593505}
2025-05-30 20:03:12,488 - chat_routes - INFO - 벡터 검색 결과: {'pattern_id': 33, 'pattern_text': '영우랩스 조직도', 'response': '조직도를 확인하시겠습니까?', 'pattern_type': 'static', 'response_type': 'text', 'route_code': 'ORG_CHART', 'intent_tag': 'organization', 'similarity_score': 1.1000000000000003}
2025-05-30 20:03:48,993 - chat_routes - INFO - 채팅 히스토리 조회 시작
2025-05-30 20:03:49,015 - chat_routes - INFO - 채팅 히스토리 조회 완료: 10개 항목
2025-05-30 20:03:53,884 - chat_routes - INFO - 벡터 검색 결과: {'pattern_id': 42, 'pattern_text': '영우랩스 조정현', 'response': '{employee.name}님의 정보입니다:\n직책: {employee.position}\n부서: {employee.dept_nm}\n이메일: {employee.email}\n연락처: {employee.phone}', 'pattern_type': 'static', 'response_type': 'dynamic', 'route_code': None, 'intent_tag': 'employee_info', 'similarity_score': 1.2000000000000002}
2025-05-30 20:05:13,410 - chat_routes - INFO - 채팅 히스토리 조회 시작
2025-05-30 20:05:13,458 - chat_routes - INFO - 채팅 히스토리 조회 완료: 10개 항목
2025-05-30 20:05:18,457 - chat_routes - INFO - 벡터 검색 결과: {'pattern_id': 42, 'pattern_text': '영우랩스 조정현', 'response': '{employee.name}님의 정보입니다:\n직책: {employee.position}\n부서: {employee.dept_nm}\n이메일: {employee.email}\n연락처: {employee.phone}', 'pattern_type': 'static', 'response_type': 'dynamic', 'route_code': None, 'intent_tag': 'employee_info', 'similarity_score': 1.2000000000000002}
2025-05-30 20:07:03,303 - chat_routes - INFO - 벡터 검색 결과: {'pattern_id': 42, 'pattern_text': '영우랩스 조정현', 'response': '{employee.name}님의 정보입니다:\n직책: {employee.position}\n부서: {employee.dept_nm}\n이메일: {employee.email}\n연락처: {employee.phone}', 'pattern_type': 'static', 'response_type': 'dynamic', 'route_code': None, 'intent_tag': 'employee_info', 'similarity_score': 1.2000000000000002}
2025-05-30 20:07:03,380 - chat_routes - ERROR - Error in chat endpoint: (1048, "Column 'ai_response' cannot be null")
Traceback (most recent call last):
  File "D:\Develop\workspace-ywlabs\backend\routes\chat_routes.py", line 188, in chat
    cursor.execute('''
    ~~~~~~~~~~~~~~^^^^
        INSERT INTO chat_history
        ^^^^^^^^^^^^^^^^^^^^^^^^
    ...<6 lines>...
        response['data']['route_code']
        ^^^^^^^^^^^^^^^^^^^^^^^^^^^^^^
    ))
    ^^
  File "D:\Programs\Python\Lib\site-packages\pymysql\cursors.py", line 153, in execute
    result = self._query(query)
  File "D:\Programs\Python\Lib\site-packages\pymysql\cursors.py", line 322, in _query
    conn.query(q)
    ~~~~~~~~~~^^^
  File "D:\Programs\Python\Lib\site-packages\pymysql\connections.py", line 563, in query
    self._affected_rows = self._read_query_result(unbuffered=unbuffered)
                          ~~~~~~~~~~~~~~~~~~~~~~~^^^^^^^^^^^^^^^^^^^^^^^
  File "D:\Programs\Python\Lib\site-packages\pymysql\connections.py", line 825, in _read_query_result
    result.read()
    ~~~~~~~~~~~^^
  File "D:\Programs\Python\Lib\site-packages\pymysql\connections.py", line 1199, in read
    first_packet = self.connection._read_packet()
  File "D:\Programs\Python\Lib\site-packages\pymysql\connections.py", line 775, in _read_packet
    packet.raise_for_error()
    ~~~~~~~~~~~~~~~~~~~~~~^^
  File "D:\Programs\Python\Lib\site-packages\pymysql\protocol.py", line 219, in raise_for_error
    err.raise_mysql_exception(self._data)
    ~~~~~~~~~~~~~~~~~~~~~~~~~^^^^^^^^^^^^
  File "D:\Programs\Python\Lib\site-packages\pymysql\err.py", line 150, in raise_mysql_exception
    raise errorclass(errno, errval)
pymysql.err.IntegrityError: (1048, "Column 'ai_response' cannot be null")
2025-05-30 20:07:20,300 - chat_routes - INFO - 채팅 히스토리 조회 시작
2025-05-30 20:07:20,322 - chat_routes - INFO - 채팅 히스토리 조회 완료: 10개 항목
2025-05-30 20:07:58,559 - chat_routes - INFO - 벡터 검색 결과: {'pattern_id': 42, 'pattern_text': '영우랩스 조정현', 'response': '{employee.name}님의 정보입니다:\n직책: {employee.position}\n부서: {employee.dept_nm}\n이메일: {employee.email}\n연락처: {employee.phone}', 'pattern_type': 'static', 'response_type': 'dynamic', 'route_code': None, 'intent_tag': 'employee_info', 'similarity_score': 1.163206238739804}
2025-05-30 20:08:03,304 - chat_routes - INFO - 벡터 검색 결과: {'pattern_id': 42, 'pattern_text': '영우랩스 조정현', 'response': '{employee.name}님의 정보입니다:\n직책: {employee.position}\n부서: {employee.dept_nm}\n이메일: {employee.email}\n연락처: {employee.phone}', 'pattern_type': 'static', 'response_type': 'dynamic', 'route_code': None, 'intent_tag': 'employee_info', 'similarity_score': 1.0658285749335688}
2025-05-30 20:08:11,843 - chat_routes - INFO - 벡터 검색 결과: {'pattern_id': 30, 'pattern_text': 'ESG 준법', 'response': '준법경영 안내 페이지로 이동하시겠습니까?', 'pattern_type': 'static', 'response_type': 'text', 'route_code': 'ESG_COMPLIANCE', 'intent_tag': 'esg_compliance', 'similarity_score': 0.9168390932984465}
2025-05-30 20:08:24,524 - chat_routes - INFO - 벡터 검색 결과: {'pattern_id': 35, 'pattern_text': '영우랩스 조직정보', 'response': '조직도를 확인하시겠습니까?', 'pattern_type': 'static', 'response_type': 'text', 'route_code': 'ORG_CHART', 'intent_tag': 'organization', 'similarity_score': 0.7293873749427267}
2025-05-30 20:08:36,098 - chat_routes - INFO - 벡터 검색 결과: {'pattern_id': 42, 'pattern_text': '영우랩스 조정현', 'response': '{employee.name}님의 정보입니다:\n직책: {employee.position}\n부서: {employee.dept_nm}\n이메일: {employee.email}\n연락처: {employee.phone}', 'pattern_type': 'static', 'response_type': 'dynamic', 'route_code': None, 'intent_tag': 'employee_info', 'similarity_score': 1.2000000000000002}
2025-05-30 20:08:36,212 - chat_routes - ERROR - Error in chat endpoint: (1048, "Column 'ai_response' cannot be null")
Traceback (most recent call last):
  File "D:\Develop\workspace-ywlabs\backend\routes\chat_routes.py", line 188, in chat
    cursor.execute('''
    ~~~~~~~~~~~~~~^^^^
        INSERT INTO chat_history
        ^^^^^^^^^^^^^^^^^^^^^^^^
    ...<6 lines>...
        response['data']['route_code']
        ^^^^^^^^^^^^^^^^^^^^^^^^^^^^^^
    ))
    ^^
  File "D:\Programs\Python\Lib\site-packages\pymysql\cursors.py", line 153, in execute
    result = self._query(query)
  File "D:\Programs\Python\Lib\site-packages\pymysql\cursors.py", line 322, in _query
    conn.query(q)
    ~~~~~~~~~~^^^
  File "D:\Programs\Python\Lib\site-packages\pymysql\connections.py", line 563, in query
    self._affected_rows = self._read_query_result(unbuffered=unbuffered)
                          ~~~~~~~~~~~~~~~~~~~~~~~^^^^^^^^^^^^^^^^^^^^^^^
  File "D:\Programs\Python\Lib\site-packages\pymysql\connections.py", line 825, in _read_query_result
    result.read()
    ~~~~~~~~~~~^^
  File "D:\Programs\Python\Lib\site-packages\pymysql\connections.py", line 1199, in read
    first_packet = self.connection._read_packet()
  File "D:\Programs\Python\Lib\site-packages\pymysql\connections.py", line 775, in _read_packet
    packet.raise_for_error()
    ~~~~~~~~~~~~~~~~~~~~~~^^
  File "D:\Programs\Python\Lib\site-packages\pymysql\protocol.py", line 219, in raise_for_error
    err.raise_mysql_exception(self._data)
    ~~~~~~~~~~~~~~~~~~~~~~~~~^^^^^^^^^^^^
  File "D:\Programs\Python\Lib\site-packages\pymysql\err.py", line 150, in raise_mysql_exception
    raise errorclass(errno, errval)
pymysql.err.IntegrityError: (1048, "Column 'ai_response' cannot be null")
2025-05-30 20:09:45,430 - chat_routes - INFO - 채팅 히스토리 조회 시작
2025-05-30 20:09:45,460 - chat_routes - INFO - 채팅 히스토리 조회 완료: 10개 항목
2025-05-30 20:09:45,666 - chat_routes - INFO - 벡터 검색 결과: {'pattern_id': 42, 'pattern_text': '영우랩스 조정현', 'response': '{employee.name}님의 정보입니다:\n직책: {employee.position}\n부서: {employee.dept_nm}\n이메일: {employee.email}\n연락처: {employee.phone}', 'pattern_type': 'static', 'response_type': 'dynamic', 'route_code': None, 'intent_tag': 'employee_info', 'similarity_score': 1.2000000000000002}
2025-05-30 20:09:53,000 - chat_routes - INFO - 벡터 검색 결과: {'pattern_id': 42, 'pattern_text': '영우랩스 조정현', 'response': '{employee.name}님의 정보입니다:\n직책: {employee.position}\n부서: {employee.dept_nm}\n이메일: {employee.email}\n연락처: {employee.phone}', 'pattern_type': 'static', 'response_type': 'dynamic', 'route_code': None, 'intent_tag': 'employee_info', 'similarity_score': 1.2000000000000002}
2025-05-30 20:10:19,511 - chat_routes - INFO - 벡터 검색 결과: {'pattern_id': 35, 'pattern_text': '영우랩스 조직정보', 'response': '조직도를 확인하시겠습니까?', 'pattern_type': 'static', 'response_type': 'text', 'route_code': 'ORG_CHART', 'intent_tag': 'organization', 'similarity_score': 1.1000000000000003}
2025-05-30 20:10:54,624 - chat_routes - INFO - 벡터 검색 결과: {'pattern_id': 42, 'pattern_text': '영우랩스 조정현', 'response': '{employee.name}님의 정보입니다:\n직책: {employee.position}\n부서: {employee.dept_nm}\n이메일: {employee.email}\n연락처: {employee.phone}', 'pattern_type': 'static', 'response_type': 'dynamic', 'route_code': None, 'intent_tag': 'employee_info', 'similarity_score': 1.2000000000000002}
2025-05-30 20:10:54,675 - chat_routes - ERROR - Error in chat endpoint: (1048, "Column 'ai_response' cannot be null")
Traceback (most recent call last):
  File "D:\Develop\workspace-ywlabs\backend\routes\chat_routes.py", line 188, in chat
    cursor.execute('''
    ~~~~~~~~~~~~~~^^^^
        INSERT INTO chat_history
        ^^^^^^^^^^^^^^^^^^^^^^^^
    ...<6 lines>...
        response['data']['route_code']
        ^^^^^^^^^^^^^^^^^^^^^^^^^^^^^^
    ))
    ^^
  File "D:\Programs\Python\Lib\site-packages\pymysql\cursors.py", line 153, in execute
    result = self._query(query)
  File "D:\Programs\Python\Lib\site-packages\pymysql\cursors.py", line 322, in _query
    conn.query(q)
    ~~~~~~~~~~^^^
  File "D:\Programs\Python\Lib\site-packages\pymysql\connections.py", line 563, in query
    self._affected_rows = self._read_query_result(unbuffered=unbuffered)
                          ~~~~~~~~~~~~~~~~~~~~~~~^^^^^^^^^^^^^^^^^^^^^^^
  File "D:\Programs\Python\Lib\site-packages\pymysql\connections.py", line 825, in _read_query_result
    result.read()
    ~~~~~~~~~~~^^
  File "D:\Programs\Python\Lib\site-packages\pymysql\connections.py", line 1199, in read
    first_packet = self.connection._read_packet()
  File "D:\Programs\Python\Lib\site-packages\pymysql\connections.py", line 775, in _read_packet
    packet.raise_for_error()
    ~~~~~~~~~~~~~~~~~~~~~~^^
  File "D:\Programs\Python\Lib\site-packages\pymysql\protocol.py", line 219, in raise_for_error
    err.raise_mysql_exception(self._data)
    ~~~~~~~~~~~~~~~~~~~~~~~~~^^^^^^^^^^^^
  File "D:\Programs\Python\Lib\site-packages\pymysql\err.py", line 150, in raise_mysql_exception
    raise errorclass(errno, errval)
pymysql.err.IntegrityError: (1048, "Column 'ai_response' cannot be null")
2025-05-30 20:16:20,590 - chat_routes - INFO - 채팅 히스토리 조회 시작
2025-05-30 20:16:20,607 - chat_routes - INFO - 채팅 히스토리 조회 완료: 10개 항목
2025-05-30 20:16:24,894 - chat_routes - INFO - 채팅 히스토리 조회 시작
2025-05-30 20:16:24,913 - chat_routes - INFO - 채팅 히스토리 조회 완료: 10개 항목
2025-05-30 20:16:28,967 - chat_routes - INFO - 벡터 검색 결과: {'pattern_id': 42, 'pattern_text': '영우랩스 조정현', 'response': '{employee.name}님의 정보입니다:\n직책: {employee.position}\n부서: {employee.dept_nm}\n이메일: {employee.email}\n연락처: {employee.phone}', 'pattern_type': 'static', 'response_type': 'dynamic', 'route_code': None, 'intent_tag': 'employee_info', 'similarity_score': 1.2000000000000002}
2025-05-30 20:17:05,168 - chat_routes - INFO - 벡터 검색 결과: {'pattern_id': 42, 'pattern_text': '영우랩스 조정현', 'response': '{employee.name}님의 정보입니다:\n직책: {employee.position}\n부서: {employee.dept_nm}\n이메일: {employee.email}\n연락처: {employee.phone}', 'pattern_type': 'static', 'response_type': 'dynamic', 'route_code': None, 'intent_tag': 'employee_info', 'similarity_score': 1.2000000000000002}
2025-05-30 20:17:43,502 - chat_routes - INFO - 채팅 히스토리 조회 시작
2025-05-30 20:17:43,524 - chat_routes - INFO - 채팅 히스토리 조회 완료: 10개 항목
2025-05-30 20:18:47,853 - chat_routes - INFO - 벡터 검색 결과: {'pattern_id': 42, 'pattern_text': '영우랩스 조정현', 'response': '{employee.name}님의 정보입니다:\n직책: {employee.position}\n부서: {employee.dept_nm}\n이메일: {employee.email}\n연락처: {employee.phone}', 'pattern_type': 'static', 'response_type': 'dynamic', 'route_code': None, 'intent_tag': 'employee_info', 'similarity_score': 1.1207605643973204}
2025-05-30 20:20:10,268 - chat_routes - INFO - 채팅 히스토리 조회 시작
2025-05-30 20:20:10,313 - chat_routes - INFO - 채팅 히스토리 조회 완료: 10개 항목
2025-05-30 20:21:14,224 - chat_routes - INFO - 채팅 히스토리 조회 시작
2025-05-30 20:21:14,258 - chat_routes - INFO - 채팅 히스토리 조회 완료: 10개 항목
2025-05-30 20:21:17,865 - chat_routes - INFO - 벡터 검색 결과: {'pattern_id': 42, 'pattern_text': '영우랩스 조정현', 'response': '{employee.name}님의 정보입니다:\n직책: {employee.position}\n부서: {employee.dept_nm}\n이메일: {employee.email}\n연락처: {employee.phone}', 'pattern_type': 'static', 'response_type': 'dynamic', 'route_code': None, 'intent_tag': 'employee_info', 'similarity_score': 1.2000000000000002}
2025-05-30 20:22:13,611 - chat_routes - INFO - 채팅 히스토리 조회 시작
2025-05-30 20:22:13,665 - chat_routes - INFO - 채팅 히스토리 조회 완료: 10개 항목
2025-05-30 20:22:20,045 - chat_routes - INFO - 벡터 검색 결과: {'pattern_id': 42, 'pattern_text': '영우랩스 조정현', 'response': '{employee.name}님의 정보입니다:\n직책: {employee.position}\n부서: {employee.dept_nm}\n이메일: {employee.email}\n연락처: {employee.phone}', 'pattern_type': 'static', 'response_type': 'dynamic', 'route_code': None, 'intent_tag': 'employee_info', 'similarity_score': 1.2000000000000002}
2025-05-30 20:22:25,118 - chat_routes - INFO - 벡터 검색 결과: {'pattern_id': 42, 'pattern_text': '영우랩스 조정현', 'response': '{employee.name}님의 정보입니다:\n직책: {employee.position}\n부서: {employee.dept_nm}\n이메일: {employee.email}\n연락처: {employee.phone}', 'pattern_type': 'static', 'response_type': 'dynamic', 'route_code': None, 'intent_tag': 'employee_info', 'similarity_score': 1.2000000000000002}
2025-05-30 20:22:34,279 - chat_routes - INFO - 채팅 히스토리 조회 시작
2025-05-30 20:22:34,317 - chat_routes - INFO - 채팅 히스토리 조회 완료: 10개 항목
2025-05-30 20:22:42,235 - chat_routes - INFO - 벡터 검색 결과: {'pattern_id': 42, 'pattern_text': '영우랩스 조정현', 'response': '{employee.name}님의 정보입니다:\n직책: {employee.position}\n부서: {employee.dept_nm}\n이메일: {employee.email}\n연락처: {employee.phone}', 'pattern_type': 'static', 'response_type': 'dynamic', 'route_code': None, 'intent_tag': 'employee_info', 'similarity_score': 1.2000000000000002}
2025-05-30 20:22:48,419 - chat_routes - INFO - 벡터 검색 결과: {'pattern_id': 33, 'pattern_text': '영우랩스 조직도', 'response': '조직도를 확인하시겠습니까?', 'pattern_type': 'static', 'response_type': 'text', 'route_code': 'ORG_CHART', 'intent_tag': 'organization', 'similarity_score': 1.1000000000000003}
2025-05-30 20:23:22,232 - chat_routes - INFO - 벡터 검색 결과: {'pattern_id': 42, 'pattern_text': '영우랩스 조정현', 'response': '{employee.name}님의 정보입니다:\n직책: {employee.position}\n부서: {employee.dept_nm}\n이메일: {employee.email}\n연락처: {employee.phone}', 'pattern_type': 'static', 'response_type': 'dynamic', 'route_code': None, 'intent_tag': 'employee_info', 'similarity_score': 0.8443830245212992}
2025-05-30 20:23:27,093 - chat_routes - INFO - 벡터 검색 결과: {'pattern_id': 45, 'pattern_text': '조정현님', 'response': '{employee.name}님의 정보입니다:\n직책: {employee.position}\n부서: {employee.dept_nm}\n이메일: {employee.email}\n연락처: {employee.phone}', 'pattern_type': 'static', 'response_type': 'dynamic', 'route_code': None, 'intent_tag': 'employee_info', 'similarity_score': 0.9750333376978735}
2025-05-30 20:23:33,804 - chat_routes - INFO - 벡터 검색 결과: {'pattern_id': 42, 'pattern_text': '영우랩스 조정현', 'response': '{employee.name}님의 정보입니다:\n직책: {employee.position}\n부서: {employee.dept_nm}\n이메일: {employee.email}\n연락처: {employee.phone}', 'pattern_type': 'static', 'response_type': 'dynamic', 'route_code': None, 'intent_tag': 'employee_info', 'similarity_score': 1.1580298249586045}
2025-05-30 20:23:46,787 - chat_routes - INFO - 벡터 검색 결과: {'pattern_id': 42, 'pattern_text': '영우랩스 조정현', 'response': '{employee.name}님의 정보입니다:\n직책: {employee.position}\n부서: {employee.dept_nm}\n이메일: {employee.email}\n연락처: {employee.phone}', 'pattern_type': 'static', 'response_type': 'dynamic', 'route_code': None, 'intent_tag': 'employee_info', 'similarity_score': 1.1537015541788391}
2025-05-30 20:24:17,723 - chat_routes - INFO - 채팅 히스토리 조회 시작
2025-05-30 20:24:17,776 - chat_routes - INFO - 채팅 히스토리 조회 완료: 10개 항목
2025-05-30 20:24:26,469 - chat_routes - INFO - 벡터 검색 결과: {'pattern_id': 42, 'pattern_text': '영우랩스 조정현', 'response': '{employee.name}님의 정보입니다:\n직책: {employee.position}\n부서: {employee.dept_nm}\n이메일: {employee.email}\n연락처: {employee.phone}', 'pattern_type': 'static', 'response_type': 'dynamic', 'route_code': None, 'intent_tag': 'employee_info', 'similarity_score': 1.2000000000000002}
2025-05-30 20:24:54,288 - chat_routes - INFO - 벡터 검색 결과: {'pattern_id': 42, 'pattern_text': '영우랩스 조정현', 'response': '{employee.name}님의 정보입니다:\n직책: {employee.position}\n부서: {employee.dept_nm}\n이메일: {employee.email}\n연락처: {employee.phone}', 'pattern_type': 'static', 'response_type': 'dynamic', 'route_code': None, 'intent_tag': 'employee_info', 'similarity_score': 1.2000000000000002}
2025-05-30 20:26:11,339 - chat_routes - INFO - 채팅 히스토리 조회 시작
2025-05-30 20:26:11,399 - chat_routes - INFO - 채팅 히스토리 조회 완료: 10개 항목
2025-05-30 20:26:15,540 - chat_routes - INFO - 벡터 검색 결과: {'pattern_id': 42, 'pattern_text': '영우랩스 조정현', 'response': '{employee.name}님의 정보입니다:\n직책: {employee.position}\n부서: {employee.dept_nm}\n이메일: {employee.email}\n연락처: {employee.phone}', 'pattern_type': 'static', 'response_type': 'dynamic', 'route_code': None, 'intent_tag': 'employee_info', 'similarity_score': 1.2000000000000002}
2025-05-30 20:28:40,653 - chat_routes - INFO - 채팅 히스토리 조회 시작
2025-05-30 20:28:40,672 - chat_routes - INFO - 채팅 히스토리 조회 완료: 10개 항목
2025-05-30 20:28:46,561 - chat_routes - INFO - 벡터 검색 결과: {'pattern_id': 42, 'pattern_text': '영우랩스 조정현', 'response': '{employee.name}님의 정보입니다:\n직책: {employee.position}\n부서: {employee.dept_nm}\n이메일: {employee.email}\n연락처: {employee.phone}', 'pattern_type': 'static', 'response_type': 'dynamic', 'route_code': None, 'intent_tag': 'employee_info', 'similarity_score': 1.2000000000000002}
2025-05-30 20:30:07,813 - chat_routes - INFO - 채팅 히스토리 조회 시작
2025-05-30 20:30:07,828 - chat_routes - INFO - 채팅 히스토리 조회 완료: 10개 항목
2025-05-30 20:30:51,263 - chat_routes - INFO - 채팅 히스토리 조회 시작
2025-05-30 20:30:51,293 - chat_routes - INFO - 채팅 히스토리 조회 완료: 10개 항목
2025-05-30 20:30:58,586 - chat_routes - INFO - 벡터 검색 결과: {'pattern_id': 42, 'pattern_text': '영우랩스 조정현', 'response': '{employee.name}님의 정보입니다:\n직책: {employee.position}\n부서: {employee.dept_nm}\n이메일: {employee.email}\n연락처: {employee.phone}', 'pattern_type': 'static', 'response_type': 'dynamic', 'route_code': None, 'intent_tag': 'employee_info', 'similarity_score': 1.2000000000000002}
2025-05-30 20:31:08,802 - chat_routes - INFO - 벡터 검색 결과: {'pattern_id': 42, 'pattern_text': '영우랩스 조정현', 'response': '{employee.name}님의 정보입니다:\n직책: {employee.position}\n부서: {employee.dept_nm}\n이메일: {employee.email}\n연락처: {employee.phone}', 'pattern_type': 'static', 'response_type': 'dynamic', 'route_code': None, 'intent_tag': 'employee_info', 'similarity_score': 1.2000000000000002}
2025-05-30 20:31:20,122 - chat_routes - INFO - 벡터 검색 결과: {'pattern_id': 42, 'pattern_text': '영우랩스 조정현', 'response': '{employee.name}님의 정보입니다:\n직책: {employee.position}\n부서: {employee.dept_nm}\n이메일: {employee.email}\n연락처: {employee.phone}', 'pattern_type': 'static', 'response_type': 'dynamic', 'route_code': None, 'intent_tag': 'employee_info', 'similarity_score': 1.158001328951869}
2025-05-30 20:31:30,243 - chat_routes - INFO - 벡터 검색 결과: {'pattern_id': 44, 'pattern_text': '조정현 이사', 'response': '{employee.name}님의 정보입니다:\n직책: {employee.position}\n부서: {employee.dept_nm}\n이메일: {employee.email}\n연락처: {employee.phone}', 'pattern_type': 'static', 'response_type': 'dynamic', 'route_code': None, 'intent_tag': 'employee_info', 'similarity_score': 1.1695068649070766}
2025-05-30 20:32:12,090 - chat_routes - INFO - 벡터 검색 결과: {'pattern_id': 42, 'pattern_text': '영우랩스 조정현', 'response': '{employee.name}님의 정보입니다:\n직책: {employee.position}\n부서: {employee.dept_nm}\n이메일: {employee.email}\n연락처: {employee.phone}', 'pattern_type': 'static', 'response_type': 'dynamic', 'route_code': None, 'intent_tag': 'employee_info', 'similarity_score': 1.2000000000000002}
2025-05-30 20:34:04,747 - chat_routes - INFO - 채팅 히스토리 조회 시작
2025-05-30 20:34:04,777 - chat_routes - INFO - 채팅 히스토리 조회 완료: 10개 항목
2025-05-30 20:34:10,723 - chat_routes - INFO - 벡터 검색 결과: {'pattern_id': 42, 'pattern_text': '영우랩스 조정현', 'response': '{employee.name}님의 정보입니다:\n직책: {employee.position}\n부서: {employee.dept_nm}\n이메일: {employee.email}\n연락처: {employee.phone}', 'pattern_type': 'static', 'response_type': 'dynamic', 'route_code': None, 'intent_tag': 'employee_info', 'similarity_score': 1.2000000000000002}
2025-05-30 20:38:59,809 - chat_routes - INFO - 채팅 히스토리 조회 시작
2025-05-30 20:38:59,855 - chat_routes - INFO - 채팅 히스토리 조회 완료: 10개 항목
2025-05-30 20:39:57,193 - chat_routes - INFO - 벡터 검색 결과: {'pattern_id': 42, 'pattern_text': '영우랩스 조정현', 'response': '{employee.name}님의 정보입니다:\n직책: {employee.position}\n부서: {employee.dept_nm}\n이메일: {employee.email}\n연락처: {employee.phone}', 'pattern_type': 'static', 'response_type': 'dynamic', 'route_code': None, 'intent_tag': 'employee_info', 'similarity_score': 1.2000000000000002}
2025-05-30 20:40:41,643 - chat_routes - INFO - 채팅 히스토리 조회 시작
2025-05-30 20:40:41,723 - chat_routes - INFO - 채팅 히스토리 조회 완료: 10개 항목
2025-05-30 20:40:45,891 - chat_routes - INFO - 벡터 검색 결과: {'pattern_id': 42, 'pattern_text': '영우랩스 조정현', 'response': '{employee.name}님의 정보입니다:\n직책: {employee.position}\n부서: {employee.dept_nm}\n이메일: {employee.email}\n연락처: {employee.phone}', 'pattern_type': 'static', 'response_type': 'dynamic', 'route_code': None, 'intent_tag': 'employee_info', 'similarity_score': 1.1537753677391416}
2025-05-30 20:42:28,460 - chat_routes - INFO - 채팅 히스토리 조회 시작
2025-05-30 20:42:28,482 - chat_routes - INFO - 채팅 히스토리 조회 완료: 10개 항목
2025-05-30 20:42:32,295 - chat_routes - INFO - 벡터 검색 결과: {'pattern_id': 42, 'pattern_text': '영우랩스 조정현', 'response': '{employee.name}님의 정보입니다:\n직책: {employee.position}\n부서: {employee.dept_nm}\n이메일: {employee.email}\n연락처: {employee.phone}', 'pattern_type': 'static', 'response_type': 'dynamic', 'route_code': None, 'intent_tag': 'employee_info', 'similarity_score': 1.1798652660593396}
2025-05-30 20:42:34,903 - chat_routes - INFO - 벡터 검색 결과: {'pattern_id': 45, 'pattern_text': '조정현님', 'response': '{employee.name}님의 정보입니다:\n직책: {employee.position}\n부서: {employee.dept_nm}\n이메일: {employee.email}\n연락처: {employee.phone}', 'pattern_type': 'static', 'response_type': 'dynamic', 'route_code': None, 'intent_tag': 'employee_info', 'similarity_score': 1.1330043103189986}
2025-05-30 20:42:41,811 - chat_routes - INFO - 벡터 검색 결과: {'pattern_id': 42, 'pattern_text': '영우랩스 조정현', 'response': '{employee.name}님의 정보입니다:\n직책: {employee.position}\n부서: {employee.dept_nm}\n이메일: {employee.email}\n연락처: {employee.phone}', 'pattern_type': 'static', 'response_type': 'dynamic', 'route_code': None, 'intent_tag': 'employee_info', 'similarity_score': 1.2000000000000002}
2025-05-30 20:45:03,981 - chat_routes - INFO - 채팅 히스토리 조회 시작
2025-05-30 20:45:04,004 - chat_routes - INFO - 채팅 히스토리 조회 완료: 10개 항목
2025-05-30 20:46:40,075 - chat_routes - INFO - 채팅 히스토리 조회 시작
2025-05-30 20:46:40,095 - chat_routes - INFO - 채팅 히스토리 조회 완료: 10개 항목
2025-05-30 20:46:55,303 - chat_routes - INFO - 벡터 검색 결과: {'pattern_id': 42, 'pattern_text': '영우랩스 조정현', 'response': '{employee.name}님의 정보입니다:\n직책: {employee.position}\n부서: {employee.dept_nm}\n이메일: {employee.email}\n연락처: {employee.phone}', 'pattern_type': 'static', 'response_type': 'dynamic', 'route_code': None, 'intent_tag': 'employee_info', 'similarity_score': 1.2000000000000002}
2025-05-30 20:47:05,538 - chat_routes - INFO - 벡터 검색 결과: {'pattern_id': 42, 'pattern_text': '영우랩스 조정현', 'response': '{employee.name}님의 정보입니다:\n직책: {employee.position}\n부서: {employee.dept_nm}\n이메일: {employee.email}\n연락처: {employee.phone}', 'pattern_type': 'static', 'response_type': 'dynamic', 'route_code': None, 'intent_tag': 'employee_info', 'similarity_score': 1.1680075162820525}
2025-05-30 20:47:14,698 - chat_routes - INFO - 벡터 검색 결과: {'pattern_id': 45, 'pattern_text': '조정현님', 'response': '{employee.name}님의 정보입니다:\n직책: {employee.position}\n부서: {employee.dept_nm}\n이메일: {employee.email}\n연락처: {employee.phone}', 'pattern_type': 'static', 'response_type': 'dynamic', 'route_code': None, 'intent_tag': 'employee_info', 'similarity_score': 1.0184787918482956}
2025-05-30 20:47:20,515 - chat_routes - INFO - 벡터 검색 결과: {'pattern_id': 30, 'pattern_text': 'ESG 준법', 'response': '준법경영 안내 페이지로 이동하시겠습니까?', 'pattern_type': 'static', 'response_type': 'text', 'route_code': 'ESG_COMPLIANCE', 'intent_tag': 'esg_compliance', 'similarity_score': 0.9323445299530913}
2025-05-30 20:51:25,843 - chat_routes - INFO - 채팅 히스토리 조회 시작
2025-05-30 20:51:25,863 - chat_routes - INFO - 채팅 히스토리 조회 완료: 10개 항목
2025-05-30 20:51:30,785 - chat_routes - INFO - 벡터 검색 결과: {'pattern_id': 38, 'pattern_text': '영우랩스 조직도 알려줘', 'response': '조직도를 확인하시겠습니까?', 'pattern_type': 'static', 'response_type': 'text', 'route_code': 'ABOUT', 'intent_tag': 'about', 'similarity_score': 1.1383300292298244}
2025-05-30 20:51:35,283 - chat_routes - INFO - 벡터 검색 결과: {'pattern_id': 22, 'pattern_text': '문의', 'response': '문의하기 페이지로 이동하시겠습니까?', 'pattern_type': 'static', 'response_type': 'text', 'route_code': 'ABOUT', 'intent_tag': 'about', 'similarity_score': 1.150757673222483}
2025-05-30 20:51:41,012 - chat_routes - INFO - 벡터 검색 결과: {'pattern_id': 38, 'pattern_text': '영우랩스 조직도 알려줘', 'response': '조직도를 확인하시겠습니까?', 'pattern_type': 'static', 'response_type': 'text', 'route_code': 'ABOUT', 'intent_tag': 'about', 'similarity_score': 1.059468022239257}
2025-05-30 20:51:55,332 - chat_routes - INFO - 벡터 검색 결과: {'pattern_id': 35, 'pattern_text': '영우랩스 조직정보', 'response': '조직도를 확인하시겠습니까?', 'pattern_type': 'static', 'response_type': 'dynamic', 'route_code': None, 'intent_tag': 'employee_info', 'similarity_score': 0.957244888817817}
2025-05-30 20:52:04,451 - chat_routes - INFO - 벡터 검색 결과: {'pattern_id': 38, 'pattern_text': '영우랩스 조직도 알려줘', 'response': '조직도를 확인하시겠습니까?', 'pattern_type': 'static', 'response_type': 'text', 'route_code': 'ABOUT', 'intent_tag': 'about', 'similarity_score': 1.112780954802676}
2025-05-30 20:52:54,396 - chat_routes - INFO - 채팅 히스토리 조회 시작
2025-05-30 20:52:54,430 - chat_routes - INFO - 채팅 히스토리 조회 완료: 10개 항목
2025-05-30 20:53:01,739 - chat_routes - INFO - 벡터 검색 결과: {'pattern_id': 30, 'pattern_text': 'ESG 준법', 'response': '준법경영 안내 페이지로 이동하시겠습니까?', 'pattern_type': 'dynamic', 'response_type': 'dynamic', 'route_code': None, 'intent_tag': 'employee_info', 'similarity_score': 1.0085230026282912}
2025-05-30 20:53:04,540 - chat_routes - INFO - 벡터 검색 결과: {'pattern_id': 35, 'pattern_text': '영우랩스 조직정보', 'response': '조직도를 확인하시겠습니까?', 'pattern_type': 'static', 'response_type': 'dynamic', 'route_code': None, 'intent_tag': 'employee_info', 'similarity_score': 1.2000000000000002}
2025-05-30 20:53:06,947 - chat_routes - INFO - 벡터 검색 결과: {'pattern_id': 35, 'pattern_text': '영우랩스 조직정보', 'response': '조직도를 확인하시겠습니까?', 'pattern_type': 'static', 'response_type': 'dynamic', 'route_code': None, 'intent_tag': 'employee_info', 'similarity_score': 1.2000000000000002}
2025-05-30 20:53:15,750 - chat_routes - INFO - 벡터 검색 결과: {'pattern_id': 38, 'pattern_text': '영우랩스 조직도 알려줘', 'response': '조직도를 확인하시겠습니까?', 'pattern_type': 'static', 'response_type': 'text', 'route_code': 'ABOUT', 'intent_tag': 'about', 'similarity_score': 1.1306749554457467}
2025-05-30 20:53:18,421 - chat_routes - INFO - 채팅 히스토리 조회 시작
2025-05-30 20:53:18,435 - chat_routes - INFO - 채팅 히스토리 조회 완료: 10개 항목
