2025-05-29 15:28:58,223 - chat_service - INFO - [시작] 질문 처리 시작: 영우랩스는 어떤회사니?
2025-05-29 15:28:58,224 - chat_service - INFO - [1단계] 유사 질문 검색 시작
2025-05-29 15:29:43,065 - chat_service - ERROR - [에러] 처리 중 오류 발생 (소요시간: 44.84초)
2025-05-29 15:29:43,066 - chat_service - ERROR - 에러 내용: name 'logger' is not defined
2025-05-29 15:29:43,066 - chat_service - WARNING - [완료] 기본 응답 반환 (총 소요시간: 44.84초)
2025-05-29 15:36:21,285 - chat_service - INFO - [시작] 질문 처리 시작: 영우랩스는 어떤회사야?
2025-05-29 15:36:21,286 - chat_service - INFO - [1단계] 유사 질문 검색 시작
2025-05-29 15:36:21,286 - chat_service - WARNING - [1단계 완료] 유사 질문을 찾지 못함 (소요시간: 0.00초)
2025-05-29 15:36:21,287 - chat_service - WARNING - [완료] 기본 응답 반환 (총 소요시간: 0.00초)
2025-05-29 17:19:10,771 - chat_service - INFO - [시작] 질문 처리 시작: 영우랩스는 어떤회사?
2025-05-29 17:19:10,771 - chat_service - INFO - [1단계] 유사 질문 검색 시작
2025-05-29 17:19:10,772 - chat_service - INFO - [1단계 완료] 유사 질문 찾음 (소요시간: 0.00초)
2025-05-29 17:19:10,772 - chat_service - INFO - 찾은 유사 질문: 영우랩스는 어떤 회사야?
2025-05-29 17:19:10,772 - chat_service - INFO - 유사도 점수: 0.9875875574669478
2025-05-29 17:19:10,773 - chat_service - INFO - [2단계] GPT 응답 생성 시작
2025-05-29 17:19:15,245 - chat_service - INFO - [2단계 완료] GPT 응답 생성 완료 (소요시간: 4.47초)
2025-05-29 17:19:15,245 - chat_service - INFO - [3단계] 응답 저장 시작
2025-05-29 17:19:15,246 - chat_service - INFO - [3단계 완료] 응답 저장 완료 (소요시간: 0.00초)
2025-05-29 17:19:15,246 - chat_service - INFO - [완료] 전체 처리 완료 (총 소요시간: 4.48초)
2025-05-29 17:19:15,246 - chat_service - INFO - - 유사 질문 검색: 0.00초
2025-05-29 17:19:15,246 - chat_service - INFO - - GPT 응답 생성: 4.47초
2025-05-29 17:19:15,246 - chat_service - INFO - - 응답 저장: 0.00초
2025-05-29 18:01:37,177 - chat_service - INFO - [시작] 질문 처리 시작: 영우랩스는 어떤회사야?
2025-05-29 18:01:37,177 - chat_service - INFO - [1단계] 유사 질문 검색 시작
2025-05-29 18:01:37,178 - chat_service - INFO - [1단계 완료] 유사 질문 찾음 (소요시간: 0.00초)
2025-05-29 18:01:37,178 - chat_service - INFO - 찾은 유사 질문: 영우랩스는 어떤 회사야?
2025-05-29 18:01:37,178 - chat_service - INFO - 유사도 점수: 0.9918059499287952
2025-05-29 18:01:37,178 - chat_service - INFO - [2단계] GPT 응답 생성 시작
2025-05-29 18:01:40,456 - chat_service - INFO - [2단계 완료] GPT 응답 생성 완료 (소요시간: 3.28초)
2025-05-29 18:01:40,457 - chat_service - INFO - [3단계] 응답 저장 시작
2025-05-29 18:01:40,457 - chat_service - INFO - [3단계 완료] 응답 저장 완료 (소요시간: 0.00초)
2025-05-29 18:01:40,457 - chat_service - INFO - [완료] 전체 처리 완료 (총 소요시간: 3.28초)
2025-05-29 18:01:40,457 - chat_service - INFO - - 유사 질문 검색: 0.00초
2025-05-29 18:01:40,458 - chat_service - INFO - - GPT 응답 생성: 3.28초
2025-05-29 18:01:40,458 - chat_service - INFO - - 응답 저장: 0.00초
2025-05-29 18:22:27,627 - chat_service - INFO - [시작] 질문 처리 시작: 영우랩스는 어떤 회사야?
2025-05-29 18:22:27,627 - chat_service - INFO - [1단계] 유사 질문 검색 시작
2025-05-29 18:22:27,628 - chat_service - INFO - [1단계 완료] 유사 질문 찾음 (소요시간: 0.00초)
2025-05-29 18:22:27,628 - chat_service - INFO - 찾은 유사 질문: 영우랩스는 어떤 회사야?
2025-05-29 18:22:27,628 - chat_service - INFO - 유사도 점수: 1.0
2025-05-29 18:22:27,628 - chat_service - INFO - [2단계] GPT 응답 생성 시작
2025-05-29 18:22:31,396 - chat_service - INFO - [2단계 완료] GPT 응답 생성 완료 (소요시간: 3.77초)
2025-05-29 18:22:31,396 - chat_service - INFO - [3단계] 응답 저장 시작
2025-05-29 18:22:31,396 - chat_service - INFO - [3단계 완료] 응답 저장 완료 (소요시간: 0.00초)
2025-05-29 18:22:31,397 - chat_service - INFO - [완료] 전체 처리 완료 (총 소요시간: 3.77초)
2025-05-29 18:22:31,397 - chat_service - INFO - - 유사 질문 검색: 0.00초
2025-05-29 18:22:31,398 - chat_service - INFO - - GPT 응답 생성: 3.77초
2025-05-29 18:22:31,398 - chat_service - INFO - - 응답 저장: 0.00초
2025-05-29 18:24:18,394 - chat_service - INFO - [시작] 질문 처리 시작: 영우랩스 회사는 어디에 있어?
2025-05-29 18:24:18,394 - chat_service - INFO - [1단계] 유사 질문 검색 시작
2025-05-29 18:24:18,394 - chat_service - INFO - [1단계 완료] 유사 질문 찾음 (소요시간: 0.00초)
2025-05-29 18:24:18,394 - chat_service - INFO - 찾은 유사 질문: 영우랩스는 어떤 회사야?
2025-05-29 18:24:18,394 - chat_service - INFO - 유사도 점수: 0.8362089501636913
2025-05-29 18:24:18,395 - chat_service - INFO - [2단계] GPT 응답 생성 시작
2025-05-29 18:24:20,352 - chat_service - INFO - [2단계 완료] GPT 응답 생성 완료 (소요시간: 1.96초)
2025-05-29 18:24:20,353 - chat_service - INFO - [3단계] 응답 저장 시작
2025-05-29 18:24:20,353 - chat_service - INFO - [3단계 완료] 응답 저장 완료 (소요시간: 0.00초)
2025-05-29 18:24:20,353 - chat_service - INFO - [완료] 전체 처리 완료 (총 소요시간: 1.96초)
2025-05-29 18:24:20,353 - chat_service - INFO - - 유사 질문 검색: 0.00초
2025-05-29 18:24:20,354 - chat_service - INFO - - GPT 응답 생성: 1.96초
2025-05-29 18:24:20,354 - chat_service - INFO - - 응답 저장: 0.00초
2025-05-29 19:09:11,253 - chat_service - INFO - [시작] 질문 처리 시작: 영우랩스는 어떤회사야?
2025-05-29 19:09:11,254 - chat_service - INFO - [1단계] 유사 질문 검색 시작
2025-05-29 19:09:11,255 - chat_service - INFO - [1단계 완료] 유사 질문 찾음 (소요시간: 0.00초)
2025-05-29 19:09:11,255 - chat_service - INFO - 찾은 유사 질문: 영우랩스는 어떤 회사야?
2025-05-29 19:09:11,255 - chat_service - INFO - 유사도 점수: 0.9918059674354683
2025-05-29 19:09:11,256 - chat_service - INFO - [2단계] GPT 응답 생성 시작
2025-05-29 19:09:14,720 - chat_service - INFO - [2단계 완료] GPT 응답 생성 완료 (소요시간: 3.46초)
2025-05-29 19:09:14,721 - chat_service - INFO - [3단계] 응답 저장 시작
2025-05-29 19:09:14,721 - chat_service - INFO - [3단계 완료] 응답 저장 완료 (소요시간: 0.00초)
2025-05-29 19:09:14,722 - chat_service - INFO - [완료] 전체 처리 완료 (총 소요시간: 3.47초)
2025-05-29 19:09:14,722 - chat_service - INFO - - 유사 질문 검색: 0.00초
2025-05-29 19:09:14,722 - chat_service - INFO - - GPT 응답 생성: 3.46초
2025-05-29 19:09:14,722 - chat_service - INFO - - 응답 저장: 0.00초
2025-05-29 19:09:41,454 - chat_service - INFO - [시작] 질문 처리 시작: 영우랩스 직원정보
2025-05-29 19:09:41,454 - chat_service - INFO - [1단계] 유사 질문 검색 시작
2025-05-29 19:09:41,454 - chat_service - INFO - [1단계 완료] 유사 질문 찾음 (소요시간: 0.00초)
2025-05-29 19:09:41,455 - chat_service - INFO - 찾은 유사 질문: 직원 정보
2025-05-29 19:09:41,455 - chat_service - INFO - 유사도 점수: 0.9036636861098267
2025-05-29 19:09:41,455 - chat_service - INFO - [2단계] GPT 응답 생성 시작
2025-05-29 19:09:42,745 - chat_service - INFO - [2단계 완료] GPT 응답 생성 완료 (소요시간: 1.29초)
2025-05-29 19:09:42,746 - chat_service - INFO - [3단계] 응답 저장 시작
2025-05-29 19:09:42,746 - chat_service - INFO - [3단계 완료] 응답 저장 완료 (소요시간: 0.00초)
2025-05-29 19:09:42,746 - chat_service - INFO - [완료] 전체 처리 완료 (총 소요시간: 1.29초)
2025-05-29 19:09:42,747 - chat_service - INFO - - 유사 질문 검색: 0.00초
2025-05-29 19:09:42,747 - chat_service - INFO - - GPT 응답 생성: 1.29초
2025-05-29 19:09:42,747 - chat_service - INFO - - 응답 저장: 0.00초
2025-05-29 19:23:02,398 - chat_service - INFO - [시작] 질문 처리 시작: 영우랩스 직원정보
2025-05-29 19:23:02,398 - chat_service - INFO - [1단계] 유사 질문 검색 시작
2025-05-29 19:23:02,399 - chat_service - INFO - [1단계 완료] 유사 질문 찾음 (소요시간: 0.00초)
2025-05-29 19:23:02,399 - chat_service - INFO - 찾은 유사 질문: 직원 정보
2025-05-29 19:23:02,400 - chat_service - INFO - 유사도 점수: 0.9036636861098267
2025-05-29 19:23:02,400 - chat_service - INFO - [2단계] GPT 응답 생성 시작
2025-05-29 19:23:03,941 - chat_service - INFO - [2단계 완료] GPT 응답 생성 완료 (소요시간: 1.54초)
2025-05-29 19:23:03,942 - chat_service - INFO - [3단계] 응답 저장 시작
2025-05-29 19:23:03,942 - chat_service - INFO - [3단계 완료] 응답 저장 완료 (소요시간: 0.00초)
2025-05-29 19:23:03,943 - chat_service - INFO - [완료] 전체 처리 완료 (총 소요시간: 1.55초)
2025-05-29 19:23:03,944 - chat_service - INFO - - 유사 질문 검색: 0.00초
2025-05-29 19:23:03,944 - chat_service - INFO - - GPT 응답 생성: 1.54초
2025-05-29 19:23:03,945 - chat_service - INFO - - 응답 저장: 0.00초
