2025-05-29 15:28:58,168 - chat_routes - INFO - 질문 벡터 변환 시작
2025-05-29 15:28:58,223 - chat_routes - INFO - 질문 벡터 변환 완료
2025-05-29 15:31:10,731 - chat_routes - INFO - 질문 벡터 변환 시작
2025-05-29 15:31:10,849 - chat_routes - INFO - 질문 벡터 변환 완료
2025-05-29 15:31:10,849 - chat_routes - INFO - 유사 질문 검색 시작
2025-05-29 15:32:58,565 - chat_routes - INFO - 질문 벡터 변환 시작
2025-05-29 15:32:59,015 - chat_routes - INFO - 질문 벡터 변환 완료
2025-05-29 15:32:59,016 - chat_routes - INFO - 유사 질문 검색 시작
2025-05-29 15:33:58,805 - chat_routes - ERROR - Error in chat endpoint: name 'logger' is not defined
Traceback (most recent call last):
  File "D:\Develop\workspace-ywlabs\backend\routes\chat_routes.py", line 32, in chat
    similar_question = find_similar_question(question_vector)
  File "D:\Develop\workspace-ywlabs\backend\services\vector_service.py", line 151, in find_similar_question
    # 유사도 점수가 0.5 이상일 때만 결과 반환
NameError: name 'logger' is not defined
2025-05-29 15:36:04,928 - chat_routes - INFO - 질문 벡터 변환 시작
2025-05-29 15:36:05,010 - chat_routes - INFO - 질문 벡터 변환 완료
2025-05-29 15:36:05,011 - chat_routes - INFO - 유사 질문 검색 시작
2025-05-29 15:36:21,285 - chat_routes - INFO - 유사 질문 검색 완료: False
2025-05-29 17:18:42,481 - chat_routes - INFO - 질문 벡터 변환 시작
2025-05-29 17:18:42,532 - chat_routes - INFO - 질문 벡터 변환 완료
2025-05-29 17:18:42,532 - chat_routes - INFO - 유사 질문 검색 시작
2025-05-29 17:19:10,770 - chat_routes - INFO - 유사 질문 검색 완료: True
2025-05-29 18:00:38,279 - chat_routes - INFO - 질문 벡터 변환 시작
2025-05-29 18:00:38,307 - chat_routes - INFO - 질문 벡터 변환 완료
2025-05-29 18:00:38,307 - chat_routes - INFO - 유사 질문 검색 시작
2025-05-29 18:01:37,176 - chat_routes - INFO - 유사 질문 검색 완료: True
2025-05-29 18:13:09,448 - chat_routes - INFO - 질문 벡터 변환 시작
2025-05-29 18:13:09,466 - chat_routes - INFO - 질문 벡터 변환 완료
2025-05-29 18:13:09,467 - chat_routes - INFO - 유사 질문 검색 시작
2025-05-29 18:13:09,467 - chat_routes - ERROR - Error in chat endpoint: Object of type ndarray is not JSON serializable
Traceback (most recent call last):
  File "D:\Develop\workspace-ywlabs\backend\routes\chat_routes.py", line 32, in chat
    similar_question = find_similar_question(question_vector)
  File "D:\Develop\workspace-ywlabs\backend\services\vector_service.py", line 96, in find_similar_question
    vector_json = json.dumps(question_vector)
  File "D:\Programs\Python\Lib\json\__init__.py", line 231, in dumps
    return _default_encoder.encode(obj)
           ~~~~~~~~~~~~~~~~~~~~~~~^^^^^
  File "D:\Programs\Python\Lib\json\encoder.py", line 200, in encode
    chunks = self.iterencode(o, _one_shot=True)
  File "D:\Programs\Python\Lib\json\encoder.py", line 261, in iterencode
    return _iterencode(o, 0)
  File "D:\Programs\Python\Lib\json\encoder.py", line 180, in default
    raise TypeError(f'Object of type {o.__class__.__name__} '
                    f'is not JSON serializable')
TypeError: Object of type ndarray is not JSON serializable
2025-05-29 18:13:21,674 - chat_routes - INFO - 질문 벡터 변환 시작
2025-05-29 18:13:21,697 - chat_routes - INFO - 질문 벡터 변환 완료
2025-05-29 18:13:21,697 - chat_routes - INFO - 유사 질문 검색 시작
2025-05-29 18:13:21,698 - chat_routes - ERROR - Error in chat endpoint: Object of type ndarray is not JSON serializable
Traceback (most recent call last):
  File "D:\Develop\workspace-ywlabs\backend\routes\chat_routes.py", line 32, in chat
    similar_question = find_similar_question(question_vector)
  File "D:\Develop\workspace-ywlabs\backend\services\vector_service.py", line 96, in find_similar_question
    vector_json = json.dumps(question_vector)
  File "D:\Programs\Python\Lib\json\__init__.py", line 231, in dumps
    return _default_encoder.encode(obj)
           ~~~~~~~~~~~~~~~~~~~~~~~^^^^^
  File "D:\Programs\Python\Lib\json\encoder.py", line 200, in encode
    chunks = self.iterencode(o, _one_shot=True)
  File "D:\Programs\Python\Lib\json\encoder.py", line 261, in iterencode
    return _iterencode(o, 0)
  File "D:\Programs\Python\Lib\json\encoder.py", line 180, in default
    raise TypeError(f'Object of type {o.__class__.__name__} '
                    f'is not JSON serializable')
TypeError: Object of type ndarray is not JSON serializable
2025-05-29 18:14:56,919 - chat_routes - INFO - 질문 벡터 변환 시작
2025-05-29 18:14:56,946 - chat_routes - INFO - 질문 벡터 변환 완료
2025-05-29 18:14:56,946 - chat_routes - INFO - 유사 질문 검색 시작
2025-05-29 18:14:56,947 - chat_routes - ERROR - Error in chat endpoint: Object of type ndarray is not JSON serializable
Traceback (most recent call last):
  File "D:\Develop\workspace-ywlabs\backend\routes\chat_routes.py", line 32, in chat
    similar_question = find_similar_question(question_vector)
  File "D:\Develop\workspace-ywlabs\backend\services\vector_service.py", line 96, in find_similar_question
    vector_json = json.dumps(question_vector)
  File "D:\Programs\Python\Lib\json\__init__.py", line 231, in dumps
    return _default_encoder.encode(obj)
           ~~~~~~~~~~~~~~~~~~~~~~~^^^^^
  File "D:\Programs\Python\Lib\json\encoder.py", line 200, in encode
    chunks = self.iterencode(o, _one_shot=True)
  File "D:\Programs\Python\Lib\json\encoder.py", line 261, in iterencode
    return _iterencode(o, 0)
  File "D:\Programs\Python\Lib\json\encoder.py", line 180, in default
    raise TypeError(f'Object of type {o.__class__.__name__} '
                    f'is not JSON serializable')
TypeError: Object of type ndarray is not JSON serializable
2025-05-29 18:16:08,760 - chat_routes - INFO - 질문 벡터 변환 시작
2025-05-29 18:16:08,820 - chat_routes - INFO - 질문 벡터 변환 완료
2025-05-29 18:16:08,820 - chat_routes - INFO - 유사 질문 검색 시작
2025-05-29 18:16:08,832 - chat_routes - ERROR - Error in chat endpoint: not all arguments converted during string formatting
Traceback (most recent call last):
  File "D:\Develop\workspace-ywlabs\backend\routes\chat_routes.py", line 32, in chat
    similar_question = find_similar_question(question_vector)
  File "D:\Develop\workspace-ywlabs\backend\services\vector_service.py", line 107, in find_similar_question
    cursor.execute('''
    ~~~~~~~~~~~~~~^^^^
        WITH vector_data AS (
        ^^^^^^^^^^^^^^^^^^^^^
    ...<32 lines>...
        LIMIT 1
        ^^^^^^^
    ''', (vector_json, vector_json))
    ^^^^^^^^^^^^^^^^^^^^^^^^^^^^^^^^
  File "D:\Programs\Python\Lib\site-packages\pymysql\cursors.py", line 151, in execute
    query = self.mogrify(query, args)
  File "D:\Programs\Python\Lib\site-packages\pymysql\cursors.py", line 129, in mogrify
    query = query % self._escape_args(args, conn)
            ~~~~~~^~~~~~~~~~~~~~~~~~~~~~~~~~~~~~~
TypeError: not all arguments converted during string formatting
2025-05-29 18:17:21,230 - chat_routes - INFO - 질문 벡터 변환 시작
2025-05-29 18:17:21,257 - chat_routes - INFO - 질문 벡터 변환 완료
2025-05-29 18:17:21,270 - chat_routes - INFO - 유사 질문 검색 시작
2025-05-29 18:17:21,302 - chat_routes - ERROR - Error in chat endpoint: not all arguments converted during string formatting
Traceback (most recent call last):
  File "D:\Develop\workspace-ywlabs\backend\routes\chat_routes.py", line 32, in chat
    similar_question = find_similar_question(question_vector)
  File "D:\Develop\workspace-ywlabs\backend\services\vector_service.py", line 107, in find_similar_question
    cursor.execute('''
    ~~~~~~~~~~~~~~^^^^
        WITH vector_data AS (
        ^^^^^^^^^^^^^^^^^^^^^
    ...<32 lines>...
        LIMIT 1
        ^^^^^^^
    ''', (vector_json, vector_json))
    ^^^^^^^^^^^^^^^^^^^^^^^^^^^^^^^^
  File "D:\Programs\Python\Lib\site-packages\pymysql\cursors.py", line 151, in execute
    query = self.mogrify(query, args)
  File "D:\Programs\Python\Lib\site-packages\pymysql\cursors.py", line 129, in mogrify
    query = query % self._escape_args(args, conn)
            ~~~~~~^~~~~~~~~~~~~~~~~~~~~~~~~~~~~~~
TypeError: not all arguments converted during string formatting
2025-05-29 18:18:48,482 - chat_routes - INFO - 질문 벡터 변환 시작
2025-05-29 18:18:48,516 - chat_routes - INFO - 질문 벡터 변환 완료
2025-05-29 18:18:48,516 - chat_routes - INFO - 유사 질문 검색 시작
2025-05-29 18:18:48,526 - chat_routes - ERROR - Error in chat endpoint: not all arguments converted during string formatting
Traceback (most recent call last):
  File "D:\Develop\workspace-ywlabs\backend\routes\chat_routes.py", line 32, in chat
    similar_question = find_similar_question(question_vector)
  File "D:\Develop\workspace-ywlabs\backend\services\vector_service.py", line 107, in find_similar_question
    cursor.execute('''
    ~~~~~~~~~~~~~~^^^^
        SELECT
        ^^^^^^
    ...<22 lines>...
        LIMIT 1
        ^^^^^^^
    ''', (vector_json, vector_json))
    ^^^^^^^^^^^^^^^^^^^^^^^^^^^^^^^^
  File "D:\Programs\Python\Lib\site-packages\pymysql\cursors.py", line 151, in execute
    query = self.mogrify(query, args)
  File "D:\Programs\Python\Lib\site-packages\pymysql\cursors.py", line 129, in mogrify
    query = query % self._escape_args(args, conn)
            ~~~~~~^~~~~~~~~~~~~~~~~~~~~~~~~~~~~~~
TypeError: not all arguments converted during string formatting
2025-05-29 18:22:23,173 - chat_routes - INFO - 질문 벡터 변환 시작
2025-05-29 18:22:23,205 - chat_routes - INFO - 질문 벡터 변환 완료
2025-05-29 18:22:23,206 - chat_routes - INFO - 유사 질문 검색 시작
2025-05-29 18:22:27,627 - chat_routes - INFO - 유사 질문 검색 완료: True
2025-05-29 18:24:16,901 - chat_routes - INFO - 질문 벡터 변환 시작
2025-05-29 18:24:16,928 - chat_routes - INFO - 질문 벡터 변환 완료
2025-05-29 18:24:16,928 - chat_routes - INFO - 유사 질문 검색 시작
2025-05-29 18:24:18,393 - chat_routes - INFO - 유사 질문 검색 완료: True
2025-05-29 19:09:10,831 - chat_routes - INFO - 질문 벡터 변환 시작
2025-05-29 19:09:11,057 - chat_routes - INFO - 질문 벡터 변환 완료
2025-05-29 19:09:11,057 - chat_routes - INFO - 유사 질문 검색 시작
2025-05-29 19:09:11,253 - chat_routes - INFO - 유사 질문 검색 완료: True
2025-05-29 19:09:41,240 - chat_routes - INFO - 질문 벡터 변환 시작
2025-05-29 19:09:41,280 - chat_routes - INFO - 질문 벡터 변환 완료
2025-05-29 19:09:41,280 - chat_routes - INFO - 유사 질문 검색 시작
2025-05-29 19:09:41,454 - chat_routes - INFO - 유사 질문 검색 완료: True
2025-05-29 19:23:02,041 - chat_routes - INFO - 질문 벡터 변환 시작
2025-05-29 19:23:02,162 - chat_routes - INFO - 질문 벡터 변환 완료
2025-05-29 19:23:02,163 - chat_routes - INFO - 유사 질문 검색 시작
2025-05-29 19:23:02,397 - chat_routes - INFO - 유사 질문 검색 완료: True
2025-05-29 19:37:20,782 - chat_routes - ERROR - Error in chat endpoint: name 'classify_intent' is not defined
2025-05-29 19:37:31,108 - chat_routes - ERROR - Error in chat endpoint: name 'classify_intent' is not defined
