2025-06-02 16:28:31,901 - vector_service - INFO - 벡터 스토어 초기화 시작
2025-06-02 16:28:32,049 - vector_service - INFO - 메타데이터 로드 완료: 40개 패턴
2025-06-02 16:28:32,051 - vector_service - INFO - 총 40개의 패턴 메타데이터 로드 완료
2025-06-02 16:28:32,092 - vector_service - INFO - 총 3개의 패턴 벡터 생성 시작
2025-06-02 16:28:33,338 - vector_service - INFO - 벡터 처리 완료
2025-06-02 16:28:33,339 - vector_service - INFO - 벡터 스토어 검증 시작
2025-06-02 16:28:33,361 - vector_service - INFO - 총 패턴 수: 94
2025-06-02 16:28:33,361 - vector_service - INFO - 총 벡터 수: 94
2025-06-02 16:28:33,364 - vector_service - INFO - 벡터 스토어 검증 완료: 정상
2025-06-02 16:29:12,181 - vector_service - INFO - 벡터 스토어 초기화 시작
2025-06-02 16:29:12,228 - vector_service - INFO - 메타데이터 로드 완료: 40개 패턴
2025-06-02 16:29:12,229 - vector_service - INFO - 총 40개의 패턴 메타데이터 로드 완료
2025-06-02 16:29:12,253 - vector_service - INFO - 총 3개의 패턴 벡터 생성 시작
2025-06-02 16:29:14,166 - vector_service - INFO - 벡터 처리 완료
2025-06-02 16:29:14,168 - vector_service - INFO - 벡터 스토어 검증 시작
2025-06-02 16:29:14,247 - vector_service - INFO - 총 패턴 수: 97
2025-06-02 16:29:14,247 - vector_service - INFO - 총 벡터 수: 97
2025-06-02 16:29:14,250 - vector_service - INFO - 벡터 스토어 검증 완료: 정상
2025-06-02 16:31:54,537 - vector_service - INFO - 벡터 스토어 초기화 시작
2025-06-02 16:31:54,580 - vector_service - INFO - 메타데이터 로드 완료: 40개 패턴
2025-06-02 16:31:54,581 - vector_service - INFO - 총 40개의 패턴 메타데이터 로드 완료
2025-06-02 16:31:54,610 - vector_service - INFO - 총 3개의 패턴 벡터 생성 시작
2025-06-02 16:31:54,945 - vector_service - INFO - 벡터 처리 완료
2025-06-02 16:31:54,947 - vector_service - INFO - 벡터 스토어 검증 시작
2025-06-02 16:31:54,981 - vector_service - INFO - 총 패턴 수: 100
2025-06-02 16:31:54,981 - vector_service - INFO - 총 벡터 수: 100
2025-06-02 16:31:54,988 - vector_service - INFO - 벡터 스토어 검증 완료: 정상
2025-06-02 16:33:18,626 - vector_service - INFO - 벡터 스토어 초기화 시작
2025-06-02 16:33:18,649 - vector_service - INFO - 메타데이터 로드 완료: 40개 패턴
2025-06-02 16:33:18,650 - vector_service - INFO - 총 40개의 패턴 메타데이터 로드 완료
2025-06-02 16:33:18,699 - vector_service - INFO - 총 3개의 패턴 벡터 생성 시작
2025-06-02 16:33:20,527 - vector_service - INFO - 벡터 처리 완료
2025-06-02 16:33:20,529 - vector_service - INFO - 벡터 스토어 검증 시작
2025-06-02 16:33:20,695 - vector_service - INFO - 총 패턴 수: 103
2025-06-02 16:33:20,696 - vector_service - INFO - 총 벡터 수: 103
2025-06-02 16:33:20,699 - vector_service - INFO - 벡터 스토어 검증 완료: 정상
2025-06-02 16:33:40,337 - vector_service - INFO - 유사도 계산 완료 (소요시간: 0.35초)
2025-06-02 16:33:47,428 - vector_service - INFO - 유사도 계산 완료 (소요시간: 0.38초)
2025-06-02 16:34:14,796 - vector_service - INFO - 유사도 계산 완료 (소요시간: 0.24초)
2025-06-02 16:59:05,983 - vector_service - INFO - 유사도 계산 완료 (소요시간: 0.36초)
2025-06-02 16:59:19,339 - vector_service - INFO - 유사도 계산 완료 (소요시간: 0.25초)
2025-06-02 17:13:58,133 - vector_service - INFO - 유사도 계산 완료 (소요시간: 0.36초)
2025-06-02 17:14:03,444 - vector_service - INFO - 유사도 계산 완료 (소요시간: 0.21초)
2025-06-02 17:14:24,202 - vector_service - INFO - 유사도 계산 완료 (소요시간: 0.22초)
2025-06-02 17:14:34,144 - vector_service - INFO - 유사도 계산 완료 (소요시간: 0.18초)
2025-06-02 17:14:47,725 - vector_service - INFO - 유사도 계산 완료 (소요시간: 0.16초)
2025-06-02 17:15:26,685 - vector_service - INFO - 유사도 계산 완료 (소요시간: 0.21초)
2025-06-02 17:18:02,064 - vector_service - INFO - 벡터 스토어 초기화 시작
2025-06-02 17:18:02,185 - vector_service - INFO - 메타데이터 로드 완료: 40개 패턴
2025-06-02 17:18:02,186 - vector_service - INFO - 총 40개의 패턴 메타데이터 로드 완료
2025-06-02 17:18:02,219 - vector_service - INFO - 총 3개의 패턴 벡터 생성 시작
2025-06-02 17:18:02,415 - vector_service - INFO - 벡터 처리 완료
2025-06-02 17:18:02,417 - vector_service - INFO - 벡터 스토어 검증 시작
2025-06-02 17:18:02,432 - vector_service - INFO - 총 패턴 수: 106
2025-06-02 17:18:02,433 - vector_service - INFO - 총 벡터 수: 106
2025-06-02 17:18:02,435 - vector_service - INFO - 벡터 스토어 검증 완료: 정상
2025-06-02 17:18:26,037 - vector_service - INFO - 벡터 스토어 초기화 시작
2025-06-02 17:18:26,070 - vector_service - INFO - 메타데이터 로드 완료: 40개 패턴
2025-06-02 17:18:26,071 - vector_service - INFO - 총 40개의 패턴 메타데이터 로드 완료
2025-06-02 17:18:26,099 - vector_service - INFO - 총 3개의 패턴 벡터 생성 시작
2025-06-02 17:18:26,397 - vector_service - INFO - 벡터 처리 완료
2025-06-02 17:18:26,398 - vector_service - INFO - 벡터 스토어 검증 시작
2025-06-02 17:18:26,411 - vector_service - INFO - 총 패턴 수: 109
2025-06-02 17:18:26,412 - vector_service - INFO - 총 벡터 수: 109
2025-06-02 17:18:26,415 - vector_service - INFO - 벡터 스토어 검증 완료: 정상
2025-06-02 17:18:41,502 - vector_service - INFO - 유사도 계산 완료 (소요시간: 0.14초)
2025-06-02 17:25:07,119 - vector_service - INFO - 유사도 계산 완료 (소요시간: 0.42초)
2025-06-02 17:27:34,833 - vector_service - INFO - 유사도 계산 완료 (소요시간: 0.28초)
2025-06-02 17:30:24,741 - vector_service - INFO - 유사도 계산 완료 (소요시간: 0.28초)
2025-06-02 17:36:06,861 - vector_service - INFO - 벡터 스토어 초기화 시작
2025-06-02 17:36:06,895 - vector_service - INFO - 메타데이터 로드 완료: 40개 패턴
2025-06-02 17:36:06,896 - vector_service - INFO - 총 40개의 패턴 메타데이터 로드 완료
2025-06-02 17:36:06,925 - vector_service - INFO - 총 3개의 패턴 벡터 생성 시작
2025-06-02 17:36:07,169 - vector_service - INFO - 벡터 처리 완료
2025-06-02 17:36:07,171 - vector_service - INFO - 벡터 스토어 검증 시작
2025-06-02 17:36:07,196 - vector_service - INFO - 총 패턴 수: 112
2025-06-02 17:36:07,196 - vector_service - INFO - 총 벡터 수: 112
2025-06-02 17:36:07,200 - vector_service - INFO - 벡터 스토어 검증 완료: 정상
2025-06-02 17:37:41,533 - vector_service - INFO - 벡터 스토어 초기화 시작
2025-06-02 17:37:41,564 - vector_service - INFO - 메타데이터 로드 완료: 40개 패턴
2025-06-02 17:37:41,565 - vector_service - INFO - 총 40개의 패턴 메타데이터 로드 완료
2025-06-02 17:37:41,598 - vector_service - INFO - 총 3개의 패턴 벡터 생성 시작
2025-06-02 17:37:41,939 - vector_service - INFO - 벡터 처리 완료
2025-06-02 17:37:41,941 - vector_service - INFO - 벡터 스토어 검증 시작
2025-06-02 17:37:41,956 - vector_service - INFO - 총 패턴 수: 115
2025-06-02 17:37:41,956 - vector_service - INFO - 총 벡터 수: 115
2025-06-02 17:37:41,959 - vector_service - INFO - 벡터 스토어 검증 완료: 정상
2025-06-02 17:48:35,252 - vector_service - INFO - 벡터 스토어 초기화 시작
2025-06-02 17:48:35,281 - vector_service - INFO - 메타데이터 로드 완료: 40개 패턴
2025-06-02 17:48:35,283 - vector_service - INFO - 총 40개의 패턴 메타데이터 로드 완료
2025-06-02 17:48:35,325 - vector_service - INFO - 총 3개의 패턴 벡터 생성 시작
2025-06-02 17:48:35,632 - vector_service - INFO - 벡터 처리 완료
2025-06-02 17:48:35,634 - vector_service - INFO - 벡터 스토어 검증 시작
2025-06-02 17:48:35,720 - vector_service - INFO - 총 패턴 수: 118
2025-06-02 17:48:35,720 - vector_service - INFO - 총 벡터 수: 118
2025-06-02 17:48:35,722 - vector_service - INFO - 벡터 스토어 검증 완료: 정상
2025-06-02 17:48:54,317 - vector_service - INFO - 벡터 스토어 초기화 시작
2025-06-02 17:48:54,341 - vector_service - INFO - 메타데이터 로드 완료: 40개 패턴
2025-06-02 17:48:54,343 - vector_service - INFO - 총 40개의 패턴 메타데이터 로드 완료
2025-06-02 17:48:54,376 - vector_service - INFO - 총 3개의 패턴 벡터 생성 시작
2025-06-02 17:48:54,541 - vector_service - INFO - 벡터 처리 완료
2025-06-02 17:48:54,543 - vector_service - INFO - 벡터 스토어 검증 시작
2025-06-02 17:48:54,557 - vector_service - INFO - 총 패턴 수: 121
2025-06-02 17:48:54,558 - vector_service - INFO - 총 벡터 수: 121
2025-06-02 17:48:54,560 - vector_service - INFO - 벡터 스토어 검증 완료: 정상
2025-06-02 17:49:56,720 - vector_service - INFO - 벡터 스토어 초기화 시작
2025-06-02 17:49:56,748 - vector_service - INFO - 메타데이터 로드 완료: 40개 패턴
2025-06-02 17:49:56,749 - vector_service - INFO - 총 40개의 패턴 메타데이터 로드 완료
2025-06-02 17:49:56,778 - vector_service - INFO - 총 3개의 패턴 벡터 생성 시작
2025-06-02 17:49:57,075 - vector_service - INFO - 벡터 처리 완료
2025-06-02 17:49:57,076 - vector_service - INFO - 벡터 스토어 검증 시작
2025-06-02 17:49:57,091 - vector_service - INFO - 총 패턴 수: 124
2025-06-02 17:49:57,091 - vector_service - INFO - 총 벡터 수: 124
2025-06-02 17:49:57,093 - vector_service - INFO - 벡터 스토어 검증 완료: 정상
2025-06-02 17:51:04,456 - vector_service - INFO - 벡터 스토어 초기화 시작
2025-06-02 17:51:04,477 - vector_service - INFO - 메타데이터 로드 완료: 40개 패턴
2025-06-02 17:51:04,477 - vector_service - INFO - 총 40개의 패턴 메타데이터 로드 완료
2025-06-02 17:51:04,516 - vector_service - INFO - 총 3개의 패턴 벡터 생성 시작
2025-06-02 17:51:04,731 - vector_service - INFO - 벡터 처리 완료
2025-06-02 17:51:04,732 - vector_service - INFO - 벡터 스토어 검증 시작
2025-06-02 17:51:04,748 - vector_service - INFO - 총 패턴 수: 127
2025-06-02 17:51:04,748 - vector_service - INFO - 총 벡터 수: 127
2025-06-02 17:51:04,751 - vector_service - INFO - 벡터 스토어 검증 완료: 정상
2025-06-02 17:51:09,699 - vector_service - INFO - 유사도 계산 완료 (소요시간: 0.31초)
2025-06-02 17:51:30,811 - vector_service - INFO - 유사도 계산 완료 (소요시간: 0.30초)
2025-06-02 17:51:39,569 - vector_service - INFO - 유사도 계산 완료 (소요시간: 0.34초)
2025-06-02 17:56:58,531 - vector_service - INFO - 벡터 스토어 초기화 시작
2025-06-02 17:56:58,548 - vector_service - INFO - 메타데이터 로드 완료: 40개 패턴
2025-06-02 17:56:58,549 - vector_service - INFO - 총 40개의 패턴 메타데이터 로드 완료
2025-06-02 17:56:58,589 - vector_service - INFO - 총 3개의 패턴 벡터 생성 시작
2025-06-02 17:56:58,779 - vector_service - INFO - 벡터 처리 완료
2025-06-02 17:56:58,780 - vector_service - INFO - 벡터 스토어 검증 시작
2025-06-02 17:56:58,811 - vector_service - INFO - 총 패턴 수: 130
2025-06-02 17:56:58,812 - vector_service - INFO - 총 벡터 수: 130
2025-06-02 17:56:58,814 - vector_service - INFO - 벡터 스토어 검증 완료: 정상
2025-06-02 17:57:40,839 - vector_service - INFO - 유사도 계산 완료 (소요시간: 0.34초)
2025-06-02 17:57:41,150 - vector_service - ERROR - 유사 질문 검색 중 오류 발생: ufunc 'multiply' did not contain a loop with signature matching types (dtype('<U17'), dtype('<U23')) -> None
2025-06-02 17:59:21,772 - vector_service - INFO - 벡터 스토어 초기화 시작
2025-06-02 17:59:21,792 - vector_service - INFO - 메타데이터 로드 완료: 40개 패턴
2025-06-02 17:59:21,793 - vector_service - INFO - 총 40개의 패턴 메타데이터 로드 완료
2025-06-02 17:59:21,813 - vector_service - INFO - 총 3개의 패턴 벡터 생성 시작
2025-06-02 17:59:22,118 - vector_service - INFO - 벡터 처리 완료
2025-06-02 17:59:22,120 - vector_service - INFO - 벡터 스토어 검증 시작
2025-06-02 17:59:22,165 - vector_service - INFO - 총 패턴 수: 133
2025-06-02 17:59:22,165 - vector_service - INFO - 총 벡터 수: 133
2025-06-02 17:59:22,168 - vector_service - INFO - 벡터 스토어 검증 완료: 정상
2025-06-02 18:00:01,387 - vector_service - INFO - 유사도 계산 완료 (소요시간: 0.37초)
2025-06-02 18:00:01,638 - vector_service - ERROR - 유사 질문 검색 중 오류 발생: ufunc 'multiply' did not contain a loop with signature matching types (dtype('<U20'), dtype('<U23')) -> None
2025-06-02 18:00:38,958 - vector_service - INFO - 유사도 계산 완료 (소요시간: 0.25초)
2025-06-02 18:00:43,020 - vector_service - INFO - 유사도 계산 완료 (소요시간: 0.25초)
2025-06-02 18:00:43,264 - vector_service - ERROR - 유사 질문 검색 중 오류 발생: ufunc 'multiply' did not contain a loop with signature matching types (dtype('<U6'), dtype('<U23')) -> None
2025-06-02 18:00:49,244 - vector_service - INFO - 유사도 계산 완료 (소요시간: 0.32초)
2025-06-02 18:01:23,769 - vector_service - INFO - 벡터 스토어 초기화 시작
2025-06-02 18:01:23,796 - vector_service - INFO - 메타데이터 로드 완료: 40개 패턴
2025-06-02 18:01:23,797 - vector_service - INFO - 총 40개의 패턴 메타데이터 로드 완료
2025-06-02 18:01:23,876 - vector_service - INFO - 총 3개의 패턴 벡터 생성 시작
2025-06-02 18:01:24,093 - vector_service - INFO - 벡터 처리 완료
2025-06-02 18:01:24,094 - vector_service - INFO - 벡터 스토어 검증 시작
2025-06-02 18:01:24,108 - vector_service - INFO - 총 패턴 수: 136
2025-06-02 18:01:24,108 - vector_service - INFO - 총 벡터 수: 136
2025-06-02 18:01:24,110 - vector_service - INFO - 벡터 스토어 검증 완료: 정상
2025-06-02 18:01:26,626 - vector_service - INFO - 유사도 계산 완료 (소요시간: 0.35초)
2025-06-02 18:07:47,245 - vector_service - INFO - 유사도 계산 완료 (소요시간: 0.25초)
2025-06-02 18:07:47,497 - vector_service - ERROR - 유사 질문 검색 중 오류 발생: could not convert string to float: '서울지역 날씨 정보알고 싶어'
2025-06-02 18:10:58,093 - vector_service - INFO - 유사도 계산 완료 (소요시간: 0.35초)
2025-06-02 18:13:23,972 - vector_service - INFO - 유사도 계산 완료 (소요시간: 0.37초)
2025-06-02 18:13:35,114 - vector_service - INFO - 유사도 계산 완료 (소요시간: 0.42초)
2025-06-02 18:15:43,685 - vector_service - INFO - 유사도 계산 완료 (소요시간: 0.52초)
2025-06-02 18:18:07,202 - vector_service - INFO - 유사도 계산 완료 (소요시간: 0.44초)
2025-06-02 18:21:10,421 - vector_service - INFO - 벡터 스토어 초기화 시작
2025-06-02 18:21:10,454 - vector_service - INFO - 메타데이터 로드 완료: 52개 패턴
2025-06-02 18:21:10,456 - vector_service - INFO - 총 52개의 패턴 메타데이터 로드 완료
2025-06-02 18:21:10,471 - vector_service - INFO - 총 12개의 패턴 벡터 생성 시작
2025-06-02 18:21:10,927 - vector_service - INFO - 벡터 처리 완료
2025-06-02 18:21:10,928 - vector_service - INFO - 벡터 스토어 검증 시작
2025-06-02 18:21:10,995 - vector_service - INFO - 총 패턴 수: 159
2025-06-02 18:21:10,996 - vector_service - INFO - 총 벡터 수: 159
2025-06-02 18:21:10,998 - vector_service - INFO - 벡터 스토어 검증 완료: 정상
2025-06-02 18:21:32,642 - vector_service - INFO - 벡터 스토어 초기화 시작
2025-06-02 18:21:32,676 - vector_service - INFO - 메타데이터 로드 완료: 52개 패턴
2025-06-02 18:21:32,677 - vector_service - INFO - 총 52개의 패턴 메타데이터 로드 완료
2025-06-02 18:21:32,709 - vector_service - INFO - 총 9개의 패턴 벡터 생성 시작
2025-06-02 18:21:33,337 - vector_service - INFO - 벡터 처리 완료
2025-06-02 18:21:33,339 - vector_service - INFO - 벡터 스토어 검증 시작
2025-06-02 18:21:33,350 - vector_service - INFO - 총 패턴 수: 168
2025-06-02 18:21:33,350 - vector_service - INFO - 총 벡터 수: 168
2025-06-02 18:21:33,354 - vector_service - INFO - 벡터 스토어 검증 완료: 정상
2025-06-02 18:23:02,438 - vector_service - INFO - 유사도 계산 완료 (소요시간: 0.34초)
2025-06-02 18:27:36,140 - vector_service - INFO - 벡터 스토어 초기화 시작
2025-06-02 18:27:36,159 - vector_service - INFO - 메타데이터 로드 완료: 52개 패턴
2025-06-02 18:27:36,160 - vector_service - INFO - 총 52개의 패턴 메타데이터 로드 완료
2025-06-02 18:27:36,185 - vector_service - INFO - 총 9개의 패턴 벡터 생성 시작
2025-06-02 18:27:36,559 - vector_service - INFO - 벡터 처리 완료
2025-06-02 18:27:36,560 - vector_service - INFO - 벡터 스토어 검증 시작
2025-06-02 18:27:36,605 - vector_service - INFO - 총 패턴 수: 177
2025-06-02 18:27:36,605 - vector_service - INFO - 총 벡터 수: 177
2025-06-02 18:27:36,608 - vector_service - INFO - 벡터 스토어 검증 완료: 정상
2025-06-02 18:27:58,302 - vector_service - INFO - 벡터 스토어 초기화 시작
2025-06-02 18:27:58,328 - vector_service - INFO - 메타데이터 로드 완료: 52개 패턴
2025-06-02 18:27:58,329 - vector_service - INFO - 총 52개의 패턴 메타데이터 로드 완료
2025-06-02 18:27:58,367 - vector_service - INFO - 총 9개의 패턴 벡터 생성 시작
2025-06-02 18:27:58,723 - vector_service - INFO - 벡터 처리 완료
2025-06-02 18:27:58,725 - vector_service - INFO - 벡터 스토어 검증 시작
2025-06-02 18:27:58,744 - vector_service - INFO - 총 패턴 수: 186
2025-06-02 18:27:58,744 - vector_service - INFO - 총 벡터 수: 186
2025-06-02 18:27:58,748 - vector_service - INFO - 벡터 스토어 검증 완료: 정상
2025-06-02 18:28:12,895 - vector_service - INFO - 유사도 계산 완료 (소요시간: 0.47초)
2025-06-02 18:28:29,188 - vector_service - INFO - 유사도 계산 완료 (소요시간: 0.44초)
2025-06-02 18:28:37,749 - vector_service - INFO - 유사도 계산 완료 (소요시간: 0.65초)
2025-06-02 18:30:59,400 - vector_service - INFO - 벡터 스토어 초기화 시작
2025-06-02 18:30:59,422 - vector_service - INFO - 메타데이터 로드 완료: 52개 패턴
2025-06-02 18:30:59,423 - vector_service - INFO - 총 52개의 패턴 메타데이터 로드 완료
2025-06-02 18:30:59,441 - vector_service - INFO - 총 9개의 패턴 벡터 생성 시작
2025-06-02 18:30:59,906 - vector_service - INFO - 벡터 처리 완료
2025-06-02 18:30:59,907 - vector_service - INFO - 벡터 스토어 검증 시작
2025-06-02 18:30:59,952 - vector_service - INFO - 총 패턴 수: 195
2025-06-02 18:30:59,952 - vector_service - INFO - 총 벡터 수: 195
2025-06-02 18:30:59,957 - vector_service - INFO - 벡터 스토어 검증 완료: 정상
2025-06-02 18:31:22,870 - vector_service - INFO - 벡터 스토어 초기화 시작
2025-06-02 18:31:22,886 - vector_service - INFO - 메타데이터 로드 완료: 52개 패턴
2025-06-02 18:31:22,887 - vector_service - INFO - 총 52개의 패턴 메타데이터 로드 완료
2025-06-02 18:31:22,924 - vector_service - INFO - 총 9개의 패턴 벡터 생성 시작
2025-06-02 18:31:23,316 - vector_service - INFO - 벡터 처리 완료
2025-06-02 18:31:23,318 - vector_service - INFO - 벡터 스토어 검증 시작
2025-06-02 18:31:23,330 - vector_service - INFO - 총 패턴 수: 204
2025-06-02 18:31:23,331 - vector_service - INFO - 총 벡터 수: 204
2025-06-02 18:31:23,333 - vector_service - INFO - 벡터 스토어 검증 완료: 정상
2025-06-02 18:31:27,302 - vector_service - INFO - 유사도 계산 완료 (소요시간: 0.45초)
2025-06-02 18:32:21,475 - vector_service - INFO - 유사도 계산 완료 (소요시간: 0.42초)
2025-06-02 18:32:28,545 - vector_service - INFO - 유사도 계산 완료 (소요시간: 0.52초)
2025-06-02 18:32:46,331 - vector_service - INFO - 유사도 계산 완료 (소요시간: 0.61초)
2025-06-02 18:48:28,476 - vector_service - INFO - 벡터 스토어 초기화 시작
2025-06-02 18:48:28,520 - vector_service - INFO - 메타데이터 로드 완료: 52개 패턴
2025-06-02 18:48:28,522 - vector_service - INFO - 총 52개의 패턴 메타데이터 로드 완료
2025-06-02 18:48:28,560 - vector_service - INFO - 총 9개의 패턴 벡터 생성 시작
2025-06-02 18:48:30,171 - vector_service - INFO - 벡터 처리 완료
2025-06-02 18:48:30,173 - vector_service - INFO - 벡터 스토어 검증 시작
2025-06-02 18:48:30,185 - vector_service - INFO - 총 패턴 수: 213
2025-06-02 18:48:30,186 - vector_service - INFO - 총 벡터 수: 213
2025-06-02 18:48:30,189 - vector_service - INFO - 벡터 스토어 검증 완료: 정상
2025-06-02 23:19:06,942 - vector_service - INFO - 벡터 스토어 초기화 시작
2025-06-02 23:19:16,974 - vector_service - ERROR - 벡터 스토어 초기화 중 오류 발생: (2003, "Can't connect to MySQL server on '192.168.0.200' (timed out)")
2025-06-02 23:19:16,975 - vector_service - INFO - 벡터 스토어 검증 시작
