2025-05-30 15:35:13,475 - vector_service - INFO - 벡터 스토어 초기화 시작
2025-05-30 15:35:13,505 - vector_service - INFO - 메타데이터 로드 완료: 90개 패턴
2025-05-30 15:35:13,506 - vector_service - INFO - 총 90개의 패턴 메타데이터 로드 완료
2025-05-30 15:35:13,543 - vector_service - INFO - 갱신이 필요한 패턴이 없습니다.
2025-05-30 15:35:13,552 - vector_service - INFO - 벡터 스토어 상태: 총 90개 (완료: 90, 대기: 0, 실패: 0)
2025-05-30 15:35:13,554 - vector_service - INFO - 벡터 스토어 검증 시작
2025-05-30 15:35:13,591 - vector_service - INFO - 총 패턴 수: 90
2025-05-30 15:35:13,591 - vector_service - INFO - 총 벡터 수: 90
2025-05-30 15:36:52,700 - vector_service - INFO - 벡터 스토어 초기화 시작
2025-05-30 15:36:52,715 - vector_service - INFO - 메타데이터 로드 완료: 90개 패턴
2025-05-30 15:36:52,716 - vector_service - INFO - 총 90개의 패턴 메타데이터 로드 완료
2025-05-30 15:36:52,732 - vector_service - INFO - 갱신이 필요한 패턴이 없습니다.
2025-05-30 15:36:52,736 - vector_service - INFO - 벡터 스토어 상태: 총 90개 (완료: 90, 대기: 0, 실패: 0)
2025-05-30 15:36:52,737 - vector_service - INFO - 벡터 스토어 검증 시작
2025-05-30 15:36:52,777 - vector_service - INFO - 총 패턴 수: 90
2025-05-30 15:36:52,777 - vector_service - INFO - 총 벡터 수: 90
2025-05-30 15:36:52,781 - vector_service - INFO - 벡터 스토어 검증 완료: 정상
2025-05-30 15:37:07,875 - vector_service - INFO - 벡터 스토어 초기화 시작
2025-05-30 15:37:07,908 - vector_service - INFO - 메타데이터 로드 완료: 90개 패턴
2025-05-30 15:37:07,909 - vector_service - INFO - 총 90개의 패턴 메타데이터 로드 완료
2025-05-30 15:37:07,935 - vector_service - INFO - 갱신이 필요한 패턴이 없습니다.
2025-05-30 15:37:07,940 - vector_service - INFO - 벡터 스토어 상태: 총 90개 (완료: 90, 대기: 0, 실패: 0)
2025-05-30 15:37:07,941 - vector_service - INFO - 벡터 스토어 검증 시작
2025-05-30 15:37:07,964 - vector_service - INFO - 총 패턴 수: 90
2025-05-30 15:37:07,965 - vector_service - INFO - 총 벡터 수: 90
2025-05-30 15:37:07,972 - vector_service - INFO - 벡터 스토어 검증 완료: 정상
2025-05-30 15:37:36,292 - vector_service - INFO - 벡터 스토어 초기화 시작
2025-05-30 15:37:36,335 - vector_service - INFO - 메타데이터 로드 완료: 90개 패턴
2025-05-30 15:37:36,336 - vector_service - INFO - 총 90개의 패턴 메타데이터 로드 완료
2025-05-30 15:37:36,374 - vector_service - INFO - 갱신이 필요한 패턴이 없습니다.
2025-05-30 15:37:36,380 - vector_service - INFO - 벡터 스토어 상태: 총 90개 (완료: 90, 대기: 0, 실패: 0)
2025-05-30 15:37:36,383 - vector_service - INFO - 벡터 스토어 검증 시작
2025-05-30 15:37:36,399 - vector_service - INFO - 총 패턴 수: 90
2025-05-30 15:37:36,400 - vector_service - INFO - 총 벡터 수: 90
2025-05-30 15:37:36,402 - vector_service - INFO - 벡터 스토어 검증 완료: 정상
2025-05-30 15:37:40,308 - vector_service - INFO - 유사 질문 검색 완료 (소요시간: 0.17초)
2025-05-30 15:37:40,308 - vector_service - INFO - 유사 질문 찾음 (점수: 0.9037)
2025-05-30 15:37:40,523 - vector_service - INFO - 유사 질문 검색 완료 (소요시간: 0.16초)
2025-05-30 15:37:40,523 - vector_service - INFO - 유사 질문 찾음 (점수: 0.9037)
2025-05-30 15:38:00,231 - vector_service - INFO - 유사 질문 검색 완료 (소요시간: 0.17초)
2025-05-30 15:38:00,231 - vector_service - INFO - 유사 질문 찾음 (점수: 0.9037)
2025-05-30 15:38:00,459 - vector_service - INFO - 유사 질문 검색 완료 (소요시간: 0.20초)
2025-05-30 15:38:00,459 - vector_service - INFO - 유사 질문 찾음 (점수: 0.9037)
2025-05-30 15:39:41,177 - vector_service - INFO - 벡터 스토어 초기화 시작
2025-05-30 15:39:41,194 - vector_service - INFO - 메타데이터 로드 완료: 90개 패턴
2025-05-30 15:39:41,196 - vector_service - INFO - 총 90개의 패턴 메타데이터 로드 완료
2025-05-30 15:39:41,211 - vector_service - INFO - 갱신이 필요한 패턴이 없습니다.
2025-05-30 15:39:41,222 - vector_service - INFO - 벡터 스토어 상태: 총 90개 (완료: 90, 대기: 0, 실패: 0)
2025-05-30 15:39:41,223 - vector_service - INFO - 벡터 스토어 검증 시작
2025-05-30 15:39:41,242 - vector_service - INFO - 총 패턴 수: 90
2025-05-30 15:39:41,242 - vector_service - INFO - 총 벡터 수: 90
2025-05-30 15:39:41,245 - vector_service - INFO - 벡터 스토어 검증 완료: 정상
2025-05-30 15:40:11,258 - vector_service - INFO - 유사 질문 검색 완료 (소요시간: 0.17초)
2025-05-30 15:40:11,259 - vector_service - INFO - 유사 질문 찾음 (점수: 0.9037)
2025-05-30 15:40:11,447 - vector_service - INFO - 유사 질문 검색 완료 (소요시간: 0.16초)
2025-05-30 15:40:11,447 - vector_service - INFO - 유사 질문 찾음 (점수: 0.9037)
2025-05-30 15:43:42,669 - vector_service - INFO - 벡터 스토어 초기화 시작
2025-05-30 15:43:42,706 - vector_service - INFO - 메타데이터 로드 완료: 90개 패턴
2025-05-30 15:43:42,707 - vector_service - INFO - 총 90개의 패턴 메타데이터 로드 완료
2025-05-30 15:43:42,730 - vector_service - INFO - 갱신이 필요한 패턴이 없습니다.
2025-05-30 15:43:42,735 - vector_service - INFO - 벡터 스토어 상태: 총 90개 (완료: 90, 대기: 0, 실패: 0)
2025-05-30 15:43:42,737 - vector_service - INFO - 벡터 스토어 검증 시작
2025-05-30 15:43:42,754 - vector_service - INFO - 총 패턴 수: 90
2025-05-30 15:43:42,754 - vector_service - INFO - 총 벡터 수: 90
2025-05-30 15:43:42,756 - vector_service - INFO - 벡터 스토어 검증 완료: 정상
2025-05-30 15:43:59,956 - vector_service - INFO - 벡터 스토어 초기화 시작
2025-05-30 15:43:59,976 - vector_service - INFO - 메타데이터 로드 완료: 90개 패턴
2025-05-30 15:43:59,977 - vector_service - INFO - 총 90개의 패턴 메타데이터 로드 완료
2025-05-30 15:43:59,994 - vector_service - INFO - 갱신이 필요한 패턴이 없습니다.
2025-05-30 15:44:00,002 - vector_service - INFO - 벡터 스토어 상태: 총 90개 (완료: 90, 대기: 0, 실패: 0)
2025-05-30 15:44:00,004 - vector_service - INFO - 벡터 스토어 검증 시작
2025-05-30 15:44:00,039 - vector_service - INFO - 총 패턴 수: 90
2025-05-30 15:44:00,040 - vector_service - INFO - 총 벡터 수: 90
2025-05-30 15:44:00,045 - vector_service - INFO - 벡터 스토어 검증 완료: 정상
2025-05-30 15:46:03,445 - vector_service - INFO - 유사 질문 검색 완료 (소요시간: 0.20초)
2025-05-30 15:46:03,445 - vector_service - INFO - 유사 질문 찾음 (점수: 0.9037)
2025-05-30 15:46:03,647 - vector_service - INFO - 유사 질문 검색 완료 (소요시간: 0.16초)
2025-05-30 15:46:03,647 - vector_service - INFO - 유사 질문 찾음 (점수: 0.9037)
2025-05-30 15:46:26,837 - vector_service - INFO - 유사 질문 검색 완료 (소요시간: 0.15초)
2025-05-30 15:46:26,837 - vector_service - INFO - 유사 질문 찾음 (점수: 0.8938)
2025-05-30 15:46:27,003 - vector_service - INFO - 유사 질문 검색 완료 (소요시간: 0.14초)
2025-05-30 15:46:27,004 - vector_service - INFO - 유사 질문 찾음 (점수: 0.8938)
2025-05-30 15:47:48,215 - vector_service - INFO - 유사 질문 검색 완료 (소요시간: 0.19초)
2025-05-30 15:47:48,215 - vector_service - INFO - 유사 질문 찾음 (점수: 0.9158)
2025-05-30 15:47:48,409 - vector_service - INFO - 유사 질문 검색 완료 (소요시간: 0.17초)
2025-05-30 15:47:48,409 - vector_service - INFO - 유사 질문 찾음 (점수: 0.9158)
2025-05-30 15:49:27,720 - vector_service - INFO - 유사 질문 검색 완료 (소요시간: 0.20초)
2025-05-30 15:49:27,721 - vector_service - INFO - 유사 질문 찾음 (점수: 0.9037)
2025-05-30 15:49:27,929 - vector_service - INFO - 유사 질문 검색 완료 (소요시간: 0.18초)
2025-05-30 15:49:27,929 - vector_service - INFO - 유사 질문 찾음 (점수: 0.9037)
2025-05-30 15:50:39,653 - vector_service - INFO - 유사 질문 검색 완료 (소요시간: 0.13초)
2025-05-30 15:50:39,654 - vector_service - INFO - 유사 질문 찾음 (점수: 0.9037)
2025-05-30 15:50:39,825 - vector_service - INFO - 유사 질문 검색 완료 (소요시간: 0.14초)
2025-05-30 15:50:39,826 - vector_service - INFO - 유사 질문 찾음 (점수: 0.9037)
2025-05-30 16:54:20,648 - vector_service - INFO - 벡터 스토어 초기화 시작
2025-05-30 16:54:20,678 - vector_service - INFO - 메타데이터 로드 완료: 90개 패턴
2025-05-30 16:54:20,679 - vector_service - INFO - 총 90개의 패턴 메타데이터 로드 완료
2025-05-30 16:54:20,699 - vector_service - INFO - 갱신이 필요한 패턴이 없습니다.
2025-05-30 16:54:20,707 - vector_service - INFO - 벡터 스토어 상태: 총 90개 (완료: 90, 대기: 0, 실패: 0)
2025-05-30 16:54:20,709 - vector_service - INFO - 벡터 스토어 검증 시작
2025-05-30 16:54:20,738 - vector_service - INFO - 총 패턴 수: 90
2025-05-30 16:54:20,739 - vector_service - INFO - 총 벡터 수: 90
2025-05-30 16:54:20,742 - vector_service - INFO - 벡터 스토어 검증 완료: 정상
2025-05-30 17:50:29,227 - vector_service - INFO - 벡터 스토어 초기화 시작
2025-05-30 17:50:29,248 - vector_service - INFO - 메타데이터 로드 완료: 26개 패턴
2025-05-30 17:50:29,249 - vector_service - INFO - 총 26개의 패턴 메타데이터 로드 완료
2025-05-30 17:50:29,278 - vector_service - INFO - 총 26개의 패턴 벡터 생성 시작
2025-05-30 17:50:32,503 - vector_service - INFO - 벡터 처리 완료
2025-05-30 17:51:28,929 - vector_service - INFO - 벡터 스토어 초기화 시작
2025-05-30 17:51:28,968 - vector_service - INFO - 메타데이터 로드 완료: 26개 패턴
2025-05-30 17:51:28,970 - vector_service - INFO - 총 26개의 패턴 메타데이터 로드 완료
2025-05-30 17:51:28,992 - vector_service - INFO - 갱신이 필요한 패턴이 없습니다.
2025-05-30 17:51:28,994 - vector_service - INFO - 벡터 스토어 검증 시작
2025-05-30 17:51:29,015 - vector_service - INFO - 총 패턴 수: 26
2025-05-30 17:51:29,016 - vector_service - INFO - 총 벡터 수: 26
2025-05-30 17:51:29,019 - vector_service - INFO - 벡터 스토어 검증 완료: 정상
2025-05-30 17:51:44,541 - vector_service - INFO - 벡터 스토어 초기화 시작
2025-05-30 17:51:44,575 - vector_service - INFO - 메타데이터 로드 완료: 26개 패턴
2025-05-30 17:51:44,577 - vector_service - INFO - 총 26개의 패턴 메타데이터 로드 완료
2025-05-30 17:51:44,596 - vector_service - INFO - 갱신이 필요한 패턴이 없습니다.
2025-05-30 17:51:44,601 - vector_service - INFO - 벡터 스토어 검증 시작
2025-05-30 17:51:44,636 - vector_service - INFO - 총 패턴 수: 26
2025-05-30 17:51:44,637 - vector_service - INFO - 총 벡터 수: 26
2025-05-30 17:51:44,639 - vector_service - INFO - 벡터 스토어 검증 완료: 정상
2025-05-30 17:54:49,015 - vector_service - INFO - 벡터 스토어 초기화 시작
2025-05-30 17:54:49,055 - vector_service - INFO - 메타데이터 로드 완료: 26개 패턴
2025-05-30 17:54:49,056 - vector_service - INFO - 총 26개의 패턴 메타데이터 로드 완료
2025-05-30 17:54:49,089 - vector_service - INFO - 갱신이 필요한 패턴이 없습니다.
2025-05-30 17:54:49,090 - vector_service - INFO - 벡터 스토어 검증 시작
2025-05-30 17:54:49,104 - vector_service - INFO - 총 패턴 수: 26
2025-05-30 17:54:49,104 - vector_service - INFO - 총 벡터 수: 26
2025-05-30 17:54:49,106 - vector_service - INFO - 벡터 스토어 검증 완료: 정상
2025-05-30 17:55:58,219 - vector_service - INFO - 벡터 스토어 초기화 시작
2025-05-30 17:55:58,247 - vector_service - INFO - 메타데이터 로드 완료: 26개 패턴
2025-05-30 17:55:58,248 - vector_service - INFO - 총 26개의 패턴 메타데이터 로드 완료
2025-05-30 17:55:58,268 - vector_service - INFO - 갱신이 필요한 패턴이 없습니다.
2025-05-30 17:55:58,269 - vector_service - INFO - 벡터 스토어 검증 시작
2025-05-30 17:55:58,314 - vector_service - INFO - 총 패턴 수: 26
2025-05-30 17:55:58,315 - vector_service - INFO - 총 벡터 수: 26
2025-05-30 17:55:58,317 - vector_service - INFO - 벡터 스토어 검증 완료: 정상
2025-05-30 17:57:24,039 - vector_service - INFO - 벡터 스토어 초기화 시작
2025-05-30 17:57:24,062 - vector_service - INFO - 메타데이터 로드 완료: 26개 패턴
2025-05-30 17:57:24,063 - vector_service - INFO - 총 26개의 패턴 메타데이터 로드 완료
2025-05-30 17:57:24,083 - vector_service - INFO - 갱신이 필요한 패턴이 없습니다.
2025-05-30 17:57:24,084 - vector_service - INFO - 벡터 스토어 검증 시작
2025-05-30 17:57:24,108 - vector_service - INFO - 총 패턴 수: 26
2025-05-30 17:57:24,112 - vector_service - INFO - 총 벡터 수: 26
2025-05-30 17:57:24,124 - vector_service - INFO - 벡터 스토어 검증 완료: 정상
2025-05-30 17:57:50,643 - vector_service - INFO - 벡터 스토어 초기화 시작
2025-05-30 17:57:50,665 - vector_service - INFO - 메타데이터 로드 완료: 26개 패턴
2025-05-30 17:57:50,666 - vector_service - INFO - 총 26개의 패턴 메타데이터 로드 완료
2025-05-30 17:57:50,682 - vector_service - INFO - 갱신이 필요한 패턴이 없습니다.
2025-05-30 17:57:50,683 - vector_service - INFO - 벡터 스토어 검증 시작
2025-05-30 17:57:50,701 - vector_service - INFO - 총 패턴 수: 26
2025-05-30 17:57:50,702 - vector_service - INFO - 총 벡터 수: 26
2025-05-30 17:57:50,704 - vector_service - INFO - 벡터 스토어 검증 완료: 정상
2025-05-30 17:59:03,704 - vector_service - INFO - 벡터 스토어 초기화 시작
2025-05-30 17:59:03,719 - vector_service - INFO - 메타데이터 로드 완료: 26개 패턴
2025-05-30 17:59:03,720 - vector_service - INFO - 총 26개의 패턴 메타데이터 로드 완료
2025-05-30 17:59:03,744 - vector_service - INFO - 갱신이 필요한 패턴이 없습니다.
2025-05-30 17:59:03,745 - vector_service - INFO - 벡터 스토어 검증 시작
2025-05-30 17:59:03,759 - vector_service - INFO - 총 패턴 수: 26
2025-05-30 17:59:03,759 - vector_service - INFO - 총 벡터 수: 26
2025-05-30 17:59:03,769 - vector_service - INFO - 벡터 스토어 검증 완료: 정상
2025-05-30 17:59:42,854 - vector_service - INFO - 벡터 스토어 초기화 시작
2025-05-30 17:59:42,878 - vector_service - INFO - 메타데이터 로드 완료: 26개 패턴
2025-05-30 17:59:42,879 - vector_service - INFO - 총 26개의 패턴 메타데이터 로드 완료
2025-05-30 17:59:42,914 - vector_service - INFO - 갱신이 필요한 패턴이 없습니다.
2025-05-30 17:59:42,916 - vector_service - INFO - 벡터 스토어 검증 시작
2025-05-30 17:59:42,936 - vector_service - INFO - 총 패턴 수: 26
2025-05-30 17:59:42,937 - vector_service - INFO - 총 벡터 수: 26
2025-05-30 17:59:42,940 - vector_service - INFO - 벡터 스토어 검증 완료: 정상
2025-05-30 18:01:48,219 - vector_service - INFO - 벡터 스토어 초기화 시작
2025-05-30 18:01:48,237 - vector_service - INFO - 메타데이터 로드 완료: 26개 패턴
2025-05-30 18:01:48,239 - vector_service - INFO - 총 26개의 패턴 메타데이터 로드 완료
2025-05-30 18:01:48,268 - vector_service - INFO - 갱신이 필요한 패턴이 없습니다.
2025-05-30 18:01:48,270 - vector_service - INFO - 벡터 스토어 검증 시작
2025-05-30 18:01:48,295 - vector_service - INFO - 총 패턴 수: 26
2025-05-30 18:01:48,296 - vector_service - INFO - 총 벡터 수: 26
2025-05-30 18:01:48,302 - vector_service - INFO - 벡터 스토어 검증 완료: 정상
2025-05-30 18:01:48,739 - vector_service - INFO - 유사도 계산 완료 (소요시간: 0.09초)
2025-05-30 18:03:20,495 - vector_service - INFO - 벡터 스토어 초기화 시작
2025-05-30 18:03:20,517 - vector_service - INFO - 메타데이터 로드 완료: 26개 패턴
2025-05-30 18:03:20,518 - vector_service - INFO - 총 26개의 패턴 메타데이터 로드 완료
2025-05-30 18:03:20,541 - vector_service - INFO - 갱신이 필요한 패턴이 없습니다.
2025-05-30 18:03:20,542 - vector_service - INFO - 벡터 스토어 검증 시작
2025-05-30 18:03:20,578 - vector_service - INFO - 총 패턴 수: 26
2025-05-30 18:03:20,579 - vector_service - INFO - 총 벡터 수: 26
2025-05-30 18:03:20,581 - vector_service - INFO - 벡터 스토어 검증 완료: 정상
2025-05-30 18:03:20,730 - vector_service - INFO - 유사도 계산 완료 (소요시간: 0.06초)
2025-05-30 18:04:30,885 - vector_service - INFO - 벡터 스토어 초기화 시작
2025-05-30 18:04:30,921 - vector_service - INFO - 메타데이터 로드 완료: 26개 패턴
2025-05-30 18:04:30,922 - vector_service - INFO - 총 26개의 패턴 메타데이터 로드 완료
2025-05-30 18:04:30,945 - vector_service - INFO - 갱신이 필요한 패턴이 없습니다.
2025-05-30 18:04:30,947 - vector_service - INFO - 벡터 스토어 검증 시작
2025-05-30 18:04:30,980 - vector_service - INFO - 총 패턴 수: 26
2025-05-30 18:04:30,981 - vector_service - INFO - 총 벡터 수: 26
2025-05-30 18:04:30,984 - vector_service - INFO - 벡터 스토어 검증 완료: 정상
2025-05-30 18:04:31,209 - vector_service - INFO - 유사도 계산 완료 (소요시간: 0.07초)
2025-05-30 18:05:00,294 - vector_service - INFO - 유사도 계산 완료 (소요시간: 0.07초)
2025-05-30 18:23:28,438 - vector_service - INFO - 유사도 계산 완료 (소요시간: 0.07초)
2025-05-30 18:23:53,912 - vector_service - INFO - 유사도 계산 완료 (소요시간: 0.07초)
2025-05-30 18:24:32,269 - vector_service - INFO - 유사도 계산 완료 (소요시간: 0.09초)
2025-05-30 18:25:21,448 - vector_service - INFO - 유사도 계산 완료 (소요시간: 0.08초)
2025-05-30 18:25:30,155 - vector_service - INFO - 유사도 계산 완료 (소요시간: 0.08초)
2025-05-30 18:27:07,442 - vector_service - INFO - 유사도 계산 완료 (소요시간: 0.07초)
2025-05-30 18:28:55,439 - vector_service - INFO - 유사도 계산 완료 (소요시간: 0.07초)
2025-05-30 18:29:41,203 - vector_service - INFO - 유사도 계산 완료 (소요시간: 0.09초)
2025-05-30 18:33:35,637 - vector_service - INFO - 유사도 계산 완료 (소요시간: 0.06초)
2025-05-30 18:34:06,695 - vector_service - INFO - 유사도 계산 완료 (소요시간: 0.08초)
2025-05-30 18:38:29,012 - vector_service - INFO - 유사도 계산 완료 (소요시간: 0.10초)
2025-05-30 18:38:38,051 - vector_service - INFO - 유사도 계산 완료 (소요시간: 0.08초)
2025-05-30 18:46:06,207 - vector_service - INFO - 벡터 스토어 초기화 시작
2025-05-30 18:46:06,221 - vector_service - INFO - 메타데이터 로드 완료: 26개 패턴
2025-05-30 18:46:06,223 - vector_service - INFO - 총 26개의 패턴 메타데이터 로드 완료
2025-05-30 18:46:06,237 - vector_service - INFO - 갱신이 필요한 패턴이 없습니다.
2025-05-30 18:46:06,239 - vector_service - INFO - 벡터 스토어 검증 시작
2025-05-30 18:46:06,253 - vector_service - INFO - 총 패턴 수: 26
2025-05-30 18:46:06,254 - vector_service - INFO - 총 벡터 수: 26
2025-05-30 18:46:06,257 - vector_service - INFO - 벡터 스토어 검증 완료: 정상
2025-05-30 18:49:20,358 - vector_service - INFO - 벡터 스토어 초기화 시작
2025-05-30 18:49:20,372 - vector_service - INFO - 메타데이터 로드 완료: 26개 패턴
2025-05-30 18:49:20,373 - vector_service - INFO - 총 26개의 패턴 메타데이터 로드 완료
2025-05-30 18:49:20,388 - vector_service - INFO - 갱신이 필요한 패턴이 없습니다.
2025-05-30 18:49:20,390 - vector_service - INFO - 벡터 스토어 검증 시작
2025-05-30 18:49:20,414 - vector_service - INFO - 총 패턴 수: 26
2025-05-30 18:49:20,415 - vector_service - INFO - 총 벡터 수: 26
2025-05-30 18:49:20,418 - vector_service - INFO - 벡터 스토어 검증 완료: 정상
2025-05-30 18:56:10,954 - vector_service - INFO - 벡터 스토어 초기화 시작
2025-05-30 18:56:10,972 - vector_service - INFO - 메타데이터 로드 완료: 26개 패턴
2025-05-30 18:56:10,974 - vector_service - INFO - 총 26개의 패턴 메타데이터 로드 완료
2025-05-30 18:56:10,990 - vector_service - INFO - 갱신이 필요한 패턴이 없습니다.
2025-05-30 18:56:10,991 - vector_service - INFO - 벡터 스토어 검증 시작
2025-05-30 18:56:11,028 - vector_service - INFO - 총 패턴 수: 26
2025-05-30 18:56:11,029 - vector_service - INFO - 총 벡터 수: 26
2025-05-30 18:56:11,032 - vector_service - INFO - 벡터 스토어 검증 완료: 정상
2025-05-30 18:56:16,521 - vector_service - INFO - 유사도 계산 완료 (소요시간: 0.08초)
2025-05-30 18:56:27,627 - vector_service - INFO - 유사도 계산 완료 (소요시간: 0.08초)
2025-05-30 18:58:37,177 - vector_service - INFO - 유사도 계산 완료 (소요시간: 0.12초)
2025-05-30 18:58:47,424 - vector_service - INFO - 유사도 계산 완료 (소요시간: 0.08초)
2025-05-30 19:19:35,670 - vector_service - INFO - 유사도 계산 완료 (소요시간: 0.07초)
2025-05-30 19:24:12,949 - vector_service - INFO - 유사도 계산 완료 (소요시간: 0.08초)
2025-05-30 19:28:06,951 - vector_service - INFO - 유사도 계산 완료 (소요시간: 0.07초)
2025-05-30 19:36:20,225 - vector_service - INFO - 벡터 스토어 초기화 시작
2025-05-30 19:36:20,244 - vector_service - INFO - 메타데이터 로드 완료: 32개 패턴
2025-05-30 19:36:20,245 - vector_service - INFO - 총 32개의 패턴 메타데이터 로드 완료
2025-05-30 19:36:20,270 - vector_service - INFO - 총 6개의 패턴 벡터 생성 시작
2025-05-30 19:36:20,968 - vector_service - INFO - 벡터 처리 완료
2025-05-30 19:36:20,970 - vector_service - INFO - 벡터 스토어 검증 시작
2025-05-30 19:36:21,044 - vector_service - INFO - 총 패턴 수: 35
2025-05-30 19:36:21,045 - vector_service - INFO - 총 벡터 수: 35
2025-05-30 19:36:21,060 - vector_service - INFO - 벡터 스토어 검증 완료: 정상
2025-05-30 19:36:40,781 - vector_service - INFO - 벡터 스토어 초기화 시작
2025-05-30 19:36:40,806 - vector_service - INFO - 메타데이터 로드 완료: 32개 패턴
2025-05-30 19:36:40,808 - vector_service - INFO - 총 32개의 패턴 메타데이터 로드 완료
2025-05-30 19:36:40,820 - vector_service - INFO - 총 3개의 패턴 벡터 생성 시작
2025-05-30 19:36:41,717 - vector_service - INFO - 벡터 처리 완료
2025-05-30 19:36:41,718 - vector_service - INFO - 벡터 스토어 검증 시작
2025-05-30 19:36:41,732 - vector_service - INFO - 총 패턴 수: 38
2025-05-30 19:36:41,733 - vector_service - INFO - 총 벡터 수: 38
2025-05-30 19:36:41,735 - vector_service - INFO - 벡터 스토어 검증 완료: 정상
2025-05-30 19:37:17,092 - vector_service - INFO - 유사도 계산 완료 (소요시간: 0.10초)
2025-05-30 19:38:01,004 - vector_service - INFO - 유사도 계산 완료 (소요시간: 0.09초)
2025-05-30 19:38:13,313 - vector_service - INFO - 유사도 계산 완료 (소요시간: 0.11초)
2025-05-30 19:38:19,459 - vector_service - INFO - 유사도 계산 완료 (소요시간: 0.11초)
2025-05-30 19:40:42,560 - vector_service - INFO - 유사도 계산 완료 (소요시간: 0.10초)
2025-05-30 19:43:30,769 - vector_service - INFO - 유사도 계산 완료 (소요시간: 0.09초)
2025-05-30 19:43:57,184 - vector_service - INFO - 유사도 계산 완료 (소요시간: 0.08초)
2025-05-30 19:45:38,449 - vector_service - INFO - 벡터 스토어 초기화 시작
2025-05-30 19:45:38,464 - vector_service - INFO - 메타데이터 로드 완료: 32개 패턴
2025-05-30 19:45:38,465 - vector_service - INFO - 총 32개의 패턴 메타데이터 로드 완료
2025-05-30 19:45:38,484 - vector_service - INFO - 총 3개의 패턴 벡터 생성 시작
2025-05-30 19:45:38,661 - vector_service - INFO - 벡터 처리 완료
2025-05-30 19:45:38,662 - vector_service - INFO - 벡터 스토어 검증 시작
2025-05-30 19:45:38,677 - vector_service - INFO - 총 패턴 수: 41
2025-05-30 19:45:38,678 - vector_service - INFO - 총 벡터 수: 41
2025-05-30 19:45:38,680 - vector_service - INFO - 벡터 스토어 검증 완료: 정상
2025-05-30 19:46:55,065 - vector_service - INFO - 벡터 스토어 초기화 시작
2025-05-30 19:46:55,087 - vector_service - INFO - 메타데이터 로드 완료: 32개 패턴
2025-05-30 19:46:55,088 - vector_service - INFO - 총 32개의 패턴 메타데이터 로드 완료
2025-05-30 19:46:55,112 - vector_service - INFO - 총 3개의 패턴 벡터 생성 시작
2025-05-30 19:46:55,413 - vector_service - INFO - 벡터 처리 완료
2025-05-30 19:46:55,415 - vector_service - INFO - 벡터 스토어 검증 시작
2025-05-30 19:46:55,465 - vector_service - INFO - 총 패턴 수: 44
2025-05-30 19:46:55,465 - vector_service - INFO - 총 벡터 수: 44
2025-05-30 19:46:55,467 - vector_service - INFO - 벡터 스토어 검증 완료: 정상
2025-05-30 19:47:23,461 - vector_service - INFO - 유사도 계산 완료 (소요시간: 0.11초)
2025-05-30 19:48:11,347 - vector_service - INFO - 벡터 스토어 초기화 시작
2025-05-30 19:48:11,370 - vector_service - INFO - 메타데이터 로드 완료: 32개 패턴
2025-05-30 19:48:11,371 - vector_service - INFO - 총 32개의 패턴 메타데이터 로드 완료
2025-05-30 19:48:11,392 - vector_service - INFO - 총 3개의 패턴 벡터 생성 시작
2025-05-30 19:48:11,589 - vector_service - INFO - 벡터 처리 완료
2025-05-30 19:48:11,591 - vector_service - INFO - 벡터 스토어 검증 시작
2025-05-30 19:48:11,601 - vector_service - INFO - 총 패턴 수: 47
2025-05-30 19:48:11,601 - vector_service - INFO - 총 벡터 수: 47
2025-05-30 19:48:11,604 - vector_service - INFO - 벡터 스토어 검증 완료: 정상
2025-05-30 19:48:42,862 - vector_service - INFO - 벡터 스토어 초기화 시작
2025-05-30 19:48:42,897 - vector_service - INFO - 메타데이터 로드 완료: 32개 패턴
2025-05-30 19:48:42,898 - vector_service - INFO - 총 32개의 패턴 메타데이터 로드 완료
2025-05-30 19:48:42,911 - vector_service - INFO - 총 3개의 패턴 벡터 생성 시작
2025-05-30 19:48:43,149 - vector_service - INFO - 벡터 처리 완료
2025-05-30 19:48:43,150 - vector_service - INFO - 벡터 스토어 검증 시작
2025-05-30 19:48:43,189 - vector_service - INFO - 총 패턴 수: 50
2025-05-30 19:48:43,189 - vector_service - INFO - 총 벡터 수: 50
2025-05-30 19:48:43,192 - vector_service - INFO - 벡터 스토어 검증 완료: 정상
2025-05-30 19:48:47,643 - vector_service - INFO - 유사도 계산 완료 (소요시간: 0.10초)
2025-05-30 19:48:52,745 - vector_service - INFO - 유사도 계산 완료 (소요시간: 0.11초)
2025-05-30 19:50:42,070 - vector_service - INFO - 벡터 스토어 초기화 시작
2025-05-30 19:50:42,086 - vector_service - INFO - 메타데이터 로드 완료: 38개 패턴
2025-05-30 19:50:42,087 - vector_service - INFO - 총 38개의 패턴 메타데이터 로드 완료
2025-05-30 19:50:42,100 - vector_service - INFO - 총 9개의 패턴 벡터 생성 시작
2025-05-30 19:50:42,550 - vector_service - INFO - 벡터 처리 완료
2025-05-30 19:50:42,552 - vector_service - INFO - 벡터 스토어 검증 시작
2025-05-30 19:50:42,595 - vector_service - INFO - 총 패턴 수: 59
2025-05-30 19:50:42,596 - vector_service - INFO - 총 벡터 수: 59
2025-05-30 19:50:42,598 - vector_service - INFO - 벡터 스토어 검증 완료: 정상
2025-05-30 19:50:55,733 - vector_service - INFO - 유사도 계산 완료 (소요시간: 0.11초)
2025-05-30 19:50:59,307 - vector_service - INFO - 유사도 계산 완료 (소요시간: 0.13초)
2025-05-30 19:52:27,401 - vector_service - INFO - 유사도 계산 완료 (소요시간: 0.19초)
2025-05-30 19:55:23,583 - vector_service - INFO - 유사도 계산 완료 (소요시간: 0.11초)
2025-05-30 19:55:34,663 - vector_service - INFO - 유사도 계산 완료 (소요시간: 0.14초)
2025-05-30 19:56:07,257 - vector_service - INFO - 벡터 스토어 초기화 시작
2025-05-30 19:56:07,274 - vector_service - INFO - 메타데이터 로드 완료: 45개 패턴
2025-05-30 19:56:07,275 - vector_service - INFO - 총 45개의 패턴 메타데이터 로드 완료
2025-05-30 19:56:07,297 - vector_service - INFO - 총 10개의 패턴 벡터 생성 시작
2025-05-30 19:56:07,709 - vector_service - INFO - 벡터 처리 완료
2025-05-30 19:56:07,710 - vector_service - INFO - 벡터 스토어 검증 시작
2025-05-30 19:56:07,763 - vector_service - INFO - 총 패턴 수: 69
2025-05-30 19:56:07,764 - vector_service - INFO - 총 벡터 수: 69
2025-05-30 19:56:07,769 - vector_service - INFO - 벡터 스토어 검증 완료: 정상
2025-05-30 19:56:24,908 - vector_service - INFO - 유사도 계산 완료 (소요시간: 0.13초)
2025-05-30 19:59:06,225 - vector_service - INFO - 벡터 스토어 초기화 시작
2025-05-30 19:59:06,267 - vector_service - INFO - 메타데이터 로드 완료: 45개 패턴
2025-05-30 19:59:06,276 - vector_service - INFO - 총 45개의 패턴 메타데이터 로드 완료
2025-05-30 19:59:06,322 - vector_service - INFO - 총 3개의 패턴 벡터 생성 시작
2025-05-30 19:59:06,814 - vector_service - INFO - 벡터 처리 완료
2025-05-30 19:59:06,816 - vector_service - INFO - 벡터 스토어 검증 시작
2025-05-30 19:59:06,879 - vector_service - INFO - 총 패턴 수: 72
2025-05-30 19:59:06,879 - vector_service - INFO - 총 벡터 수: 72
2025-05-30 19:59:06,882 - vector_service - INFO - 벡터 스토어 검증 완료: 정상
2025-05-30 20:01:02,613 - vector_service - INFO - 벡터 스토어 초기화 시작
2025-05-30 20:01:02,703 - vector_service - INFO - 메타데이터 로드 완료: 45개 패턴
2025-05-30 20:01:02,707 - vector_service - INFO - 총 45개의 패턴 메타데이터 로드 완료
2025-05-30 20:01:02,728 - vector_service - INFO - 총 3개의 패턴 벡터 생성 시작
2025-05-30 20:01:03,038 - vector_service - INFO - 벡터 처리 완료
2025-05-30 20:01:03,041 - vector_service - INFO - 벡터 스토어 검증 시작
2025-05-30 20:01:03,077 - vector_service - INFO - 총 패턴 수: 75
2025-05-30 20:01:03,078 - vector_service - INFO - 총 벡터 수: 75
2025-05-30 20:01:03,080 - vector_service - INFO - 벡터 스토어 검증 완료: 정상
2025-05-30 20:01:13,928 - vector_service - INFO - 유사도 계산 완료 (소요시간: 0.18초)
2025-05-30 20:03:08,026 - vector_service - INFO - 유사도 계산 완료 (소요시간: 0.14초)
2025-05-30 20:03:12,486 - vector_service - INFO - 유사도 계산 완료 (소요시간: 0.14초)
2025-05-30 20:03:48,554 - vector_service - INFO - 벡터 스토어 초기화 시작
2025-05-30 20:03:48,571 - vector_service - INFO - 메타데이터 로드 완료: 45개 패턴
2025-05-30 20:03:48,573 - vector_service - INFO - 총 45개의 패턴 메타데이터 로드 완료
2025-05-30 20:03:48,597 - vector_service - INFO - 총 3개의 패턴 벡터 생성 시작
2025-05-30 20:03:48,903 - vector_service - INFO - 벡터 처리 완료
2025-05-30 20:03:48,905 - vector_service - INFO - 벡터 스토어 검증 시작
2025-05-30 20:03:48,936 - vector_service - INFO - 총 패턴 수: 78
2025-05-30 20:03:48,937 - vector_service - INFO - 총 벡터 수: 78
2025-05-30 20:03:48,939 - vector_service - INFO - 벡터 스토어 검증 완료: 정상
2025-05-30 20:03:53,883 - vector_service - INFO - 유사도 계산 완료 (소요시간: 0.14초)
2025-05-30 20:05:18,456 - vector_service - INFO - 유사도 계산 완료 (소요시간: 0.15초)
2025-05-30 20:06:58,258 - vector_service - INFO - 벡터 스토어 초기화 시작
2025-05-30 20:06:58,271 - vector_service - INFO - 메타데이터 로드 완료: 45개 패턴
2025-05-30 20:06:58,272 - vector_service - INFO - 총 45개의 패턴 메타데이터 로드 완료
2025-05-30 20:06:58,285 - vector_service - INFO - 총 3개의 패턴 벡터 생성 시작
2025-05-30 20:06:58,464 - vector_service - INFO - 벡터 처리 완료
2025-05-30 20:06:58,465 - vector_service - INFO - 벡터 스토어 검증 시작
2025-05-30 20:06:58,478 - vector_service - INFO - 총 패턴 수: 81
2025-05-30 20:06:58,478 - vector_service - INFO - 총 벡터 수: 81
2025-05-30 20:06:58,480 - vector_service - INFO - 벡터 스토어 검증 완료: 정상
2025-05-30 20:07:03,302 - vector_service - INFO - 유사도 계산 완료 (소요시간: 0.16초)
2025-05-30 20:07:58,558 - vector_service - INFO - 유사도 계산 완료 (소요시간: 0.15초)
2025-05-30 20:08:03,302 - vector_service - INFO - 유사도 계산 완료 (소요시간: 0.18초)
2025-05-30 20:08:11,843 - vector_service - INFO - 유사도 계산 완료 (소요시간: 0.11초)
2025-05-30 20:08:24,523 - vector_service - INFO - 유사도 계산 완료 (소요시간: 0.15초)
2025-05-30 20:08:36,097 - vector_service - INFO - 유사도 계산 완료 (소요시간: 0.13초)
2025-05-30 20:09:44,866 - vector_service - INFO - 벡터 스토어 초기화 시작
2025-05-30 20:09:44,883 - vector_service - INFO - 메타데이터 로드 완료: 45개 패턴
2025-05-30 20:09:44,885 - vector_service - INFO - 총 45개의 패턴 메타데이터 로드 완료
2025-05-30 20:09:44,915 - vector_service - INFO - 총 3개의 패턴 벡터 생성 시작
2025-05-30 20:09:45,303 - vector_service - INFO - 벡터 처리 완료
2025-05-30 20:09:45,307 - vector_service - INFO - 벡터 스토어 검증 시작
2025-05-30 20:09:45,361 - vector_service - INFO - 총 패턴 수: 84
2025-05-30 20:09:45,362 - vector_service - INFO - 총 벡터 수: 84
2025-05-30 20:09:45,371 - vector_service - INFO - 벡터 스토어 검증 완료: 정상
2025-05-30 20:09:45,664 - vector_service - INFO - 유사도 계산 완료 (소요시간: 0.15초)
2025-05-30 20:09:52,998 - vector_service - INFO - 유사도 계산 완료 (소요시간: 0.17초)
2025-05-30 20:10:19,510 - vector_service - INFO - 유사도 계산 완료 (소요시간: 0.19초)
2025-05-30 20:10:48,474 - vector_service - INFO - 벡터 스토어 초기화 시작
2025-05-30 20:10:48,514 - vector_service - INFO - 메타데이터 로드 완료: 45개 패턴
2025-05-30 20:10:48,515 - vector_service - INFO - 총 45개의 패턴 메타데이터 로드 완료
2025-05-30 20:10:48,538 - vector_service - INFO - 총 3개의 패턴 벡터 생성 시작
2025-05-30 20:10:48,742 - vector_service - INFO - 벡터 처리 완료
2025-05-30 20:10:48,744 - vector_service - INFO - 벡터 스토어 검증 시작
2025-05-30 20:10:48,761 - vector_service - INFO - 총 패턴 수: 87
2025-05-30 20:10:48,762 - vector_service - INFO - 총 벡터 수: 87
2025-05-30 20:10:48,764 - vector_service - INFO - 벡터 스토어 검증 완료: 정상
2025-05-30 20:10:54,622 - vector_service - INFO - 유사도 계산 완료 (소요시간: 0.18초)
2025-05-30 20:16:13,094 - vector_service - INFO - 벡터 스토어 초기화 시작
2025-05-30 20:16:13,173 - vector_service - INFO - 메타데이터 로드 완료: 45개 패턴
2025-05-30 20:16:13,174 - vector_service - INFO - 총 45개의 패턴 메타데이터 로드 완료
2025-05-30 20:16:13,231 - vector_service - INFO - 총 3개의 패턴 벡터 생성 시작
2025-05-30 20:16:13,512 - vector_service - INFO - 벡터 처리 완료
2025-05-30 20:16:13,514 - vector_service - INFO - 벡터 스토어 검증 시작
2025-05-30 20:16:13,527 - vector_service - INFO - 총 패턴 수: 90
2025-05-30 20:16:13,528 - vector_service - INFO - 총 벡터 수: 90
2025-05-30 20:16:13,530 - vector_service - INFO - 벡터 스토어 검증 완료: 정상
2025-05-30 20:16:28,966 - vector_service - INFO - 유사도 계산 완료 (소요시간: 0.17초)
2025-05-30 20:17:05,167 - vector_service - INFO - 유사도 계산 완료 (소요시간: 0.17초)
2025-05-30 20:18:47,851 - vector_service - INFO - 유사도 계산 완료 (소요시간: 0.21초)
2025-05-30 20:21:17,864 - vector_service - INFO - 유사도 계산 완료 (소요시간: 0.19초)
2025-05-30 20:22:20,043 - vector_service - INFO - 유사도 계산 완료 (소요시간: 0.15초)
2025-05-30 20:22:25,117 - vector_service - INFO - 유사도 계산 완료 (소요시간: 0.15초)
2025-05-30 20:22:42,233 - vector_service - INFO - 유사도 계산 완료 (소요시간: 0.17초)
2025-05-30 20:22:48,418 - vector_service - INFO - 유사도 계산 완료 (소요시간: 0.14초)
2025-05-30 20:23:22,231 - vector_service - INFO - 유사도 계산 완료 (소요시간: 0.16초)
2025-05-30 20:23:27,092 - vector_service - INFO - 유사도 계산 완료 (소요시간: 0.13초)
2025-05-30 20:23:33,803 - vector_service - INFO - 유사도 계산 완료 (소요시간: 0.15초)
2025-05-30 20:23:46,778 - vector_service - INFO - 유사도 계산 완료 (소요시간: 0.50초)
2025-05-30 20:24:26,468 - vector_service - INFO - 유사도 계산 완료 (소요시간: 0.14초)
2025-05-30 20:24:54,287 - vector_service - INFO - 유사도 계산 완료 (소요시간: 0.15초)
2025-05-30 20:26:15,539 - vector_service - INFO - 유사도 계산 완료 (소요시간: 0.16초)
2025-05-30 20:28:46,560 - vector_service - INFO - 유사도 계산 완료 (소요시간: 0.14초)
2025-05-30 20:30:58,585 - vector_service - INFO - 유사도 계산 완료 (소요시간: 0.22초)
2025-05-30 20:31:08,801 - vector_service - INFO - 유사도 계산 완료 (소요시간: 0.19초)
2025-05-30 20:31:20,121 - vector_service - INFO - 유사도 계산 완료 (소요시간: 0.19초)
2025-05-30 20:31:30,242 - vector_service - INFO - 유사도 계산 완료 (소요시간: 0.47초)
2025-05-30 20:32:12,087 - vector_service - INFO - 유사도 계산 완료 (소요시간: 0.39초)
2025-05-30 20:34:10,722 - vector_service - INFO - 유사도 계산 완료 (소요시간: 0.15초)
2025-05-30 20:39:57,192 - vector_service - INFO - 유사도 계산 완료 (소요시간: 0.17초)
2025-05-30 20:40:45,890 - vector_service - INFO - 유사도 계산 완료 (소요시간: 0.17초)
2025-05-30 20:42:32,294 - vector_service - INFO - 유사도 계산 완료 (소요시간: 0.20초)
2025-05-30 20:42:34,902 - vector_service - INFO - 유사도 계산 완료 (소요시간: 0.16초)
2025-05-30 20:42:41,810 - vector_service - INFO - 유사도 계산 완료 (소요시간: 0.12초)
2025-05-30 20:46:55,302 - vector_service - INFO - 유사도 계산 완료 (소요시간: 0.20초)
2025-05-30 20:47:05,537 - vector_service - INFO - 유사도 계산 완료 (소요시간: 0.16초)
2025-05-30 20:47:14,697 - vector_service - INFO - 유사도 계산 완료 (소요시간: 0.17초)
2025-05-30 20:47:20,514 - vector_service - INFO - 유사도 계산 완료 (소요시간: 0.13초)
2025-05-30 20:51:00,087 - vector_service - INFO - 벡터 스토어 초기화 시작
2025-05-30 20:51:00,103 - vector_service - INFO - 메타데이터 로드 완료: 40개 패턴
2025-05-30 20:51:00,104 - vector_service - INFO - 총 40개의 패턴 메타데이터 로드 완료
2025-05-30 20:51:00,143 - vector_service - INFO - 총 3개의 패턴 벡터 생성 시작
2025-05-30 20:51:00,416 - vector_service - INFO - 벡터 처리 완료
2025-05-30 20:51:00,418 - vector_service - INFO - 벡터 스토어 검증 시작
2025-05-30 20:51:00,501 - vector_service - INFO - 총 패턴 수: 88
2025-05-30 20:51:00,502 - vector_service - INFO - 총 벡터 수: 88
2025-05-30 20:51:00,504 - vector_service - INFO - 벡터 스토어 검증 완료: 정상
2025-05-30 20:51:25,546 - vector_service - INFO - 벡터 스토어 초기화 시작
2025-05-30 20:51:25,565 - vector_service - INFO - 메타데이터 로드 완료: 40개 패턴
2025-05-30 20:51:25,566 - vector_service - INFO - 총 40개의 패턴 메타데이터 로드 완료
2025-05-30 20:51:25,579 - vector_service - INFO - 총 3개의 패턴 벡터 생성 시작
2025-05-30 20:51:25,788 - vector_service - INFO - 벡터 처리 완료
2025-05-30 20:51:25,790 - vector_service - INFO - 벡터 스토어 검증 시작
2025-05-30 20:51:25,802 - vector_service - INFO - 총 패턴 수: 91
2025-05-30 20:51:25,802 - vector_service - INFO - 총 벡터 수: 91
2025-05-30 20:51:25,805 - vector_service - INFO - 벡터 스토어 검증 완료: 정상
2025-05-30 20:51:30,784 - vector_service - INFO - 유사도 계산 완료 (소요시간: 0.15초)
2025-05-30 20:51:35,282 - vector_service - INFO - 유사도 계산 완료 (소요시간: 0.14초)
2025-05-30 20:51:41,011 - vector_service - INFO - 유사도 계산 완료 (소요시간: 0.13초)
2025-05-30 20:51:55,330 - vector_service - INFO - 유사도 계산 완료 (소요시간: 0.18초)
2025-05-30 20:52:04,450 - vector_service - INFO - 유사도 계산 완료 (소요시간: 0.17초)
2025-05-30 20:53:01,738 - vector_service - INFO - 유사도 계산 완료 (소요시간: 0.17초)
2025-05-30 20:53:04,539 - vector_service - INFO - 유사도 계산 완료 (소요시간: 0.14초)
2025-05-30 20:53:06,945 - vector_service - INFO - 유사도 계산 완료 (소요시간: 0.16초)
2025-05-30 20:53:15,747 - vector_service - INFO - 유사도 계산 완료 (소요시간: 0.27초)
